#
# There is insufficient memory for the Java Runtime Environment to continue.
# Native memory allocation (malloc) failed to allocate 65552 bytes for Chunk::new
# Possible reasons:
#   The system is out of physical RAM or swap space
#   In 32 bit mode, the process size limit was hit
# Possible solutions:
#   Reduce memory load on the system
#   Increase physical memory or swap space
#   Check if swap backing store is full
#   Use 64 bit Java on a 64 bit OS
#   Decrease Java heap size (-Xmx/-Xms)
#   Decrease number of Java threads
#   Decrease Java thread stack sizes (-Xss)
#   Set larger code cache with -XX:ReservedCodeCacheSize=
# This output file may be truncated or incomplete.
#
#  Out of Memory Error (allocation.cpp:390), pid=10792, tid=0x00000000000038f4
#
# JRE version: OpenJDK Runtime Environment (8.0_152-b02) (build 1.8.0_152-release-1024-b02)
# Java VM: OpenJDK 64-Bit Server VM (25.152-b02 mixed mode windows-amd64 compressed oops)
# Failed to write core dump. Minidumps are not enabled by default on client versions of Windows
#

---------------  T H R E A D  ---------------

Current thread (0x0000000017c1d000):  JavaThread "C2 CompilerThread1" daemon [_thread_in_native, id=14580, stack(0x0000000019970000,0x0000000019a70000)]

Stack: [0x0000000019970000,0x0000000019a70000]
[error occurred during error reporting (printing stack bounds), id 0xc0000005]

Native frames: (J=compiled Java code, j=interpreted, Vv=VM code, C=native code)


Current CompileTask:
C2:   2432 1543       4       java.net.URLClassLoader$1::run (5 bytes)


---------------  P R O C E S S  ---------------

Java Threads: ( => current thread )
  0x000000001bdae000 JavaThread "Cache worker for file hash cache (C:\Users\Andria\Documents\GitHub\FitnessPal\.gradle\4.4\fileHashes)" [_thread_blocked, id=9520, stack(0x000000001d650000,0x000000001d750000)]
  0x000000001bce7800 JavaThread "File lock request listener" [_thread_in_native, id=16748, stack(0x000000001d550000,0x000000001d650000)]
  0x000000001bc30800 JavaThread "Cache worker for file hash cache (C:\Users\Andria\.gradle\caches\4.4\fileHashes)" [_thread_blocked, id=9532, stack(0x000000001d450000,0x000000001d550000)]
  0x000000001bb7e000 JavaThread "Stdin handler" [_thread_blocked, id=4368, stack(0x000000001d150000,0x000000001d250000)]
  0x000000001bc03800 JavaThread "Asynchronous log dispatcher for DefaultDaemonConnection: socket connection from /127.0.0.1:59655 to /127.0.0.1:59656" [_thread_blocked, id=8544, stack(0x000000001d050000,0x000000001d150000)]
  0x000000001bc00800 JavaThread "Daemon worker" [_thread_in_native, id=18060, stack(0x000000001cf50000,0x000000001d050000)]
  0x000000001bba3000 JavaThread "Cancel handler" [_thread_blocked, id=7672, stack(0x000000001ce50000,0x000000001cf50000)]
  0x000000001b99e800 JavaThread "Handler for socket connection from /127.0.0.1:59655 to /127.0.0.1:59656" [_thread_in_native, id=12800, stack(0x000000001cb50000,0x000000001cc50000)]
  0x000000001b99d800 JavaThread "Daemon" [_thread_blocked, id=16664, stack(0x000000001ca50000,0x000000001cb50000)]
  0x000000001b9a3800 JavaThread "Daemon periodic checks" [_thread_blocked, id=3692, stack(0x000000001c950000,0x000000001ca50000)]
  0x000000001b8a0000 JavaThread "Incoming local TCP Connector on port 59655" [_thread_in_native, id=17568, stack(0x000000001c480000,0x000000001c580000)]
  0x0000000017d0d800 JavaThread "Service Thread" daemon [_thread_blocked, id=17556, stack(0x000000001a570000,0x000000001a670000)]
  0x0000000017cac800 JavaThread "C1 CompilerThread11" daemon [_thread_blocked, id=5704, stack(0x000000001a470000,0x000000001a570000)]
  0x0000000017ca9800 JavaThread "C1 CompilerThread10" daemon [_thread_blocked, id=9876, stack(0x000000001a370000,0x000000001a470000)]
  0x0000000017ca9000 JavaThread "C1 CompilerThread9" daemon [_thread_blocked, id=2280, stack(0x000000001a270000,0x000000001a370000)]
  0x0000000017c98000 JavaThread "C1 CompilerThread8" daemon [_thread_blocked, id=11152, stack(0x000000001a070000,0x000000001a170000)]
  0x0000000017c84800 JavaThread "C2 CompilerThread7" daemon [_thread_blocked, id=15808, stack(0x0000000019f70000,0x000000001a070000)]
  0x0000000017c6b800 JavaThread "C2 CompilerThread6" daemon [_thread_blocked, id=18328, stack(0x0000000019e70000,0x0000000019f70000)]
  0x0000000017c49000 JavaThread "C2 CompilerThread5" daemon [_thread_blocked, id=3680, stack(0x0000000019d70000,0x0000000019e70000)]
  0x0000000017c34000 JavaThread "C2 CompilerThread4" daemon [_thread_blocked, id=12664, stack(0x0000000019c70000,0x0000000019d70000)]
  0x000000001618d000 JavaThread "C2 CompilerThread3" daemon [_thread_blocked, id=16124, stack(0x0000000019b70000,0x0000000019c70000)]
  0x0000000017c1e000 JavaThread "C2 CompilerThread2" daemon [_thread_in_native, id=15288, stack(0x0000000019a70000,0x0000000019b70000)]
=>0x0000000017c1d000 JavaThread "C2 CompilerThread1" daemon [_thread_in_native, id=14580, stack(0x0000000019970000,0x0000000019a70000)]
  0x0000000017c1a000 JavaThread "C2 CompilerThread0" daemon [_thread_blocked, id=16756, stack(0x0000000019870000,0x0000000019970000)]
  0x0000000017c15800 JavaThread "Attach Listener" daemon [_thread_blocked, id=12120, stack(0x0000000019770000,0x0000000019870000)]
  0x0000000017c23800 JavaThread "Signal Dispatcher" daemon [_thread_blocked, id=17432, stack(0x0000000019670000,0x0000000019770000)]
  0x0000000017c06800 JavaThread "Finalizer" daemon [_thread_blocked, id=4168, stack(0x0000000019470000,0x0000000019570000)]
  0x0000000016179000 JavaThread "Reference Handler" daemon [_thread_blocked, id=7684, stack(0x0000000019370000,0x0000000019470000)]
  0x0000000004ced800 JavaThread "main" [_thread_blocked, id=3128, stack(0x0000000004b40000,0x0000000004c40000)]

Other Threads:
  0x0000000017be2800 VMThread [stack: 0x0000000019270000,0x0000000019370000] [id=18360]
  0x0000000017ced000 WatcherThread [stack: 0x000000001a670000,0x000000001a770000] [id=12928]

VM state:not at safepoint (normal execution)

VM Mutex/Monitor currently owned by a thread: None

Heap:
 PSYoungGen      total 38400K, used 16957K [0x00000000fab00000, 0x00000000ff600000, 0x0000000100000000)
  eden space 33280K, 35% used [0x00000000fab00000,0x00000000fb697778,0x00000000fcb80000)
  from space 5120K, 99% used [0x00000000fcb80000,0x00000000fd078020,0x00000000fd080000)
  to   space 5120K, 0% used [0x00000000ff100000,0x00000000ff100000,0x00000000ff600000)
 ParOldGen       total 87552K, used 2157K [0x00000000f0000000, 0x00000000f5580000, 0x00000000fab00000)
  object space 87552K, 2% used [0x00000000f0000000,0x00000000f021b7a0,0x00000000f5580000)
 Metaspace       used 15516K, capacity 15858K, committed 16000K, reserved 1062912K
  class space    used 2184K, capacity 2315K, committed 2432K, reserved 1048576K

Card table byte_map: [0x0000000004c40000,0x0000000004cd0000] byte_map_base: 0x00000000044c0000

Marking Bits: (ParMarkBitMap*) 0x000000005b854970
 Begin Bits: [0x0000000014f10000, 0x0000000015310000)
 End Bits:   [0x0000000015310000, 0x0000000015710000)

Polling page: 0x0000000002d30000

CodeCache: size=245760Kb used=6939Kb max_used=6941Kb free=238820Kb
 bounds [0x0000000004df0000, 0x00000000054c0000, 0x0000000013df0000]
 total_blobs=1926 nmethods=1551 adapters=286
 compilation: enabled

Compilation events (10 events):
Event: 2.391 Thread 0x0000000017ca9000 1551       3       java.io.ByteArrayOutputStream::<init> (43 bytes)
Event: 2.391 Thread 0x0000000017cac800 1552       3       java.io.ByteArrayOutputStream::<init> (7 bytes)
Event: 2.392 Thread 0x0000000017cac800 nmethod 1552 0x00000000054aae50 code [0x00000000054aafc0, 0x00000000054ab148]
Event: 2.392 Thread 0x0000000017cac800 1553       1       sun.misc.ProxyGenerator::access$800 (5 bytes)
Event: 2.392 Thread 0x0000000017cac800 nmethod 1553 0x00000000054aab90 code [0x00000000054aace0, 0x00000000054aadd0]
Event: 2.392 Thread 0x0000000017ca9000 nmethod 1551 0x00000000054b8750 code [0x00000000054b8940, 0x00000000054b92b8]
Event: 2.393 Thread 0x0000000017cac800 1554       3       java.lang.Class::arrayContentsEq (70 bytes)
Event: 2.393 Thread 0x0000000017cac800 nmethod 1554 0x00000000054b8010 code [0x00000000054b81a0, 0x00000000054b85d0]
Event: 2.394 Thread 0x0000000017ca9800 1555       3       sun.misc.ProxyGenerator::access$700 (7 bytes)
Event: 2.395 Thread 0x0000000017ca9800 nmethod 1555 0x00000000054b7b90 code [0x00000000054b7d00, 0x00000000054b7ee8]

GC Heap History (6 events):
Event: 0.789 GC heap before
{Heap before GC invocations=1 (full 0):
 PSYoungGen      total 38400K, used 33280K [0x00000000fab00000, 0x00000000fd580000, 0x0000000100000000)
  eden space 33280K, 100% used [0x00000000fab00000,0x00000000fcb80000,0x00000000fcb80000)
  from space 5120K, 0% used [0x00000000fd080000,0x00000000fd080000,0x00000000fd580000)
  to   space 5120K, 0% used [0x00000000fcb80000,0x00000000fcb80000,0x00000000fd080000)
 ParOldGen       total 87552K, used 0K [0x00000000f0000000, 0x00000000f5580000, 0x00000000fab00000)
  object space 87552K, 0% used [0x00000000f0000000,0x00000000f0000000,0x00000000f5580000)
 Metaspace       used 6896K, capacity 7050K, committed 7168K, reserved 1056768K
  class space    used 841K, capacity 907K, committed 1024K, reserved 1048576K
Event: 0.794 GC heap after
Heap after GC invocations=1 (full 0):
 PSYoungGen      total 38400K, used 4238K [0x00000000fab00000, 0x00000000fd580000, 0x0000000100000000)
  eden space 33280K, 0% used [0x00000000fab00000,0x00000000fab00000,0x00000000fcb80000)
  from space 5120K, 82% used [0x00000000fcb80000,0x00000000fcfa38e8,0x00000000fd080000)
  to   space 5120K, 0% used [0x00000000fd080000,0x00000000fd080000,0x00000000fd580000)
 ParOldGen       total 87552K, used 8K [0x00000000f0000000, 0x00000000f5580000, 0x00000000fab00000)
  object space 87552K, 0% used [0x00000000f0000000,0x00000000f0002000,0x00000000f5580000)
 Metaspace       used 6896K, capacity 7050K, committed 7168K, reserved 1056768K
  class space    used 841K, capacity 907K, committed 1024K, reserved 1048576K
}
Event: 1.796 GC heap before
{Heap before GC invocations=2 (full 0):
 PSYoungGen      total 38400K, used 37518K [0x00000000fab00000, 0x00000000fd580000, 0x0000000100000000)
  eden space 33280K, 100% used [0x00000000fab00000,0x00000000fcb80000,0x00000000fcb80000)
  from space 5120K, 82% used [0x00000000fcb80000,0x00000000fcfa38e8,0x00000000fd080000)
  to   space 5120K, 0% used [0x00000000fd080000,0x00000000fd080000,0x00000000fd580000)
 ParOldGen       total 87552K, used 8K [0x00000000f0000000, 0x00000000f5580000, 0x00000000fab00000)
  object space 87552K, 0% used [0x00000000f0000000,0x00000000f0002000,0x00000000f5580000)
 Metaspace       used 10776K, capacity 11076K, committed 11264K, reserved 1058816K
  class space    used 1411K, capacity 1518K, committed 1536K, reserved 1048576K
Event: 1.804 GC heap after
Heap after GC invocations=2 (full 0):
 PSYoungGen      total 38400K, used 5101K [0x00000000fab00000, 0x00000000fd580000, 0x0000000100000000)
  eden space 33280K, 0% used [0x00000000fab00000,0x00000000fab00000,0x00000000fcb80000)
  from space 5120K, 99% used [0x00000000fd080000,0x00000000fd57b778,0x00000000fd580000)
  to   space 5120K, 0% used [0x00000000fcb80000,0x00000000fcb80000,0x00000000fd080000)
 ParOldGen       total 87552K, used 113K [0x00000000f0000000, 0x00000000f5580000, 0x00000000fab00000)
  object space 87552K, 0% used [0x00000000f0000000,0x00000000f001c5b0,0x00000000f5580000)
 Metaspace       used 10776K, capacity 11076K, committed 11264K, reserved 1058816K
  class space    used 1411K, capacity 1518K, committed 1536K, reserved 1048576K
}
Event: 2.245 GC heap before
{Heap before GC invocations=3 (full 0):
 PSYoungGen      total 38400K, used 38381K [0x00000000fab00000, 0x00000000fd580000, 0x0000000100000000)
  eden space 33280K, 100% used [0x00000000fab00000,0x00000000fcb80000,0x00000000fcb80000)
  from space 5120K, 99% used [0x00000000fd080000,0x00000000fd57b778,0x00000000fd580000)
  to   space 5120K, 0% used [0x00000000fcb80000,0x00000000fcb80000,0x00000000fd080000)
 ParOldGen       total 87552K, used 113K [0x00000000f0000000, 0x00000000f5580000, 0x00000000fab00000)
  object space 87552K, 0% used [0x00000000f0000000,0x00000000f001c5c8,0x00000000f5580000)
 Metaspace       used 14243K, capacity 14578K, committed 14720K, reserved 1062912K
  class space    used 1980K, capacity 2123K, committed 2176K, reserved 1048576K
Event: 2.252 GC heap after
Heap after GC invocations=3 (full 0):
 PSYoungGen      total 38400K, used 5088K [0x00000000fab00000, 0x00000000ff600000, 0x0000000100000000)
  eden space 33280K, 0% used [0x00000000fab00000,0x00000000fab00000,0x00000000fcb80000)
  from space 5120K, 99% used [0x00000000fcb80000,0x00000000fd078020,0x00000000fd080000)
  to   space 5120K, 0% used [0x00000000ff100000,0x00000000ff100000,0x00000000ff600000)
 ParOldGen       total 87552K, used 2157K [0x00000000f0000000, 0x00000000f5580000, 0x00000000fab00000)
  object space 87552K, 2% used [0x00000000f0000000,0x00000000f021b7a0,0x00000000f5580000)
 Metaspace       used 14243K, capacity 14578K, committed 14720K, reserved 1062912K
  class space    used 1980K, capacity 2123K, committed 2176K, reserved 1048576K
}

Deoptimization events (10 events):
Event: 1.155 Thread 0x0000000004ced800 Uncommon trap: reason=bimorphic action=maybe_recompile pc=0x00000000052fe7a0 method=java.util.HashMap.putVal(ILjava/lang/Object;Ljava/lang/Object;ZZ)Ljava/lang/Object; @ 203
Event: 1.322 Thread 0x0000000004ced800 Uncommon trap: reason=unstable_if action=reinterpret pc=0x00000000052b50d0 method=java.io.WinNTFileSystem.normalize(Ljava/lang/String;)Ljava/lang/String; @ 128
Event: 1.322 Thread 0x0000000004ced800 Uncommon trap: reason=unstable_if action=reinterpret pc=0x00000000052e6034 method=java.io.WinNTFileSystem.normalize(Ljava/lang/String;II)Ljava/lang/String; @ 90
Event: 1.878 Thread 0x000000001b99e800 Uncommon trap: reason=unstable_if action=reinterpret pc=0x0000000005372364 method=java.util.concurrent.ConcurrentHashMap.putVal(Ljava/lang/Object;Ljava/lang/Object;Z)Ljava/lang/Object; @ 206
Event: 1.969 Thread 0x000000001bc00800 Uncommon trap: reason=bimorphic action=maybe_recompile pc=0x00000000052fe2c0 method=java.util.HashMap.putVal(ILjava/lang/Object;Ljava/lang/Object;ZZ)Ljava/lang/Object; @ 253
Event: 1.969 Thread 0x000000001bc00800 Uncommon trap: reason=bimorphic action=maybe_recompile pc=0x00000000052fe2c0 method=java.util.HashMap.putVal(ILjava/lang/Object;Ljava/lang/Object;ZZ)Ljava/lang/Object; @ 253
Event: 1.984 Thread 0x000000001bc00800 Uncommon trap: reason=class_check action=maybe_recompile pc=0x000000000525a41c method=java.util.regex.Matcher.match(II)Z @ 86
Event: 2.216 Thread 0x000000001bc00800 Uncommon trap: reason=class_check action=maybe_recompile pc=0x000000000525a41c method=java.util.regex.Matcher.match(II)Z @ 86
Event: 2.217 Thread 0x000000001bc00800 Uncommon trap: reason=class_check action=maybe_recompile pc=0x0000000005221488 method=java.util.regex.Matcher.match(II)Z @ 86
Event: 2.282 Thread 0x000000001bc00800 Uncommon trap: reason=unstable_if action=reinterpret pc=0x000000000544013c method=java.lang.String.lastIndexOf([CII[CIII)I @ 66

Classes redefined (0 events):
No events

Internal exceptions (10 events):
Event: 1.893 Thread 0x000000001b99e800 Exception <a 'java/lang/NoSuchMethodError': <clinit>> (0x00000000fae42af8) thrown at [D:\src\AOSP-openjdk-cygwin\jdk8u\hotspot\src\share\vm\prims\jni.cpp, line 1613]
Event: 1.895 Thread 0x000000001b99e800 Exception <a 'java/lang/NoSuchMethodError': <clinit>> (0x00000000fae5a640) thrown at [D:\src\AOSP-openjdk-cygwin\jdk8u\hotspot\src\share\vm\prims\jni.cpp, line 1613]
Event: 1.895 Thread 0x000000001b99e800 Exception <a 'java/lang/NoSuchMethodError': <clinit>> (0x00000000fae63108) thrown at [D:\src\AOSP-openjdk-cygwin\jdk8u\hotspot\src\share\vm\prims\jni.cpp, line 1613]
Event: 1.897 Thread 0x000000001b99e800 Exception <a 'java/lang/NoSuchMethodError': <clinit>> (0x00000000fae74788) thrown at [D:\src\AOSP-openjdk-cygwin\jdk8u\hotspot\src\share\vm\prims\jni.cpp, line 1613]
Event: 1.912 Thread 0x000000001b99e800 Exception <a 'java/lang/NoSuchMethodError': <clinit>> (0x00000000faee1518) thrown at [D:\src\AOSP-openjdk-cygwin\jdk8u\hotspot\src\share\vm\prims\jni.cpp, line 1613]
Event: 1.917 Thread 0x000000001b99e800 Exception <a 'java/lang/NoSuchMethodError': <clinit>> (0x00000000faf04e10) thrown at [D:\src\AOSP-openjdk-cygwin\jdk8u\hotspot\src\share\vm\prims\jni.cpp, line 1613]
Event: 1.923 Thread 0x000000001b99e800 Exception <a 'java/lang/NoSuchMethodError': <clinit>> (0x00000000faf1fd58) thrown at [D:\src\AOSP-openjdk-cygwin\jdk8u\hotspot\src\share\vm\prims\jni.cpp, line 1613]
Event: 1.928 Thread 0x000000001b99e800 Exception <a 'java/lang/NoSuchMethodError': <clinit>> (0x00000000faf42b78) thrown at [D:\src\AOSP-openjdk-cygwin\jdk8u\hotspot\src\share\vm\prims\jni.cpp, line 1613]
Event: 1.957 Thread 0x000000001bc00800 Exception <a 'java/lang/NoSuchMethodError': <clinit>> (0x00000000fb087560) thrown at [D:\src\AOSP-openjdk-cygwin\jdk8u\hotspot\src\share\vm\prims\jni.cpp, line 1613]
Event: 1.958 Thread 0x000000001bc00800 Exception <a 'java/lang/NoSuchMethodError': <clinit>> (0x00000000fb08f7e8) thrown at [D:\src\AOSP-openjdk-cygwin\jdk8u\hotspot\src\share\vm\prims\jni.cpp, line 1613]

Events (10 events):
Event: 2.424 loading class org/objectweb/asm/FieldWriter
Event: 2.424 loading class org/objectweb/asm/FieldWriter done
Event: 2.425 loading class org/objectweb/asm/ModuleVisitor
Event: 2.425 loading class org/objectweb/asm/ModuleVisitor done
Event: 2.425 loading class org/objectweb/asm/ModuleWriter
Event: 2.425 loading class org/objectweb/asm/ModuleWriter done
Event: 2.427 loading class org/objectweb/asm/ByteVector
Event: 2.427 loading class org/objectweb/asm/ByteVector done
Event: 2.428 loading class org/objectweb/asm/Item
Event: 2.428 loading class org/objectweb/asm/Item done


Dynamic libraries:
0x00007ff710c40000 - 0x00007ff710c71000 	C:\Program Files\Android\Android Studio1\jre\bin\java.exe
0x00007ffa97a50000 - 0x00007ffa97c30000 	C:\WINDOWS\SYSTEM32\ntdll.dll
0x00007ffa96320000 - 0x00007ffa963ce000 	C:\WINDOWS\System32\KERNEL32.DLL
0x00007ffa94740000 - 0x00007ffa949a6000 	C:\WINDOWS\System32\KERNELBASE.dll
0x00007ffa96270000 - 0x00007ffa96311000 	C:\WINDOWS\System32\ADVAPI32.dll
0x00007ffa963d0000 - 0x00007ffa9646d000 	C:\WINDOWS\System32\msvcrt.dll
0x00007ffa95e30000 - 0x00007ffa95e8b000 	C:\WINDOWS\System32\sechost.dll
0x00007ffa95690000 - 0x00007ffa957af000 	C:\WINDOWS\System32\RPCRT4.dll
0x00007ffa957c0000 - 0x00007ffa9594f000 	C:\WINDOWS\System32\USER32.dll
0x00007ffa93fd0000 - 0x00007ffa93ff0000 	C:\WINDOWS\System32\win32u.dll
0x00007ffa95e90000 - 0x00007ffa95eb8000 	C:\WINDOWS\System32\GDI32.dll
0x00007ffa94b80000 - 0x00007ffa94d13000 	C:\WINDOWS\System32\gdi32full.dll
0x00007ffa94d20000 - 0x00007ffa94dbb000 	C:\WINDOWS\System32\msvcp_win.dll
0x00007ffa93e50000 - 0x00007ffa93f46000 	C:\WINDOWS\System32\ucrtbase.dll
0x00007ffa8a170000 - 0x00007ffa8a3d9000 	C:\WINDOWS\WinSxS\amd64_microsoft.windows.common-controls_6595b64144ccf1df_6.0.16299.431_none_15c7d3ee93659e73\COMCTL32.dll
0x00007ffa95f60000 - 0x00007ffa96268000 	C:\WINDOWS\System32\combase.dll
0x00007ffa93f50000 - 0x00007ffa93fc2000 	C:\WINDOWS\System32\bcryptPrimitives.dll
0x00007ffa95030000 - 0x00007ffa9505d000 	C:\WINDOWS\System32\IMM32.DLL
0x000000005aed0000 - 0x000000005afa2000 	C:\Program Files\Android\Android Studio1\jre\jre\bin\msvcr100.dll
0x000000005b090000 - 0x000000005b8cf000 	C:\Program Files\Android\Android Studio1\jre\jre\bin\server\jvm.dll
0x00007ffa95af0000 - 0x00007ffa95af8000 	C:\WINDOWS\System32\PSAPI.DLL
0x00007ffa8eed0000 - 0x00007ffa8eeda000 	C:\WINDOWS\SYSTEM32\VERSION.dll
0x00007ffa92190000 - 0x00007ffa92199000 	C:\WINDOWS\SYSTEM32\WSOCK32.dll
0x00007ffa91d50000 - 0x00007ffa91d73000 	C:\WINDOWS\SYSTEM32\WINMM.dll
0x00007ffa95be0000 - 0x00007ffa95c4c000 	C:\WINDOWS\System32\WS2_32.dll
0x00007ffa91bd0000 - 0x00007ffa91bfa000 	C:\WINDOWS\SYSTEM32\winmmbase.dll
0x00007ffa94e70000 - 0x00007ffa94eba000 	C:\WINDOWS\System32\cfgmgr32.dll
0x00007ffa90dc0000 - 0x00007ffa90dcf000 	C:\Program Files\Android\Android Studio1\jre\jre\bin\verify.dll
0x00007ffa89e00000 - 0x00007ffa89e29000 	C:\Program Files\Android\Android Studio1\jre\jre\bin\java.dll
0x00007ffa90570000 - 0x00007ffa90586000 	C:\Program Files\Android\Android Studio1\jre\jre\bin\zip.dll
0x00007ffa965e0000 - 0x00007ffa97a18000 	C:\WINDOWS\System32\SHELL32.dll
0x00007ffa94f20000 - 0x00007ffa94fc6000 	C:\WINDOWS\System32\shcore.dll
0x00007ffa93ff0000 - 0x00007ffa94737000 	C:\WINDOWS\System32\windows.storage.dll
0x00007ffa954c0000 - 0x00007ffa95511000 	C:\WINDOWS\System32\shlwapi.dll
0x00007ffa93e10000 - 0x00007ffa93e21000 	C:\WINDOWS\System32\kernel.appcore.dll
0x00007ffa93da0000 - 0x00007ffa93dec000 	C:\WINDOWS\System32\powrprof.dll
0x00007ffa93e30000 - 0x00007ffa93e4b000 	C:\WINDOWS\System32\profapi.dll
0x00007ffa8fe50000 - 0x00007ffa8fe6a000 	C:\Program Files\Android\Android Studio1\jre\jre\bin\net.dll
0x00007ffa93630000 - 0x00007ffa93696000 	C:\WINDOWS\system32\mswsock.dll
0x00007ffa89de0000 - 0x00007ffa89df1000 	C:\Program Files\Android\Android Studio1\jre\jre\bin\nio.dll
0x00007ffa8df50000 - 0x00007ffa8df6e000 	C:\Users\Andria\.gradle\native\25\windows-amd64\native-platform.dll
0x00007ffa90ca0000 - 0x00007ffa90cad000 	C:\Program Files\Android\Android Studio1\jre\jre\bin\management.dll
0x00007ffa937f0000 - 0x00007ffa93807000 	C:\WINDOWS\SYSTEM32\CRYPTSP.dll
0x00007ffa93230000 - 0x00007ffa93263000 	C:\WINDOWS\system32\rsaenh.dll
0x00007ffa93900000 - 0x00007ffa93925000 	C:\WINDOWS\SYSTEM32\bcrypt.dll
0x00007ffa93cd0000 - 0x00007ffa93cf9000 	C:\WINDOWS\SYSTEM32\USERENV.dll
0x00007ffa93810000 - 0x00007ffa9381b000 	C:\WINDOWS\SYSTEM32\CRYPTBASE.dll
0x00007ffa933c0000 - 0x00007ffa933f9000 	C:\WINDOWS\SYSTEM32\IPHLPAPI.DLL
0x00007ffa954b0000 - 0x00007ffa954b8000 	C:\WINDOWS\System32\NSI.dll
0x00007ffa8ec00000 - 0x00007ffa8ec16000 	C:\WINDOWS\SYSTEM32\dhcpcsvc6.DLL
0x00007ffa8ed10000 - 0x00007ffa8ed2a000 	C:\WINDOWS\SYSTEM32\dhcpcsvc.DLL

VM Arguments:
jvm_args: -XX:MaxHeapSize=256m -Xmx256m -Dfile.encoding=windows-1252 -Duser.country=GB -Duser.language=en -Duser.variant 
java_command: org.gradle.launcher.daemon.bootstrap.GradleDaemon 4.4
java_class_path (initial): C:\Users\Andria\.gradle\wrapper\dists\gradle-4.4-all\9br9xq1tocpiv8o6njlyu5op1\gradle-4.4\lib\gradle-launcher-4.4.jar
Launcher Type: SUN_STANDARD

Environment Variables:
PATH=C:\Program Files (x86)\Common Files\Oracle\Java\javapath;C:\Program Files\Haskell\bin;C:\Program Files\Haskell Platform\8.2.1\lib\extralibs\bin;C:\Program Files\Haskell Platform\8.2.1\bin;C:\ProgramData\Oracle\Java\javapath;C:\WINDOWS\system32;C:\WINDOWS;C:\WINDOWS\System32\Wbem;C:\WINDOWS\System32\WindowsPowerShell\v1.0\;C:\Program Files (x86)\ATI Technologies\ATI.ACE\Core-Static;C:\Program Files (x86)\NVIDIA Corporation\PhysX\Common;C:\Program Files\Haskell Platform\8.2.1\mingw\bin;C:\WINDOWS\system32;C:\WINDOWS;C:\WINDOWS\System32\Wbem;C:\WINDOWS\System32\WindowsPowerShell\v1.0\;C:\Users\Andria\AppData\Roaming\cabal\bin;C:\Users\Andria\AppData\Roaming\local\bin;C:\Users\Andria\AppData\Local\Microsoft\WindowsApps;C:\Users\Andria\AppData\Local\GitHubDesktop\bin
USERNAME=Andria
OS=Windows_NT
PROCESSOR_IDENTIFIER=AMD64 Family 23 Model 1 Stepping 1, AuthenticAMD



---------------  S Y S T E M  ---------------

OS: Windows 10.0 , 64 bit Build 16299 (10.0.16299.431)

CPU:total 16 (initial active 16) (16 cores per cpu, 1 threads per core) family 23 model 1 stepping 1, cmov, cx8, fxsr, mmx, sse, sse2, sse3, ssse3, sse4.1, sse4.2, popcnt, avx, avx2, aes, clmul, mmxext, 3dnowpref, lzcnt, sse4a, tsc, tscinvbit, tscinv, bmi1

Memory: 4k page, physical 8315436k(1781288k free), swap 8315436k(2272k free)

vm_info: OpenJDK 64-Bit Server VM (25.152-b02) for windows-amd64 JRE (1.8.0_152-release-1024-b02), built by "builder" with MS VC++ 10.0 (VS2010)

time: Sat Jun 02 19:11:09 2018
elapsed time: 2 seconds (0d 0h 0m 2s)

