#
# There is insufficient memory for the Java Runtime Environment to continue.
# Native memory allocation (malloc) failed to allocate 32744 bytes for ChunkPool::allocate
# Possible reasons:
#   The system is out of physical RAM or swap space
#   In 32 bit mode, the process size limit was hit
# Possible solutions:
#   Reduce memory load on the system
#   Increase physical memory or swap space
#   Check if swap backing store is full
#   Use 64 bit Java on a 64 bit OS
#   Decrease Java heap size (-Xmx/-Xms)
#   Decrease number of Java threads
#   Decrease Java thread stack sizes (-Xss)
#   Set larger code cache with -XX:ReservedCodeCacheSize=
# This output file may be truncated or incomplete.
#
#  Out of Memory Error (allocation.cpp:273), pid=2764, tid=0x0000000000004334
#
# JRE version: OpenJDK Runtime Environment (8.0_152-b02) (build 1.8.0_152-release-1024-b02)
# Java VM: OpenJDK 64-Bit Server VM (25.152-b02 mixed mode windows-amd64 compressed oops)
# Failed to write core dump. Minidumps are not enabled by default on client versions of Windows
#

---------------  T H R E A D  ---------------

Current thread (0x000000001b04c800):  JavaThread "C2 CompilerThread5" daemon [_thread_in_native, id=17204, stack(0x000000001d190000,0x000000001d290000)]

Stack: [0x000000001d190000,0x000000001d290000]
[error occurred during error reporting (printing stack bounds), id 0xc0000005]

Native frames: (J=compiled Java code, j=interpreted, Vv=VM code, C=native code)


Current CompileTask:
C2:   2421 1541   !   4       java.net.URLClassLoader$1::run (63 bytes)


---------------  P R O C E S S  ---------------

Java Threads: ( => current thread )
  0x000000001f17f800 JavaThread "Cache worker for file hash cache (C:\Users\Andria\Documents\GitHub\FitnessPal\.gradle\4.4\fileHashes)" [_thread_blocked, id=17156, stack(0x0000000020a70000,0x0000000020b70000)]
  0x000000001f058800 JavaThread "File lock request listener" [_thread_in_native, id=4228, stack(0x0000000020970000,0x0000000020a70000)]
  0x000000001f0a2000 JavaThread "Cache worker for file hash cache (C:\Users\Andria\.gradle\caches\4.4\fileHashes)" [_thread_blocked, id=7144, stack(0x0000000020870000,0x0000000020970000)]
  0x000000001ee95000 JavaThread "Stdin handler" [_thread_blocked, id=12472, stack(0x0000000020570000,0x0000000020670000)]
  0x000000001ee94800 JavaThread "Asynchronous log dispatcher for DefaultDaemonConnection: socket connection from /127.0.0.1:59320 to /127.0.0.1:59321" [_thread_blocked, id=10180, stack(0x0000000020470000,0x0000000020570000)]
  0x000000001ee8f800 JavaThread "Daemon worker" [_thread_in_vm, id=7024, stack(0x0000000020370000,0x0000000020470000)]
  0x000000001ee76000 JavaThread "Cancel handler" [_thread_blocked, id=9224, stack(0x0000000020270000,0x0000000020370000)]
  0x000000001efaa800 JavaThread "Handler for socket connection from /127.0.0.1:59320 to /127.0.0.1:59321" [_thread_in_native, id=5752, stack(0x000000001ff70000,0x0000000020070000)]
  0x000000001dbab800 JavaThread "Daemon" [_thread_blocked, id=400, stack(0x000000001fe70000,0x000000001ff70000)]
  0x000000001ef03800 JavaThread "Daemon periodic checks" [_thread_blocked, id=11856, stack(0x000000001fd70000,0x000000001fe70000)]
  0x000000001ef36000 JavaThread "Incoming local TCP Connector on port 59320" [_thread_in_native, id=8176, stack(0x000000001f8a0000,0x000000001f9a0000)]
  0x000000001b121800 JavaThread "Service Thread" daemon [_thread_blocked, id=8112, stack(0x000000001d990000,0x000000001da90000)]
  0x000000001b04f800 JavaThread "C1 CompilerThread11" daemon [_thread_blocked, id=14144, stack(0x000000001d890000,0x000000001d990000)]
  0x000000001b04b000 JavaThread "C1 CompilerThread10" daemon [_thread_blocked, id=11516, stack(0x000000001d790000,0x000000001d890000)]
  0x000000001b04a800 JavaThread "C1 CompilerThread9" daemon [_thread_blocked, id=10036, stack(0x000000001d590000,0x000000001d690000)]
  0x000000001b051000 JavaThread "C1 CompilerThread8" daemon [_thread_blocked, id=11124, stack(0x000000001d490000,0x000000001d590000)]
  0x000000001b050800 JavaThread "C2 CompilerThread7" daemon [_thread_blocked, id=16660, stack(0x000000001d390000,0x000000001d490000)]
  0x000000001b04d800 JavaThread "C2 CompilerThread6" daemon [_thread_blocked, id=16456, stack(0x000000001d290000,0x000000001d390000)]
=>0x000000001b04c800 JavaThread "C2 CompilerThread5" daemon [_thread_in_native, id=17204, stack(0x000000001d190000,0x000000001d290000)]
  0x000000001b045800 JavaThread "C2 CompilerThread4" daemon [_thread_blocked, id=17760, stack(0x000000001d090000,0x000000001d190000)]
  0x000000001959e000 JavaThread "C2 CompilerThread3" daemon [_thread_blocked, id=1364, stack(0x000000001cf90000,0x000000001d090000)]
  0x0000000019598800 JavaThread "C2 CompilerThread2" daemon [_thread_blocked, id=6440, stack(0x000000001ce90000,0x000000001cf90000)]
  0x000000001b03f000 JavaThread "C2 CompilerThread1" daemon [_thread_in_native, id=17688, stack(0x000000001cd90000,0x000000001ce90000)]
  0x000000001b03c800 JavaThread "C2 CompilerThread0" daemon [_thread_blocked, id=10348, stack(0x000000001cc90000,0x000000001cd90000)]
  0x000000001b03b800 JavaThread "Attach Listener" daemon [_thread_blocked, id=14716, stack(0x000000001cb90000,0x000000001cc90000)]
  0x000000001b038000 JavaThread "Signal Dispatcher" daemon [_thread_blocked, id=18172, stack(0x000000001ca90000,0x000000001cb90000)]
  0x000000001b026800 JavaThread "Finalizer" daemon [_thread_blocked, id=9272, stack(0x000000001c8a0000,0x000000001c9a0000)]
  0x000000001b005800 JavaThread "Reference Handler" daemon [_thread_blocked, id=18392, stack(0x000000001c7a0000,0x000000001c8a0000)]
  0x000000000505d800 JavaThread "main" [_thread_blocked, id=17344, stack(0x00000000050d0000,0x00000000051d0000)]

Other Threads:
  0x000000001b003000 VMThread [stack: 0x000000001c6a0000,0x000000001c7a0000] [id=1924]
  0x000000001b122800 WatcherThread [stack: 0x000000001da90000,0x000000001db90000] [id=16428]

VM state:not at safepoint (normal execution)

VM Mutex/Monitor currently owned by a thread: None

Heap:
 PSYoungGen      total 38400K, used 16017K [0x00000000e0000000, 0x00000000e2a80000, 0x0000000100000000)
  eden space 33280K, 32% used [0x00000000e0000000,0x00000000e0aa8750,0x00000000e2080000)
  from space 5120K, 99% used [0x00000000e2080000,0x00000000e257c010,0x00000000e2580000)
  to   space 5120K, 0% used [0x00000000e2580000,0x00000000e2580000,0x00000000e2a80000)
 ParOldGen       total 87552K, used 2054K [0x00000000a0000000, 0x00000000a5580000, 0x00000000e0000000)
  object space 87552K, 2% used [0x00000000a0000000,0x00000000a0201af8,0x00000000a5580000)
 Metaspace       used 15262K, capacity 15542K, committed 15616K, reserved 1062912K
  class space    used 2149K, capacity 2251K, committed 2304K, reserved 1048576K

Card table byte_map: [0x0000000014690000,0x00000000149a0000] byte_map_base: 0x0000000014190000

Marking Bits: (ParMarkBitMap*) 0x000000005a8b4970
 Begin Bits: [0x00000000158a0000, 0x00000000170a0000)
 End Bits:   [0x00000000170a0000, 0x00000000188a0000)

Polling page: 0x0000000004fa0000

CodeCache: size=245760Kb used=6957Kb max_used=6960Kb free=238802Kb
 bounds [0x00000000052d0000, 0x00000000059a0000, 0x00000000142d0000]
 total_blobs=1924 nmethods=1549 adapters=286
 compilation: enabled

Compilation events (10 events):
Event: 2.414 Thread 0x000000001b04b000 1548       3       java.io.ByteArrayOutputStream::<init> (43 bytes)
Event: 2.414 Thread 0x000000001b04f800 1549       3       java.io.ByteArrayOutputStream::<init> (7 bytes)
Event: 2.414 Thread 0x000000001b04a800 1550       1       sun.misc.ProxyGenerator::access$800 (5 bytes)
Event: 2.414 Thread 0x000000001b04f800 nmethod 1549 0x000000000598d850 code [0x000000000598d9c0, 0x000000000598db48]
Event: 2.414 Thread 0x000000001b04a800 nmethod 1550 0x000000000599d590 code [0x000000000599d6e0, 0x000000000599d7d0]
Event: 2.415 Thread 0x000000001b04b000 nmethod 1548 0x000000000599c610 code [0x000000000599c800, 0x000000000599d178]
Event: 2.416 Thread 0x000000001b051000 1551       3       java.lang.Class::arrayContentsEq (70 bytes)
Event: 2.416 Thread 0x000000001b051000 nmethod 1551 0x000000000599bed0 code [0x000000000599c060, 0x000000000599c490]
Event: 2.417 Thread 0x000000001b04f800 1552       3       sun.misc.ProxyGenerator::access$700 (7 bytes)
Event: 2.417 Thread 0x000000001b04f800 nmethod 1552 0x000000000599ba50 code [0x000000000599bbc0, 0x000000000599bda8]

GC Heap History (6 events):
Event: 0.832 GC heap before
{Heap before GC invocations=1 (full 0):
 PSYoungGen      total 38400K, used 33280K [0x00000000e0000000, 0x00000000e2a80000, 0x0000000100000000)
  eden space 33280K, 100% used [0x00000000e0000000,0x00000000e2080000,0x00000000e2080000)
  from space 5120K, 0% used [0x00000000e2580000,0x00000000e2580000,0x00000000e2a80000)
  to   space 5120K, 0% used [0x00000000e2080000,0x00000000e2080000,0x00000000e2580000)
 ParOldGen       total 87552K, used 0K [0x00000000a0000000, 0x00000000a5580000, 0x00000000e0000000)
  object space 87552K, 0% used [0x00000000a0000000,0x00000000a0000000,0x00000000a5580000)
 Metaspace       used 6903K, capacity 7054K, committed 7424K, reserved 1056768K
  class space    used 841K, capacity 907K, committed 1024K, reserved 1048576K
Event: 0.840 GC heap after
Heap after GC invocations=1 (full 0):
 PSYoungGen      total 38400K, used 4270K [0x00000000e0000000, 0x00000000e2a80000, 0x0000000100000000)
  eden space 33280K, 0% used [0x00000000e0000000,0x00000000e0000000,0x00000000e2080000)
  from space 5120K, 83% used [0x00000000e2080000,0x00000000e24aba08,0x00000000e2580000)
  to   space 5120K, 0% used [0x00000000e2580000,0x00000000e2580000,0x00000000e2a80000)
 ParOldGen       total 87552K, used 8K [0x00000000a0000000, 0x00000000a5580000, 0x00000000e0000000)
  object space 87552K, 0% used [0x00000000a0000000,0x00000000a0002000,0x00000000a5580000)
 Metaspace       used 6903K, capacity 7054K, committed 7424K, reserved 1056768K
  class space    used 841K, capacity 907K, committed 1024K, reserved 1048576K
}
Event: 1.827 GC heap before
{Heap before GC invocations=2 (full 0):
 PSYoungGen      total 38400K, used 37550K [0x00000000e0000000, 0x00000000e2a80000, 0x0000000100000000)
  eden space 33280K, 100% used [0x00000000e0000000,0x00000000e2080000,0x00000000e2080000)
  from space 5120K, 83% used [0x00000000e2080000,0x00000000e24aba08,0x00000000e2580000)
  to   space 5120K, 0% used [0x00000000e2580000,0x00000000e2580000,0x00000000e2a80000)
 ParOldGen       total 87552K, used 8K [0x00000000a0000000, 0x00000000a5580000, 0x00000000e0000000)
  object space 87552K, 0% used [0x00000000a0000000,0x00000000a0002000,0x00000000a5580000)
 Metaspace       used 10765K, capacity 11080K, committed 11264K, reserved 1058816K
  class space    used 1410K, capacity 1518K, committed 1536K, reserved 1048576K
Event: 1.835 GC heap after
Heap after GC invocations=2 (full 0):
 PSYoungGen      total 38400K, used 5101K [0x00000000e0000000, 0x00000000e2a80000, 0x0000000100000000)
  eden space 33280K, 0% used [0x00000000e0000000,0x00000000e0000000,0x00000000e2080000)
  from space 5120K, 99% used [0x00000000e2580000,0x00000000e2a7b778,0x00000000e2a80000)
  to   space 5120K, 0% used [0x00000000e2080000,0x00000000e2080000,0x00000000e2580000)
 ParOldGen       total 87552K, used 155K [0x00000000a0000000, 0x00000000a5580000, 0x00000000e0000000)
  object space 87552K, 0% used [0x00000000a0000000,0x00000000a0026e38,0x00000000a5580000)
 Metaspace       used 10765K, capacity 11080K, committed 11264K, reserved 1058816K
  class space    used 1410K, capacity 1518K, committed 1536K, reserved 1048576K
}
Event: 2.254 GC heap before
{Heap before GC invocations=3 (full 0):
 PSYoungGen      total 38400K, used 38381K [0x00000000e0000000, 0x00000000e2a80000, 0x0000000100000000)
  eden space 33280K, 100% used [0x00000000e0000000,0x00000000e2080000,0x00000000e2080000)
  from space 5120K, 99% used [0x00000000e2580000,0x00000000e2a7b778,0x00000000e2a80000)
  to   space 5120K, 0% used [0x00000000e2080000,0x00000000e2080000,0x00000000e2580000)
 ParOldGen       total 87552K, used 155K [0x00000000a0000000, 0x00000000a5580000, 0x00000000e0000000)
  object space 87552K, 0% used [0x00000000a0000000,0x00000000a0026e38,0x00000000a5580000)
 Metaspace       used 14203K, capacity 14550K, committed 14720K, reserved 1062912K
  class space    used 1974K, capacity 2091K, committed 2176K, reserved 1048576K
Event: 2.262 GC heap after
Heap after GC invocations=3 (full 0):
 PSYoungGen      total 38400K, used 5104K [0x00000000e0000000, 0x00000000e2a80000, 0x0000000100000000)
  eden space 33280K, 0% used [0x00000000e0000000,0x00000000e0000000,0x00000000e2080000)
  from space 5120K, 99% used [0x00000000e2080000,0x00000000e257c010,0x00000000e2580000)
  to   space 5120K, 0% used [0x00000000e2580000,0x00000000e2580000,0x00000000e2a80000)
 ParOldGen       total 87552K, used 2054K [0x00000000a0000000, 0x00000000a5580000, 0x00000000e0000000)
  object space 87552K, 2% used [0x00000000a0000000,0x00000000a0201af8,0x00000000a5580000)
 Metaspace       used 14203K, capacity 14550K, committed 14720K, reserved 1062912K
  class space    used 1974K, capacity 2091K, committed 2176K, reserved 1048576K
}

Deoptimization events (10 events):
Event: 1.191 Thread 0x000000000505d800 Uncommon trap: reason=bimorphic action=maybe_recompile pc=0x00000000057e0d20 method=java.util.HashMap.putVal(ILjava/lang/Object;Ljava/lang/Object;ZZ)Ljava/lang/Object; @ 203
Event: 1.352 Thread 0x000000000505d800 Uncommon trap: reason=unstable_if action=reinterpret pc=0x0000000005796ff4 method=java.io.WinNTFileSystem.normalize(Ljava/lang/String;)Ljava/lang/String; @ 128
Event: 1.352 Thread 0x000000000505d800 Uncommon trap: reason=unstable_if action=reinterpret pc=0x00000000057c98ac method=java.io.WinNTFileSystem.normalize(Ljava/lang/String;II)Ljava/lang/String; @ 90
Event: 1.893 Thread 0x000000001efaa800 Uncommon trap: reason=unstable_if action=reinterpret pc=0x0000000005856164 method=java.util.concurrent.ConcurrentHashMap.putVal(Ljava/lang/Object;Ljava/lang/Object;Z)Ljava/lang/Object; @ 206
Event: 1.976 Thread 0x000000001ee8f800 Uncommon trap: reason=bimorphic action=maybe_recompile pc=0x00000000057e0840 method=java.util.HashMap.putVal(ILjava/lang/Object;Ljava/lang/Object;ZZ)Ljava/lang/Object; @ 253
Event: 1.976 Thread 0x000000001ee8f800 Uncommon trap: reason=bimorphic action=maybe_recompile pc=0x00000000057e0840 method=java.util.HashMap.putVal(ILjava/lang/Object;Ljava/lang/Object;ZZ)Ljava/lang/Object; @ 253
Event: 1.989 Thread 0x000000001ee8f800 Uncommon trap: reason=class_check action=maybe_recompile pc=0x000000000573bd5c method=java.util.regex.Matcher.match(II)Z @ 86
Event: 2.235 Thread 0x000000001ee8f800 Uncommon trap: reason=class_check action=maybe_recompile pc=0x000000000573bd5c method=java.util.regex.Matcher.match(II)Z @ 86
Event: 2.235 Thread 0x000000001ee8f800 Uncommon trap: reason=class_check action=maybe_recompile pc=0x0000000005702c08 method=java.util.regex.Matcher.match(II)Z @ 86
Event: 2.303 Thread 0x000000001ee8f800 Uncommon trap: reason=unstable_if action=reinterpret pc=0x00000000059272bc method=java.lang.String.lastIndexOf([CII[CIII)I @ 66

Classes redefined (0 events):
No events

Internal exceptions (10 events):
Event: 1.909 Thread 0x000000001efaa800 Exception <a 'java/lang/NoSuchMethodError': <clinit>> (0x00000000e03dd5d8) thrown at [D:\src\AOSP-openjdk-cygwin\jdk8u\hotspot\src\share\vm\prims\jni.cpp, line 1613]
Event: 1.911 Thread 0x000000001efaa800 Exception <a 'java/lang/NoSuchMethodError': <clinit>> (0x00000000e03f50f0) thrown at [D:\src\AOSP-openjdk-cygwin\jdk8u\hotspot\src\share\vm\prims\jni.cpp, line 1613]
Event: 1.911 Thread 0x000000001efaa800 Exception <a 'java/lang/NoSuchMethodError': <clinit>> (0x00000000e03fdbe0) thrown at [D:\src\AOSP-openjdk-cygwin\jdk8u\hotspot\src\share\vm\prims\jni.cpp, line 1613]
Event: 1.913 Thread 0x000000001efaa800 Exception <a 'java/lang/NoSuchMethodError': <clinit>> (0x00000000e040f260) thrown at [D:\src\AOSP-openjdk-cygwin\jdk8u\hotspot\src\share\vm\prims\jni.cpp, line 1613]
Event: 1.926 Thread 0x000000001efaa800 Exception <a 'java/lang/NoSuchMethodError': <clinit>> (0x00000000e047bf58) thrown at [D:\src\AOSP-openjdk-cygwin\jdk8u\hotspot\src\share\vm\prims\jni.cpp, line 1613]
Event: 1.930 Thread 0x000000001efaa800 Exception <a 'java/lang/NoSuchMethodError': <clinit>> (0x00000000e049f838) thrown at [D:\src\AOSP-openjdk-cygwin\jdk8u\hotspot\src\share\vm\prims\jni.cpp, line 1613]
Event: 1.934 Thread 0x000000001efaa800 Exception <a 'java/lang/NoSuchMethodError': <clinit>> (0x00000000e04ba7e0) thrown at [D:\src\AOSP-openjdk-cygwin\jdk8u\hotspot\src\share\vm\prims\jni.cpp, line 1613]
Event: 1.938 Thread 0x000000001efaa800 Exception <a 'java/lang/NoSuchMethodError': <clinit>> (0x00000000e05137b8) thrown at [D:\src\AOSP-openjdk-cygwin\jdk8u\hotspot\src\share\vm\prims\jni.cpp, line 1613]
Event: 1.964 Thread 0x000000001ee8f800 Exception <a 'java/lang/NoSuchMethodError': <clinit>> (0x00000000e05e2630) thrown at [D:\src\AOSP-openjdk-cygwin\jdk8u\hotspot\src\share\vm\prims\jni.cpp, line 1613]
Event: 1.965 Thread 0x000000001ee8f800 Exception <a 'java/lang/NoSuchMethodError': <clinit>> (0x00000000e05ea8b8) thrown at [D:\src\AOSP-openjdk-cygwin\jdk8u\hotspot\src\share\vm\prims\jni.cpp, line 1613]

Events (10 events):
Event: 2.411 loading class sun/reflect/annotation/AnnotationParser$1
Event: 2.411 loading class sun/reflect/annotation/AnnotationParser$1 done
Event: 2.411 loading class sun/reflect/annotation/AnnotationInvocationHandler
Event: 2.411 loading class sun/reflect/annotation/AnnotationInvocationHandler done
Event: 2.414 loading class java/lang/annotation/Target
Event: 2.414 loading class java/lang/annotation/Target done
Event: 2.416 loading class java/lang/annotation/ElementType
Event: 2.416 loading class java/lang/annotation/ElementType done
Event: 2.417 loading class org/gradle/api/internal/AbstractClassGenerator$ClassMetaData
Event: 2.417 loading class org/gradle/api/internal/AbstractClassGenerator$ClassMetaData done


Dynamic libraries:
0x00007ff710c40000 - 0x00007ff710c71000 	C:\Program Files\Android\Android Studio1\jre\bin\java.exe
0x00007ffa97a50000 - 0x00007ffa97c30000 	C:\WINDOWS\SYSTEM32\ntdll.dll
0x00007ffa96320000 - 0x00007ffa963ce000 	C:\WINDOWS\System32\KERNEL32.DLL
0x00007ffa94740000 - 0x00007ffa949a6000 	C:\WINDOWS\System32\KERNELBASE.dll
0x00007ffa96270000 - 0x00007ffa96311000 	C:\WINDOWS\System32\ADVAPI32.dll
0x00007ffa963d0000 - 0x00007ffa9646d000 	C:\WINDOWS\System32\msvcrt.dll
0x00007ffa95e30000 - 0x00007ffa95e8b000 	C:\WINDOWS\System32\sechost.dll
0x00007ffa95690000 - 0x00007ffa957af000 	C:\WINDOWS\System32\RPCRT4.dll
0x00007ffa957c0000 - 0x00007ffa9594f000 	C:\WINDOWS\System32\USER32.dll
0x00007ffa93fd0000 - 0x00007ffa93ff0000 	C:\WINDOWS\System32\win32u.dll
0x00007ffa95e90000 - 0x00007ffa95eb8000 	C:\WINDOWS\System32\GDI32.dll
0x00007ffa94b80000 - 0x00007ffa94d13000 	C:\WINDOWS\System32\gdi32full.dll
0x00007ffa94d20000 - 0x00007ffa94dbb000 	C:\WINDOWS\System32\msvcp_win.dll
0x00007ffa93e50000 - 0x00007ffa93f46000 	C:\WINDOWS\System32\ucrtbase.dll
0x00007ffa8a170000 - 0x00007ffa8a3d9000 	C:\WINDOWS\WinSxS\amd64_microsoft.windows.common-controls_6595b64144ccf1df_6.0.16299.431_none_15c7d3ee93659e73\COMCTL32.dll
0x00007ffa95f60000 - 0x00007ffa96268000 	C:\WINDOWS\System32\combase.dll
0x00007ffa93f50000 - 0x00007ffa93fc2000 	C:\WINDOWS\System32\bcryptPrimitives.dll
0x00007ffa95030000 - 0x00007ffa9505d000 	C:\WINDOWS\System32\IMM32.DLL
0x000000005b7f0000 - 0x000000005b8c2000 	C:\Program Files\Android\Android Studio1\jre\jre\bin\msvcr100.dll
0x000000005a0f0000 - 0x000000005a92f000 	C:\Program Files\Android\Android Studio1\jre\jre\bin\server\jvm.dll
0x00007ffa95af0000 - 0x00007ffa95af8000 	C:\WINDOWS\System32\PSAPI.DLL
0x00007ffa90dc0000 - 0x00007ffa90dc9000 	C:\WINDOWS\SYSTEM32\WSOCK32.dll
0x00007ffa8eed0000 - 0x00007ffa8eeda000 	C:\WINDOWS\SYSTEM32\VERSION.dll
0x00007ffa91d50000 - 0x00007ffa91d73000 	C:\WINDOWS\SYSTEM32\WINMM.dll
0x00007ffa95be0000 - 0x00007ffa95c4c000 	C:\WINDOWS\System32\WS2_32.dll
0x00007ffa91bd0000 - 0x00007ffa91bfa000 	C:\WINDOWS\SYSTEM32\winmmbase.dll
0x00007ffa94e70000 - 0x00007ffa94eba000 	C:\WINDOWS\System32\cfgmgr32.dll
0x00007ffa90ca0000 - 0x00007ffa90caf000 	C:\Program Files\Android\Android Studio1\jre\jre\bin\verify.dll
0x00007ffa885b0000 - 0x00007ffa885d9000 	C:\Program Files\Android\Android Studio1\jre\jre\bin\java.dll
0x00007ffa7b710000 - 0x00007ffa7b726000 	C:\Program Files\Android\Android Studio1\jre\jre\bin\zip.dll
0x00007ffa965e0000 - 0x00007ffa97a18000 	C:\WINDOWS\System32\SHELL32.dll
0x00007ffa94f20000 - 0x00007ffa94fc6000 	C:\WINDOWS\System32\shcore.dll
0x00007ffa93ff0000 - 0x00007ffa94737000 	C:\WINDOWS\System32\windows.storage.dll
0x00007ffa954c0000 - 0x00007ffa95511000 	C:\WINDOWS\System32\shlwapi.dll
0x00007ffa93e10000 - 0x00007ffa93e21000 	C:\WINDOWS\System32\kernel.appcore.dll
0x00007ffa93da0000 - 0x00007ffa93dec000 	C:\WINDOWS\System32\powrprof.dll
0x00007ffa93e30000 - 0x00007ffa93e4b000 	C:\WINDOWS\System32\profapi.dll
0x00007ffa7b470000 - 0x00007ffa7b48a000 	C:\Program Files\Android\Android Studio1\jre\jre\bin\net.dll
0x00007ffa93630000 - 0x00007ffa93696000 	C:\WINDOWS\system32\mswsock.dll
0x00007ffa7a6d0000 - 0x00007ffa7a6e1000 	C:\Program Files\Android\Android Studio1\jre\jre\bin\nio.dll
0x00007ffa89e10000 - 0x00007ffa89e2e000 	C:\Users\Andria\.gradle\native\25\windows-amd64\native-platform.dll
0x00007ffa906b0000 - 0x00007ffa906bd000 	C:\Program Files\Android\Android Studio1\jre\jre\bin\management.dll
0x00007ffa937f0000 - 0x00007ffa93807000 	C:\WINDOWS\SYSTEM32\CRYPTSP.dll
0x00007ffa93230000 - 0x00007ffa93263000 	C:\WINDOWS\system32\rsaenh.dll
0x00007ffa93900000 - 0x00007ffa93925000 	C:\WINDOWS\SYSTEM32\bcrypt.dll
0x00007ffa93cd0000 - 0x00007ffa93cf9000 	C:\WINDOWS\SYSTEM32\USERENV.dll
0x00007ffa93810000 - 0x00007ffa9381b000 	C:\WINDOWS\SYSTEM32\CRYPTBASE.dll
0x00007ffa933c0000 - 0x00007ffa933f9000 	C:\WINDOWS\SYSTEM32\IPHLPAPI.DLL
0x00007ffa954b0000 - 0x00007ffa954b8000 	C:\WINDOWS\System32\NSI.dll
0x00007ffa8ec00000 - 0x00007ffa8ec16000 	C:\WINDOWS\SYSTEM32\dhcpcsvc6.DLL
0x00007ffa8ed10000 - 0x00007ffa8ed2a000 	C:\WINDOWS\SYSTEM32\dhcpcsvc.DLL

VM Arguments:
jvm_args: -Xmx1536m -Dfile.encoding=windows-1252 -Duser.country=GB -Duser.language=en -Duser.variant 
java_command: org.gradle.launcher.daemon.bootstrap.GradleDaemon 4.4
java_class_path (initial): C:\Users\Andria\.gradle\wrapper\dists\gradle-4.4-all\9br9xq1tocpiv8o6njlyu5op1\gradle-4.4\lib\gradle-launcher-4.4.jar
Launcher Type: SUN_STANDARD

Environment Variables:
PATH=C:\Program Files (x86)\Common Files\Oracle\Java\javapath;C:\Program Files\Haskell\bin;C:\Program Files\Haskell Platform\8.2.1\lib\extralibs\bin;C:\Program Files\Haskell Platform\8.2.1\bin;C:\ProgramData\Oracle\Java\javapath;C:\WINDOWS\system32;C:\WINDOWS;C:\WINDOWS\System32\Wbem;C:\WINDOWS\System32\WindowsPowerShell\v1.0\;C:\Program Files (x86)\ATI Technologies\ATI.ACE\Core-Static;C:\Program Files (x86)\NVIDIA Corporation\PhysX\Common;C:\Program Files\Haskell Platform\8.2.1\mingw\bin;C:\WINDOWS\system32;C:\WINDOWS;C:\WINDOWS\System32\Wbem;C:\WINDOWS\System32\WindowsPowerShell\v1.0\;C:\Users\Andria\AppData\Roaming\cabal\bin;C:\Users\Andria\AppData\Roaming\local\bin;C:\Users\Andria\AppData\Local\Microsoft\WindowsApps;C:\Users\Andria\AppData\Local\GitHubDesktop\bin
USERNAME=Andria
OS=Windows_NT
PROCESSOR_IDENTIFIER=AMD64 Family 23 Model 1 Stepping 1, AuthenticAMD



---------------  S Y S T E M  ---------------

OS: Windows 10.0 , 64 bit Build 16299 (10.0.16299.431)

CPU:total 16 (initial active 16) (16 cores per cpu, 1 threads per core) family 23 model 1 stepping 1, cmov, cx8, fxsr, mmx, sse, sse2, sse3, ssse3, sse4.1, sse4.2, popcnt, avx, avx2, aes, clmul, mmxext, 3dnowpref, lzcnt, sse4a, tsc, tscinvbit, tscinv, bmi1

Memory: 4k page, physical 8315436k(1470020k free), swap 8315436k(3080k free)

vm_info: OpenJDK 64-Bit Server VM (25.152-b02) for windows-amd64 JRE (1.8.0_152-release-1024-b02), built by "builder" with MS VC++ 10.0 (VS2010)

time: Sat Jun 02 19:02:14 2018
elapsed time: 2 seconds (0d 0h 0m 2s)

