#
# There is insufficient memory for the Java Runtime Environment to continue.
# Native memory allocation (malloc) failed to allocate 262160 bytes for Chunk::new
# Possible reasons:
#   The system is out of physical RAM or swap space
#   In 32 bit mode, the process size limit was hit
# Possible solutions:
#   Reduce memory load on the system
#   Increase physical memory or swap space
#   Check if swap backing store is full
#   Use 64 bit Java on a 64 bit OS
#   Decrease Java heap size (-Xmx/-Xms)
#   Decrease number of Java threads
#   Decrease Java thread stack sizes (-Xss)
#   Set larger code cache with -XX:ReservedCodeCacheSize=
# This output file may be truncated or incomplete.
#
#  Out of Memory Error (allocation.cpp:390), pid=8196, tid=0x0000000000001f18
#
# JRE version: OpenJDK Runtime Environment (8.0_152-b02) (build 1.8.0_152-release-1024-b02)
# Java VM: OpenJDK 64-Bit Server VM (25.152-b02 mixed mode windows-amd64 compressed oops)
# Failed to write core dump. Minidumps are not enabled by default on client versions of Windows
#

---------------  T H R E A D  ---------------

Current thread (0x000000001b99e800):  JavaThread "C2 CompilerThread7" daemon [_thread_in_native, id=7960, stack(0x000000001dc50000,0x000000001dd50000)]

Stack: [0x000000001dc50000,0x000000001dd50000]
[error occurred during error reporting (printing stack bounds), id 0xc0000005]

Native frames: (J=compiled Java code, j=interpreted, Vv=VM code, C=native code)


Current CompileTask:
C2:   4993 4794       4       org.jetbrains.kotlin.load.java.structure.impl.classFiles.BinaryJavaMethodBase$Companion::create (480 bytes)


---------------  P R O C E S S  ---------------

Java Threads: ( => current thread )
  0x000000001ba02000 JavaThread "Service Thread" daemon [_thread_blocked, id=15352, stack(0x000000001e250000,0x000000001e350000)]
  0x000000001b99a800 JavaThread "C1 CompilerThread11" daemon [_thread_blocked, id=5024, stack(0x000000001e150000,0x000000001e250000)]
  0x000000001b99d800 JavaThread "C1 CompilerThread10" daemon [_thread_in_vm, id=11892, stack(0x000000001e050000,0x000000001e150000)]
  0x000000001b9a1800 JavaThread "C1 CompilerThread9" daemon [_thread_blocked, id=6320, stack(0x000000001df50000,0x000000001e050000)]
  0x000000001b9a0000 JavaThread "C1 CompilerThread8" daemon [_thread_in_native, id=14736, stack(0x000000001dd50000,0x000000001de50000)]
=>0x000000001b99e800 JavaThread "C2 CompilerThread7" daemon [_thread_in_native, id=7960, stack(0x000000001dc50000,0x000000001dd50000)]
  0x000000001b99d000 JavaThread "C2 CompilerThread6" daemon [_thread_blocked, id=7540, stack(0x000000001db50000,0x000000001dc50000)]
  0x000000001b987800 JavaThread "C2 CompilerThread5" daemon [_thread_blocked, id=10456, stack(0x000000001da50000,0x000000001db50000)]
  0x000000001b96e800 JavaThread "C2 CompilerThread4" daemon [_thread_blocked, id=15092, stack(0x000000001d950000,0x000000001da50000)]
  0x000000001b94e000 JavaThread "C2 CompilerThread3" daemon [_thread_blocked, id=1648, stack(0x000000001d850000,0x000000001d950000)]
  0x000000001b926800 JavaThread "C2 CompilerThread2" daemon [_thread_blocked, id=5088, stack(0x000000001d750000,0x000000001d850000)]
  0x000000001b921800 JavaThread "C2 CompilerThread1" daemon [_thread_blocked, id=15104, stack(0x000000001d650000,0x000000001d750000)]
  0x000000001b91f000 JavaThread "C2 CompilerThread0" daemon [_thread_blocked, id=13704, stack(0x000000001d550000,0x000000001d650000)]
  0x000000001b91a000 JavaThread "Attach Listener" daemon [_thread_blocked, id=6980, stack(0x000000001d450000,0x000000001d550000)]
  0x0000000019eae800 JavaThread "Signal Dispatcher" daemon [_thread_blocked, id=14396, stack(0x000000001d350000,0x000000001d450000)]
  0x0000000019ea2000 JavaThread "Finalizer" daemon [_thread_blocked, id=12428, stack(0x000000001d160000,0x000000001d260000)]
  0x0000000019e9a000 JavaThread "Reference Handler" daemon [_thread_blocked, id=1352, stack(0x000000001d060000,0x000000001d160000)]
  0x00000000048c3800 JavaThread "main" [_thread_in_Java, id=3904, stack(0x00000000047c0000,0x00000000048c0000)]

Other Threads:
  0x000000001b8e5000 VMThread [stack: 0x000000001cf60000,0x000000001d060000] [id=12544]
  0x000000001b9eb800 WatcherThread [stack: 0x000000001e350000,0x000000001e450000] [id=988]

VM state:not at safepoint (normal execution)

VM Mutex/Monitor currently owned by a thread: None

Heap:
 PSYoungGen      total 138240K, used 65266K [0x00000000d5b00000, 0x00000000e1580000, 0x0000000100000000)
  eden space 133120K, 49% used [0x00000000d5b00000,0x00000000d9abc980,0x00000000ddd00000)
  from space 5120K, 0% used [0x00000000ddd00000,0x00000000ddd00000,0x00000000de200000)
  to   space 23552K, 0% used [0x00000000dfe80000,0x00000000dfe80000,0x00000000e1580000)
 ParOldGen       total 130048K, used 27514K [0x0000000081000000, 0x0000000088f00000, 0x00000000d5b00000)
  object space 130048K, 21% used [0x0000000081000000,0x0000000082adeaa0,0x0000000088f00000)
 Metaspace       used 39331K, capacity 39851K, committed 40152K, reserved 1085440K
  class space    used 4894K, capacity 5027K, committed 5120K, reserved 1048576K

Card table byte_map: [0x0000000013d80000,0x0000000014180000] byte_map_base: 0x0000000013978000

Marking Bits: (ParMarkBitMap*) 0x0000000060a44970
 Begin Bits: [0x0000000015130000, 0x00000000170f0000)
 End Bits:   [0x00000000170f0000, 0x00000000190b0000)

Polling page: 0x00000000005d0000

CodeCache: size=245760Kb used=17849Kb max_used=17860Kb free=227910Kb
 bounds [0x00000000049c0000, 0x0000000005b40000, 0x00000000139c0000]
 total_blobs=5544 nmethods=5112 adapters=343
 compilation: enabled

Compilation events (10 events):
Event: 4.909 Thread 0x000000001b91f000 5098 %     4       org.jetbrains.kotlin.com.intellij.openapi.util.text.StringUtil::assertValidSeparators @ 31 (200 bytes)
Event: 4.913 Thread 0x000000001b91f000 nmethod 5098% 0x0000000005b23f90 code [0x0000000005b240e0, 0x0000000005b243d8]
Event: 4.913 Thread 0x000000001b99d800 5099 %     3       org.jetbrains.kotlin.com.intellij.util.text.ImmutableText::toBytesIfPossible @ 77 (112 bytes)
Event: 4.914 Thread 0x000000001b99d800 nmethod 5099% 0x0000000005b36990 code [0x0000000005b36b80, 0x0000000005b374b8]
Event: 4.914 Thread 0x000000001b99a800 5100       3       org.jetbrains.kotlin.com.intellij.util.text.ImmutableText::toBytesIfPossible (112 bytes)
Event: 4.915 Thread 0x000000001b99a800 nmethod 5100 0x0000000005b35c50 code [0x0000000005b35e40, 0x0000000005b366d8]
Event: 4.915 Thread 0x000000001b926800 5101 %     4       org.jetbrains.kotlin.com.intellij.util.text.ImmutableText::toBytesIfPossible @ 77 (112 bytes)
Event: 4.918 Thread 0x000000001b926800 nmethod 5101% 0x0000000005b35690 code [0x0000000005b357e0, 0x0000000005b35ab8]
Event: 4.947 Thread 0x000000001b987800 5102       4       java.lang.ClassLoader::compareCerts (149 bytes)
Event: 4.948 Thread 0x000000001b987800 nmethod 5102 0x0000000005b318d0 code [0x0000000005b31a00, 0x0000000005b31a98]

GC Heap History (10 events):
Event: 1.727 GC heap before
{Heap before GC invocations=3 (full 0):
 PSYoungGen      total 71680K, used 20611K [0x00000000d5b00000, 0x00000000da600000, 0x0000000100000000)
  eden space 66560K, 23% used [0x00000000d5b00000,0x00000000d6a23818,0x00000000d9c00000)
  from space 5120K, 99% used [0x00000000da100000,0x00000000da5fd720,0x00000000da600000)
  to   space 5120K, 0% used [0x00000000d9c00000,0x00000000d9c00000,0x00000000da100000)
 ParOldGen       total 87552K, used 6861K [0x0000000081000000, 0x0000000086580000, 0x00000000d5b00000)
  object space 87552K, 7% used [0x0000000081000000,0x00000000816b3768,0x0000000086580000)
 Metaspace       used 20781K, capacity 21116K, committed 21248K, reserved 1067008K
  class space    used 2639K, capacity 2792K, committed 2816K, reserved 1048576K
Event: 1.735 GC heap after
Heap after GC invocations=3 (full 0):
 PSYoungGen      total 71680K, used 5108K [0x00000000d5b00000, 0x00000000de700000, 0x0000000100000000)
  eden space 66560K, 0% used [0x00000000d5b00000,0x00000000d5b00000,0x00000000d9c00000)
  from space 5120K, 99% used [0x00000000d9c00000,0x00000000da0fd298,0x00000000da100000)
  to   space 5120K, 0% used [0x00000000de200000,0x00000000de200000,0x00000000de700000)
 ParOldGen       total 87552K, used 9348K [0x0000000081000000, 0x0000000086580000, 0x00000000d5b00000)
  object space 87552K, 10% used [0x0000000081000000,0x0000000081921220,0x0000000086580000)
 Metaspace       used 20781K, capacity 21116K, committed 21248K, reserved 1067008K
  class space    used 2639K, capacity 2792K, committed 2816K, reserved 1048576K
}
Event: 1.735 GC heap before
{Heap before GC invocations=4 (full 1):
 PSYoungGen      total 71680K, used 5108K [0x00000000d5b00000, 0x00000000de700000, 0x0000000100000000)
  eden space 66560K, 0% used [0x00000000d5b00000,0x00000000d5b00000,0x00000000d9c00000)
  from space 5120K, 99% used [0x00000000d9c00000,0x00000000da0fd298,0x00000000da100000)
  to   space 5120K, 0% used [0x00000000de200000,0x00000000de200000,0x00000000de700000)
 ParOldGen       total 87552K, used 9348K [0x0000000081000000, 0x0000000086580000, 0x00000000d5b00000)
  object space 87552K, 10% used [0x0000000081000000,0x0000000081921220,0x0000000086580000)
 Metaspace       used 20781K, capacity 21116K, committed 21248K, reserved 1067008K
  class space    used 2639K, capacity 2792K, committed 2816K, reserved 1048576K
Event: 1.768 GC heap after
Heap after GC invocations=4 (full 1):
 PSYoungGen      total 71680K, used 0K [0x00000000d5b00000, 0x00000000de700000, 0x0000000100000000)
  eden space 66560K, 0% used [0x00000000d5b00000,0x00000000d5b00000,0x00000000d9c00000)
  from space 5120K, 0% used [0x00000000d9c00000,0x00000000d9c00000,0x00000000da100000)
  to   space 5120K, 0% used [0x00000000de200000,0x00000000de200000,0x00000000de700000)
 ParOldGen       total 62976K, used 7350K [0x0000000081000000, 0x0000000084d80000, 0x00000000d5b00000)
  object space 62976K, 11% used [0x0000000081000000,0x000000008172db70,0x0000000084d80000)
 Metaspace       used 20781K, capacity 21116K, committed 21248K, reserved 1067008K
  class space    used 2639K, capacity 2792K, committed 2816K, reserved 1048576K
}
Event: 3.033 GC heap before
{Heap before GC invocations=5 (full 1):
 PSYoungGen      total 71680K, used 66560K [0x00000000d5b00000, 0x00000000de700000, 0x0000000100000000)
  eden space 66560K, 100% used [0x00000000d5b00000,0x00000000d9c00000,0x00000000d9c00000)
  from space 5120K, 0% used [0x00000000d9c00000,0x00000000d9c00000,0x00000000da100000)
  to   space 5120K, 0% used [0x00000000de200000,0x00000000de200000,0x00000000de700000)
 ParOldGen       total 62976K, used 7350K [0x0000000081000000, 0x0000000084d80000, 0x00000000d5b00000)
  object space 62976K, 11% used [0x0000000081000000,0x000000008172db70,0x0000000084d80000)
 Metaspace       used 30281K, capacity 30722K, committed 31104K, reserved 1077248K
  class space    used 3801K, capacity 3919K, committed 3968K, reserved 1048576K
Event: 3.048 GC heap after
Heap after GC invocations=5 (full 1):
 PSYoungGen      total 102400K, used 5093K [0x00000000d5b00000, 0x00000000de700000, 0x0000000100000000)
  eden space 97280K, 0% used [0x00000000d5b00000,0x00000000d5b00000,0x00000000dba00000)
  from space 5120K, 99% used [0x00000000de200000,0x00000000de6f9650,0x00000000de700000)
  to   space 5120K, 0% used [0x00000000ddd00000,0x00000000ddd00000,0x00000000de200000)
 ParOldGen       total 62976K, used 19451K [0x0000000081000000, 0x0000000084d80000, 0x00000000d5b00000)
  object space 62976K, 30% used [0x0000000081000000,0x00000000822fef38,0x0000000084d80000)
 Metaspace       used 30281K, capacity 30722K, committed 31104K, reserved 1077248K
  class space    used 3801K, capacity 3919K, committed 3968K, reserved 1048576K
}
Event: 3.901 GC heap before
{Heap before GC invocations=6 (full 1):
 PSYoungGen      total 102400K, used 67792K [0x00000000d5b00000, 0x00000000de700000, 0x0000000100000000)
  eden space 97280K, 64% used [0x00000000d5b00000,0x00000000d983a9e0,0x00000000dba00000)
  from space 5120K, 99% used [0x00000000de200000,0x00000000de6f9650,0x00000000de700000)
  to   space 5120K, 0% used [0x00000000ddd00000,0x00000000ddd00000,0x00000000de200000)
 ParOldGen       total 62976K, used 19451K [0x0000000081000000, 0x0000000084d80000, 0x00000000d5b00000)
  object space 62976K, 30% used [0x0000000081000000,0x00000000822fef38,0x0000000084d80000)
 Metaspace       used 34591K, capacity 35059K, committed 35416K, reserved 1081344K
  class space    used 4285K, capacity 4415K, committed 4480K, reserved 1048576K
Event: 3.919 GC heap after
Heap after GC invocations=6 (full 1):
 PSYoungGen      total 138240K, used 5117K [0x00000000d5b00000, 0x00000000e1580000, 0x0000000100000000)
  eden space 133120K, 0% used [0x00000000d5b00000,0x00000000d5b00000,0x00000000ddd00000)
  from space 5120K, 99% used [0x00000000ddd00000,0x00000000de1ff508,0x00000000de200000)
  to   space 23552K, 0% used [0x00000000dfe80000,0x00000000dfe80000,0x00000000e1580000)
 ParOldGen       total 62976K, used 36701K [0x0000000081000000, 0x0000000084d80000, 0x00000000d5b00000)
  object space 62976K, 58% used [0x0000000081000000,0x00000000833d7778,0x0000000084d80000)
 Metaspace       used 34591K, capacity 35059K, committed 35416K, reserved 1081344K
  class space    used 4285K, capacity 4415K, committed 4480K, reserved 1048576K
}
Event: 3.919 GC heap before
{Heap before GC invocations=7 (full 2):
 PSYoungGen      total 138240K, used 5117K [0x00000000d5b00000, 0x00000000e1580000, 0x0000000100000000)
  eden space 133120K, 0% used [0x00000000d5b00000,0x00000000d5b00000,0x00000000ddd00000)
  from space 5120K, 99% used [0x00000000ddd00000,0x00000000de1ff508,0x00000000de200000)
  to   space 23552K, 0% used [0x00000000dfe80000,0x00000000dfe80000,0x00000000e1580000)
 ParOldGen       total 62976K, used 36701K [0x0000000081000000, 0x0000000084d80000, 0x00000000d5b00000)
  object space 62976K, 58% used [0x0000000081000000,0x00000000833d7778,0x0000000084d80000)
 Metaspace       used 34591K, capacity 35059K, committed 35416K, reserved 1081344K
  class space    used 4285K, capacity 4415K, committed 4480K, reserved 1048576K
Event: 4.017 GC heap after
Heap after GC invocations=7 (full 2):
 PSYoungGen      total 138240K, used 0K [0x00000000d5b00000, 0x00000000e1580000, 0x0000000100000000)
  eden space 133120K, 0% used [0x00000000d5b00000,0x00000000d5b00000,0x00000000ddd00000)
  from space 5120K, 0% used [0x00000000ddd00000,0x00000000ddd00000,0x00000000de200000)
  to   space 23552K, 0% used [0x00000000dfe80000,0x00000000dfe80000,0x00000000e1580000)
 ParOldGen       total 130048K, used 27514K [0x0000000081000000, 0x0000000088f00000, 0x00000000d5b00000)
  object space 130048K, 21% used [0x0000000081000000,0x0000000082adeaa0,0x0000000088f00000)
 Metaspace       used 34591K, capacity 35059K, committed 35416K, reserved 1081344K
  class space    used 4285K, capacity 4415K, committed 4480K, reserved 1048576K
}

Deoptimization events (10 events):
Event: 4.610 Thread 0x00000000048c3800 Uncommon trap: reason=unstable_if action=reinterpret pc=0x00000000059e6184 method=org.jetbrains.org.objectweb.asm.ClassReader.<init>([BII)V @ 19
Event: 4.695 Thread 0x00000000048c3800 Uncommon trap: reason=unstable_if action=reinterpret pc=0x00000000058474cc method=org.jetbrains.kotlin.util.Checks.isApplicable(Lorg/jetbrains/kotlin/descriptors/FunctionDescriptor;)Z @ 28
Event: 4.695 Thread 0x00000000048c3800 Uncommon trap: reason=unstable_if action=reinterpret pc=0x0000000005931e20 method=org.jetbrains.kotlin.util.AbstractModifierChecks.check(Lorg/jetbrains/kotlin/descriptors/FunctionDescriptor;)Lorg/jetbrains/kotlin/util/CheckResult; @ 40
Event: 4.730 Thread 0x00000000048c3800 Uncommon trap: reason=class_check action=maybe_recompile pc=0x00000000059f4974 method=org.jetbrains.kotlin.load.java.lazy.descriptors.LazyJavaScope.getFunctionNamesLazy()Ljava/util/Set; @ 13
Event: 4.730 Thread 0x00000000048c3800 Uncommon trap: reason=class_check action=maybe_recompile pc=0x00000000059f4974 method=org.jetbrains.kotlin.load.java.lazy.descriptors.LazyJavaScope.getFunctionNamesLazy()Ljava/util/Set; @ 13
Event: 4.749 Thread 0x00000000048c3800 Uncommon trap: reason=class_check action=maybe_recompile pc=0x00000000059f4974 method=org.jetbrains.kotlin.load.java.lazy.descriptors.LazyJavaScope.getFunctionNamesLazy()Ljava/util/Set; @ 13
Event: 4.749 Thread 0x00000000048c3800 Uncommon trap: reason=class_check action=maybe_recompile pc=0x00000000059f4974 method=org.jetbrains.kotlin.load.java.lazy.descriptors.LazyJavaScope.getFunctionNamesLazy()Ljava/util/Set; @ 13
Event: 4.808 Thread 0x00000000048c3800 Uncommon trap: reason=unstable_if action=reinterpret pc=0x0000000005a56244 method=org.jetbrains.kotlin.types.TypeSubstitutor.substitute(Lorg/jetbrains/kotlin/types/TypeProjection;)Lorg/jetbrains/kotlin/types/TypeProjection; @ 13
Event: 4.808 Thread 0x00000000048c3800 Uncommon trap: reason=unstable_if action=reinterpret pc=0x0000000005a44a50 method=org.jetbrains.kotlin.types.TypeSubstitutor.substitute(Lorg/jetbrains/kotlin/types/TypeProjection;)Lorg/jetbrains/kotlin/types/TypeProjection; @ 13
Event: 4.989 Thread 0x00000000048c3800 Uncommon trap: reason=unstable_if action=reinterpret pc=0x0000000005a1a9b0 method=org.jetbrains.kotlin.com.intellij.openapi.util.Comparing.equal(Ljava/lang/CharSequence;Ljava/lang/CharSequence;Z)Z @ 29

Classes redefined (0 events):
No events

Internal exceptions (10 events):
Event: 1.569 Thread 0x00000000048c3800 Exception <a 'java/lang/NoSuchMethodError': java.lang.Object.lambda$static$0(I)[Lorg/jetbrains/kotlin/com/intellij/psi/PsiAnnotation;> (0x00000000d622a000) thrown at [D:\src\AOSP-openjdk-cygwin\jdk8u\hotspot\src\share\vm\interpreter\linkResolver.cpp, line
Event: 2.901 Thread 0x00000000048c3800 Exception <a 'java/lang/NoSuchMethodError': java.lang.Object.lambda$static$0(I)[Lorg/jetbrains/kotlin/psi/KtExpression;> (0x00000000d95912b0) thrown at [D:\src\AOSP-openjdk-cygwin\jdk8u\hotspot\src\share\vm\interpreter\linkResolver.cpp, line 584]
Event: 2.985 Thread 0x00000000048c3800 Exception <a 'java/lang/NoSuchMethodError': java.lang.Object.lambda$static$0(I)[Lorg/jetbrains/kotlin/psi/KtDeclaration;> (0x00000000d99adb48) thrown at [D:\src\AOSP-openjdk-cygwin\jdk8u\hotspot\src\share\vm\interpreter\linkResolver.cpp, line 584]
Event: 2.990 Thread 0x00000000048c3800 Exception <a 'java/lang/NoSuchMethodError': java.lang.Object.lambda$static$0(I)[Lorg/jetbrains/kotlin/com/intellij/psi/PsiElement;> (0x00000000d99beee8) thrown at [D:\src\AOSP-openjdk-cygwin\jdk8u\hotspot\src\share\vm\interpreter\linkResolver.cpp, line 58
Event: 3.019 Thread 0x00000000048c3800 Exception <a 'java/lang/NoSuchMethodError': java.lang.Object.lambda$static$0(I)[Lorg/jetbrains/kotlin/psi/KtTypeElement;> (0x00000000d9b1c130) thrown at [D:\src\AOSP-openjdk-cygwin\jdk8u\hotspot\src\share\vm\interpreter\linkResolver.cpp, line 584]
Event: 3.148 Thread 0x00000000048c3800 Implicit null exception at 0x00000000052b1bd4 to 0x00000000052b1d98
Event: 3.333 Thread 0x00000000048c3800 Exception <a 'java/lang/NoSuchMethodError': java.lang.Object.lambda$static$0(I)[Lorg/jetbrains/kotlin/com/intellij/psi/PsiClass;> (0x00000000d69dee50) thrown at [D:\src\AOSP-openjdk-cygwin\jdk8u\hotspot\src\share\vm\interpreter\linkResolver.cpp, line 584]
Event: 3.756 Thread 0x00000000048c3800 Implicit null exception at 0x0000000005649c6f to 0x0000000005649cad
Event: 4.221 Thread 0x00000000048c3800 Implicit null exception at 0x000000000529af4c to 0x000000000529aff5
Event: 4.275 Thread 0x00000000048c3800 Implicit null exception at 0x000000000564d994 to 0x000000000564dc91

Events (10 events):
Event: 4.987 loading class org/jetbrains/kotlin/com/intellij/psi/PsiElement
Event: 4.987 loading class org/jetbrains/kotlin/com/intellij/psi/PsiElement done
Event: 4.988 loading class org/jetbrains/kotlin/com/intellij/util/text/CharSequenceHashingStrategy
Event: 4.988 loading class org/jetbrains/kotlin/com/intellij/util/text/CharSequenceHashingStrategy done
Event: 4.989 Thread 0x00000000048c3800 Uncommon trap: trap_request=0xffffff65 fr.pc=0x0000000005a1a9b0
Event: 4.989 Thread 0x00000000048c3800 DEOPT PACKING pc=0x0000000005a1a9b0 sp=0x00000000048ba1c0
Event: 4.989 Thread 0x00000000048c3800 DEOPT UNPACKING pc=0x0000000004a0557b sp=0x00000000048ba168 mode 2
Event: 4.989 loading class org/jetbrains/kotlin/com/intellij/lang/java/lexer/_JavaLexer
Event: 4.989 loading class org/jetbrains/kotlin/com/intellij/lang/java/lexer/_JavaLexer done
Event: 4.989 Executing VM operation: Deoptimize


Dynamic libraries:
0x00007ff72daf0000 - 0x00007ff72db21000 	C:\Program Files\Android\Android Studio1\jre\jre\bin\java.exe
0x00007ff8a98e0000 - 0x00007ff8a9ac0000 	C:\WINDOWS\SYSTEM32\ntdll.dll
0x00007ff8a8500000 - 0x00007ff8a85ae000 	C:\WINDOWS\System32\KERNEL32.DLL
0x00007ff8a6aa0000 - 0x00007ff8a6d06000 	C:\WINDOWS\System32\KERNELBASE.dll
0x00007ff8a92c0000 - 0x00007ff8a9361000 	C:\WINDOWS\System32\ADVAPI32.dll
0x00007ff8a8df0000 - 0x00007ff8a8e8d000 	C:\WINDOWS\System32\msvcrt.dll
0x00007ff8a9160000 - 0x00007ff8a91bb000 	C:\WINDOWS\System32\sechost.dll
0x00007ff8a9480000 - 0x00007ff8a959f000 	C:\WINDOWS\System32\RPCRT4.dll
0x00007ff8a6db0000 - 0x00007ff8a6f3f000 	C:\WINDOWS\System32\USER32.dll
0x00007ff8a5eb0000 - 0x00007ff8a5ed0000 	C:\WINDOWS\System32\win32u.dll
0x00007ff8a9070000 - 0x00007ff8a9098000 	C:\WINDOWS\System32\GDI32.dll
0x00007ff8a5f50000 - 0x00007ff8a60e3000 	C:\WINDOWS\System32\gdi32full.dll
0x00007ff8a6d10000 - 0x00007ff8a6dab000 	C:\WINDOWS\System32\msvcp_win.dll
0x00007ff8a69a0000 - 0x00007ff8a6a96000 	C:\WINDOWS\System32\ucrtbase.dll
0x00007ff89e9c0000 - 0x00007ff89ec29000 	C:\WINDOWS\WinSxS\amd64_microsoft.windows.common-controls_6595b64144ccf1df_6.0.16299.431_none_15c7d3ee93659e73\COMCTL32.dll
0x00007ff8a95a0000 - 0x00007ff8a98a8000 	C:\WINDOWS\System32\combase.dll
0x00007ff8a5ed0000 - 0x00007ff8a5f42000 	C:\WINDOWS\System32\bcryptPrimitives.dll
0x00007ff8a91c0000 - 0x00007ff8a91ed000 	C:\WINDOWS\System32\IMM32.DLL
0x00000000600c0000 - 0x0000000060192000 	C:\Program Files\Android\Android Studio1\jre\jre\bin\msvcr100.dll
0x0000000060280000 - 0x0000000060abf000 	C:\Program Files\Android\Android Studio1\jre\jre\bin\server\jvm.dll
0x00007ff8a70b0000 - 0x00007ff8a70b8000 	C:\WINDOWS\System32\PSAPI.DLL
0x00007ff8a3be0000 - 0x00007ff8a3c03000 	C:\WINDOWS\SYSTEM32\WINMM.dll
0x00007ff8a4060000 - 0x00007ff8a4069000 	C:\WINDOWS\SYSTEM32\WSOCK32.dll
0x00007ff8a0e70000 - 0x00007ff8a0e7a000 	C:\WINDOWS\SYSTEM32\VERSION.dll
0x00007ff8a8e90000 - 0x00007ff8a8efc000 	C:\WINDOWS\System32\WS2_32.dll
0x00007ff8a3a60000 - 0x00007ff8a3a8a000 	C:\WINDOWS\SYSTEM32\WINMMBASE.dll
0x00007ff8a6950000 - 0x00007ff8a699a000 	C:\WINDOWS\System32\cfgmgr32.dll
0x00007ff8a4030000 - 0x00007ff8a403f000 	C:\Program Files\Android\Android Studio1\jre\jre\bin\verify.dll
0x00007ff8a2c40000 - 0x00007ff8a2c69000 	C:\Program Files\Android\Android Studio1\jre\jre\bin\java.dll
0x00007ff8a2bf0000 - 0x00007ff8a2c06000 	C:\Program Files\Android\Android Studio1\jre\jre\bin\zip.dll
0x00007ff8a70c0000 - 0x00007ff8a84f8000 	C:\WINDOWS\System32\SHELL32.dll
0x00007ff8a91f0000 - 0x00007ff8a9296000 	C:\WINDOWS\System32\shcore.dll
0x00007ff8a61a0000 - 0x00007ff8a68e7000 	C:\WINDOWS\System32\windows.storage.dll
0x00007ff8a9100000 - 0x00007ff8a9151000 	C:\WINDOWS\System32\shlwapi.dll
0x00007ff8a5c30000 - 0x00007ff8a5c41000 	C:\WINDOWS\System32\kernel.appcore.dll
0x00007ff8a5c90000 - 0x00007ff8a5cdc000 	C:\WINDOWS\System32\powrprof.dll
0x00007ff8a5c50000 - 0x00007ff8a5c6b000 	C:\WINDOWS\System32\profapi.dll
0x00007ff8a2b90000 - 0x00007ff8a2baa000 	C:\Program Files\Android\Android Studio1\jre\jre\bin\net.dll
0x00007ff8a54c0000 - 0x00007ff8a5526000 	C:\WINDOWS\system32\mswsock.dll
0x00007ff8a2b00000 - 0x00007ff8a2b11000 	C:\Program Files\Android\Android Studio1\jre\jre\bin\nio.dll

VM Arguments:
java_command: org.jetbrains.kotlin.cli.jvm.K2JVMCompiler -Xadd-compiler-builtins -Xbuild-file=C:\Users\Andria\AppData\Local\Temp\kjps7144395178186791123app_debug.script.xml -classpath C:\Users\Andria\.gradle\caches\transforms-1\files-1.1\cardview-v7-23.3.0.aar\bd14ac9a662be9bf2816baa66732ed3f\jars\classes.jar;C:\Users\Andria\.gradle\caches\modules-2\files-2.1\org.jetbrains.kotlin\kotlin-stdlib-jre7\1.2.31\98678431965f7487d6dc9b399e59b6c4b3921073\kotlin-stdlib-jre7-1.2.31.jar;C:\Users\Andria\.gradle\caches\transforms-1\files-1.1\design-27.1.1.aar\5b6bf82160f202ea360e9accbcb2c24a\jars\classes.jar;C:\Users\Andria\.gradle\caches\transforms-1\files-1.1\appcompat-v7-27.1.1.aar\48540b6cc774ca1ee15cce2e61de82c0\jars\classes.jar;C:\Users\Andria\.gradle\caches\transforms-1\files-1.1\constraint-layout-1.0.2.aar\22a83521baf11a868bfcb5806a07122d\jars\classes.jar;C:\Users\Andria\.gradle\caches\modules-2\files-2.1\org.jetbrains.kotlin\kotlin-stdlib\1.2.31\153dcd9ed9db246a7e36f4d7609e2a9f4718c674\kotlin-stdlib-1.2.31.jar;C:\Users\Andria\.gradle\caches\transforms-1\files-1.1\support-v4-27.1.1.aar\58b180b7cec106f54096d2bfaedd67ab\jars\classes.jar;C:\Users\Andria\.gradle\caches\transforms-1\files-1.1\support-fragment-27.1.1.aar\ea41458edcd4d09db9d32602c2f622c1\jars\classes.jar;C:\Users\Andria\.gradle\caches\transforms-1\files-1.1\animated-vector-drawable-27.1.1.aar\1f67727ae942d10f7613f9fd460f5c28\jars\classes.jar;C:\Users\Andria\.gradle\caches\transforms-1\files-1.1\recyclerview-v7-27.1.1.aar\ee4d86e0a77f759b9e7a7e9c76916177\jars\classes.jar;C:\Users\Andria\.gradle\caches\transforms-1\files-1.1\support-core-ui-27.1.1.aar\41fa047ec8dfe50501298b2d9f9a7edd\jars\classes.jar;C:\Users\Andria\.gradle\caches\transforms-1\files-1.1\support-core-utils-27.1.1.aar\8bb02225b40c6e06b1066cd35490033d\jars\classes.jar;C:\Users\Andria\.gradle\caches\transforms-1\files-1.1\support-vector-drawable-27.1.1.aar\83c210d49e5f869cc3bc7275e834070b\jars\classes.jar;C:\Users\Andria\.gradle\caches\transforms-1\
java_class_path (initial): C:\Users\Andria\.gradle\caches\modules-2\files-2.1\org.jetbrains.kotlin\kotlin-compiler-embeddable\1.2.31\29128887c407ed331d6dceef1a943ef0e51d6cfd\kotlin-compiler-embeddable-1.2.31.jar;C:\Users\Andria\.gradle\caches\modules-2\files-2.1\org.jetbrains.kotlin\kotlin-stdlib\1.2.31\153dcd9ed9db246a7e36f4d7609e2a9f4718c674\kotlin-stdlib-1.2.31.jar;C:\Users\Andria\.gradle\caches\modules-2\files-2.1\org.jetbrains.kotlin\kotlin-script-runtime\1.2.31\7904e817466f39297419e7ba3f296a2b86bb48be\kotlin-script-runtime-1.2.31.jar;C:\Users\Andria\.gradle\caches\modules-2\files-2.1\org.jetbrains.kotlin\kotlin-reflect\1.2.31\17c564968cae80b954b294f8564c492da56bd7b5\kotlin-reflect-1.2.31.jar;C:\Program Files\Android\Android Studio1\jre\lib\tools.jar
Launcher Type: SUN_STANDARD

Environment Variables:
PATH=C:\Program Files (x86)\Common Files\Oracle\Java\javapath;C:\Program Files\Haskell\bin;C:\Program Files\Haskell Platform\8.2.1\lib\extralibs\bin;C:\Program Files\Haskell Platform\8.2.1\bin;C:\ProgramData\Oracle\Java\javapath;C:\WINDOWS\system32;C:\WINDOWS;C:\WINDOWS\System32\Wbem;C:\WINDOWS\System32\WindowsPowerShell\v1.0\;C:\Program Files (x86)\ATI Technologies\ATI.ACE\Core-Static;C:\Program Files (x86)\NVIDIA Corporation\PhysX\Common;C:\Program Files\Haskell Platform\8.2.1\mingw\bin;C:\WINDOWS\system32;C:\WINDOWS;C:\WINDOWS\System32\Wbem;C:\WINDOWS\System32\WindowsPowerShell\v1.0\;C:\Users\Andria\AppData\Roaming\cabal\bin;C:\Users\Andria\AppData\Roaming\local\bin;C:\Users\Andria\AppData\Local\Microsoft\WindowsApps;C:\Users\Andria\AppData\Local\GitHubDesktop\bin
USERNAME=Andria
OS=Windows_NT
PROCESSOR_IDENTIFIER=AMD64 Family 23 Model 1 Stepping 1, AuthenticAMD



---------------  S Y S T E M  ---------------

OS: Windows 10.0 , 64 bit Build 16299 (10.0.16299.431)

CPU:total 16 (initial active 16) (16 cores per cpu, 1 threads per core) family 23 model 1 stepping 1, cmov, cx8, fxsr, mmx, sse, sse2, sse3, ssse3, sse4.1, sse4.2, popcnt, avx, avx2, aes, clmul, mmxext, 3dnowpref, lzcnt, sse4a, tsc, tscinvbit, tscinv, bmi1

Memory: 4k page, physical 8315436k(969460k free), swap 8315436k(5900k free)

vm_info: OpenJDK 64-Bit Server VM (25.152-b02) for windows-amd64 JRE (1.8.0_152-release-1024-b02), built by "builder" with MS VC++ 10.0 (VS2010)

time: Tue May 29 21:01:12 2018
elapsed time: 4 seconds (0d 0h 0m 4s)

