#
# There is insufficient memory for the Java Runtime Environment to continue.
# Native memory allocation (malloc) failed to allocate 1301936 bytes for Chunk::new
# Possible reasons:
#   The system is out of physical RAM or swap space
#   In 32 bit mode, the process size limit was hit
# Possible solutions:
#   Reduce memory load on the system
#   Increase physical memory or swap space
#   Check if swap backing store is full
#   Use 64 bit Java on a 64 bit OS
#   Decrease Java heap size (-Xmx/-Xms)
#   Decrease number of Java threads
#   Decrease Java thread stack sizes (-Xss)
#   Set larger code cache with -XX:ReservedCodeCacheSize=
# This output file may be truncated or incomplete.
#
#  Out of Memory Error (allocation.cpp:390), pid=7096, tid=0x0000000000001c84
#
# JRE version: OpenJDK Runtime Environment (8.0_152-b02) (build 1.8.0_152-release-1024-b02)
# Java VM: OpenJDK 64-Bit Server VM (25.152-b02 mixed mode windows-amd64 compressed oops)
# Failed to write core dump. Minidumps are not enabled by default on client versions of Windows
#

---------------  T H R E A D  ---------------

Current thread (0x0000000018a9c000):  JavaThread "C2 CompilerThread3" daemon [_thread_in_native, id=7300, stack(0x000000001c440000,0x000000001c540000)]

Stack: [0x000000001c440000,0x000000001c540000]
[error occurred during error reporting (printing stack bounds), id 0xc0000005]

Native frames: (J=compiled Java code, j=interpreted, Vv=VM code, C=native code)


Current CompileTask:
C2:   8433 8044       4       org.jetbrains.org.objectweb.asm.ClassReader::readMethod (1117 bytes)


---------------  P R O C E S S  ---------------

Java Threads: ( => current thread )
  0x000000001d45e800 JavaThread "RMI RenewClean-[localhost:50577,org.jetbrains.kotlin.daemon.common.LoopbackNetworkInterface$ClientLoopbackSocketFactory@b6fcdca]" daemon [_thread_blocked, id=7564, stack(0x000000001e950000,0x000000001ea50000)]
  0x000000001d415800 JavaThread "RMI TCP Connection(2)-127.0.0.1" daemon [_thread_in_native, id=7972, stack(0x000000001e850000,0x000000001e950000)]
  0x000000001d472000 JavaThread "RMI Scheduler(0)" daemon [_thread_blocked, id=9452, stack(0x000000001e750000,0x000000001e850000)]
  0x000000001d409000 JavaThread "RMI TCP Connection(1)-127.0.0.1" daemon [_thread_in_native, id=14668, stack(0x000000001e650000,0x000000001e750000)]
  0x00000000045ce800 JavaThread "DestroyJavaVM" [_thread_blocked, id=13828, stack(0x00000000045d0000,0x00000000046d0000)]
  0x000000001d37a800 JavaThread "GC Daemon" daemon [_thread_blocked, id=15476, stack(0x000000001df80000,0x000000001e080000)]
  0x000000001d37a000 JavaThread "RMI Reaper" [_thread_blocked, id=7344, stack(0x000000001de80000,0x000000001df80000)]
  0x000000001d374800 JavaThread "Timer-0" daemon [_thread_blocked, id=9244, stack(0x000000001dc80000,0x000000001dd80000)]
  0x000000001d368800 JavaThread "RMI TCP Accept-17797" daemon [_thread_in_native, id=2548, stack(0x000000001db80000,0x000000001dc80000)]
  0x000000001a5e7800 JavaThread "Service Thread" daemon [_thread_blocked, id=4076, stack(0x000000001ce40000,0x000000001cf40000)]
  0x000000001a543800 JavaThread "C1 CompilerThread11" daemon [_thread_blocked, id=5500, stack(0x000000001cd40000,0x000000001ce40000)]
  0x000000001a542800 JavaThread "C1 CompilerThread10" daemon [_thread_blocked, id=4904, stack(0x000000001cc40000,0x000000001cd40000)]
  0x000000001a53e000 JavaThread "C1 CompilerThread9" daemon [_thread_blocked, id=12432, stack(0x000000001cb40000,0x000000001cc40000)]
  0x000000001a545000 JavaThread "C1 CompilerThread8" daemon [_thread_blocked, id=7656, stack(0x000000001c940000,0x000000001ca40000)]
  0x000000001a542000 JavaThread "C2 CompilerThread7" daemon [_thread_in_native, id=1952, stack(0x000000001c840000,0x000000001c940000)]
  0x000000001a541000 JavaThread "C2 CompilerThread6" daemon [_thread_blocked, id=2520, stack(0x000000001c740000,0x000000001c840000)]
  0x000000001a544000 JavaThread "C2 CompilerThread5" daemon [_thread_in_native, id=1380, stack(0x000000001c640000,0x000000001c740000)]
  0x000000001a515800 JavaThread "C2 CompilerThread4" daemon [_thread_blocked, id=1776, stack(0x000000001c540000,0x000000001c640000)]
=>0x0000000018a9c000 JavaThread "C2 CompilerThread3" daemon [_thread_in_native, id=7300, stack(0x000000001c440000,0x000000001c540000)]
  0x000000001a503000 JavaThread "C2 CompilerThread2" daemon [_thread_blocked, id=11060, stack(0x000000001c340000,0x000000001c440000)]
  0x000000001a502000 JavaThread "C2 CompilerThread1" daemon [_thread_blocked, id=16276, stack(0x000000001c240000,0x000000001c340000)]
  0x000000001a4ff000 JavaThread "C2 CompilerThread0" daemon [_thread_blocked, id=5804, stack(0x000000001c140000,0x000000001c240000)]
  0x000000001a4fe800 JavaThread "Attach Listener" daemon [_thread_blocked, id=5324, stack(0x000000001c040000,0x000000001c140000)]
  0x000000001a4f6800 JavaThread "Signal Dispatcher" daemon [_thread_blocked, id=9476, stack(0x000000001bf40000,0x000000001c040000)]
  0x0000000018a91800 JavaThread "Finalizer" daemon [_thread_blocked, id=7488, stack(0x000000001bd50000,0x000000001be50000)]
  0x0000000018a88800 JavaThread "Reference Handler" daemon [_thread_blocked, id=14964, stack(0x000000001bc50000,0x000000001bd50000)]

Other Threads:
  0x000000001a4c2800 VMThread [stack: 0x000000001bb50000,0x000000001bc50000] [id=9900]
  0x000000001a5e8800 WatcherThread [stack: 0x000000001cf40000,0x000000001d040000] [id=13084]

VM state:not at safepoint (normal execution)

VM Mutex/Monitor currently owned by a thread: None

Heap:
 PSYoungGen      total 96256K, used 92421K [0x00000000e0000000, 0x00000000e9e80000, 0x0000000100000000)
  eden space 72192K, 94% used [0x00000000e0000000,0x00000000e42c4f70,0x00000000e4680000)
  from space 24064K, 99% used [0x00000000e4680000,0x00000000e5dfc608,0x00000000e5e00000)
  to   space 30720K, 0% used [0x00000000e8080000,0x00000000e8080000,0x00000000e9e80000)
 ParOldGen       total 111616K, used 24507K [0x00000000a0000000, 0x00000000a6d00000, 0x00000000e0000000)
  object space 111616K, 21% used [0x00000000a0000000,0x00000000a17eeef0,0x00000000a6d00000)
 Metaspace       used 54616K, capacity 55587K, committed 55848K, reserved 1097728K
  class space    used 6614K, capacity 6841K, committed 6960K, reserved 1048576K

Card table byte_map: [0x0000000013b90000,0x0000000013ea0000] byte_map_base: 0x0000000013690000

Marking Bits: (ParMarkBitMap*) 0x0000000060a44970
 Begin Bits: [0x0000000014da0000, 0x00000000165a0000)
 End Bits:   [0x00000000165a0000, 0x0000000017da0000)

Polling page: 0x00000000003e0000

CodeCache: size=245760Kb used=27341Kb max_used=27341Kb free=218418Kb
 bounds [0x00000000047d0000, 0x00000000062a0000, 0x00000000137d0000]
 total_blobs=8318 nmethods=7794 adapters=434
 compilation: enabled

Compilation events (10 events):
Event: 8.383 Thread 0x000000001a53e000 8606       3       org.jetbrains.org.objectweb.asm.tree.analysis.SourceInterpreter::newOperation (6 bytes)
Event: 8.383 Thread 0x000000001a542800 8607       3       org.jetbrains.org.objectweb.asm.tree.analysis.SourceInterpreter::newOperation (129 bytes)
Event: 8.383 Thread 0x000000001a543800 nmethod 8601 0x0000000006291390 code [0x00000000062915c0, 0x0000000006292308]
Event: 8.384 Thread 0x000000001a543800 8608       3       org.jetbrains.kotlin.codegen.optimization.LabelNormalizationMethodTransformer$TransformerForMethod::rewriteLabelInstructions (161 bytes)
Event: 8.384 Thread 0x000000001a53e000 nmethod 8606 0x000000000628d9d0 code [0x000000000628db40, 0x000000000628dd48]
Event: 8.384 Thread 0x000000001a53e000 8609       1       org.jetbrains.kotlin.codegen.AbstractClassBuilder$Concrete::getVisitor (5 bytes)
Event: 8.384 Thread 0x000000001a53e000 nmethod 8609 0x000000000628d710 code [0x000000000628d860, 0x000000000628d970]
Event: 8.384 Thread 0x000000001a542800 nmethod 8607 0x000000000628fe50 code [0x0000000006290060, 0x0000000006290dd8]
Event: 8.385 Thread 0x000000001a543800 nmethod 8608 0x0000000006292b10 code [0x0000000006292dc0, 0x0000000006294208]
Event: 8.387 Thread 0x000000001a545000 nmethod 8605 0x0000000006294a50 code [0x0000000006295100, 0x000000000629aa98]

GC Heap History (10 events):
Event: 3.746 GC heap before
{Heap before GC invocations=8 (full 2):
 PSYoungGen      total 71680K, used 13462K [0x00000000e0000000, 0x00000000e4b80000, 0x0000000100000000)
  eden space 66560K, 12% used [0x00000000e0000000,0x00000000e08296d8,0x00000000e4100000)
  from space 5120K, 99% used [0x00000000e4100000,0x00000000e45fc518,0x00000000e4600000)
  to   space 5120K, 0% used [0x00000000e4680000,0x00000000e4680000,0x00000000e4b80000)
 ParOldGen       total 70144K, used 24027K [0x00000000a0000000, 0x00000000a4480000, 0x00000000e0000000)
  object space 70144K, 34% used [0x00000000a0000000,0x00000000a1776c10,0x00000000a4480000)
 Metaspace       used 34686K, capacity 35156K, committed 35496K, reserved 1081344K
  class space    used 4333K, capacity 4460K, committed 4528K, reserved 1048576K
Event: 3.753 GC heap after
Heap after GC invocations=8 (full 2):
 PSYoungGen      total 60928K, used 5090K [0x00000000e0000000, 0x00000000e8180000, 0x0000000100000000)
  eden space 55808K, 0% used [0x00000000e0000000,0x00000000e0000000,0x00000000e3680000)
  from space 5120K, 99% used [0x00000000e4680000,0x00000000e4b78968,0x00000000e4b80000)
  to   space 16384K, 0% used [0x00000000e3680000,0x00000000e3680000,0x00000000e4680000)
 ParOldGen       total 70144K, used 25299K [0x00000000a0000000, 0x00000000a4480000, 0x00000000e0000000)
  object space 70144K, 36% used [0x00000000a0000000,0x00000000a18b4c20,0x00000000a4480000)
 Metaspace       used 34686K, capacity 35156K, committed 35496K, reserved 1081344K
  class space    used 4333K, capacity 4460K, committed 4528K, reserved 1048576K
}
Event: 3.753 GC heap before
{Heap before GC invocations=9 (full 3):
 PSYoungGen      total 60928K, used 5090K [0x00000000e0000000, 0x00000000e8180000, 0x0000000100000000)
  eden space 55808K, 0% used [0x00000000e0000000,0x00000000e0000000,0x00000000e3680000)
  from space 5120K, 99% used [0x00000000e4680000,0x00000000e4b78968,0x00000000e4b80000)
  to   space 16384K, 0% used [0x00000000e3680000,0x00000000e3680000,0x00000000e4680000)
 ParOldGen       total 70144K, used 25299K [0x00000000a0000000, 0x00000000a4480000, 0x00000000e0000000)
  object space 70144K, 36% used [0x00000000a0000000,0x00000000a18b4c20,0x00000000a4480000)
 Metaspace       used 34686K, capacity 35156K, committed 35496K, reserved 1081344K
  class space    used 4333K, capacity 4460K, committed 4528K, reserved 1048576K
Event: 3.828 GC heap after
Heap after GC invocations=9 (full 3):
 PSYoungGen      total 60928K, used 0K [0x00000000e0000000, 0x00000000e8180000, 0x0000000100000000)
  eden space 55808K, 0% used [0x00000000e0000000,0x00000000e0000000,0x00000000e3680000)
  from space 5120K, 0% used [0x00000000e4680000,0x00000000e4680000,0x00000000e4b80000)
  to   space 16384K, 0% used [0x00000000e3680000,0x00000000e3680000,0x00000000e4680000)
 ParOldGen       total 111616K, used 13554K [0x00000000a0000000, 0x00000000a6d00000, 0x00000000e0000000)
  object space 111616K, 12% used [0x00000000a0000000,0x00000000a0d3ca28,0x00000000a6d00000)
 Metaspace       used 34686K, capacity 35156K, committed 35496K, reserved 1081344K
  class space    used 4333K, capacity 4460K, committed 4528K, reserved 1048576K
}
Event: 4.573 GC heap before
{Heap before GC invocations=10 (full 3):
 PSYoungGen      total 60928K, used 55808K [0x00000000e0000000, 0x00000000e8180000, 0x0000000100000000)
  eden space 55808K, 100% used [0x00000000e0000000,0x00000000e3680000,0x00000000e3680000)
  from space 5120K, 0% used [0x00000000e4680000,0x00000000e4680000,0x00000000e4b80000)
  to   space 16384K, 0% used [0x00000000e3680000,0x00000000e3680000,0x00000000e4680000)
 ParOldGen       total 111616K, used 13554K [0x00000000a0000000, 0x00000000a6d00000, 0x00000000e0000000)
  object space 111616K, 12% used [0x00000000a0000000,0x00000000a0d3ca28,0x00000000a6d00000)
 Metaspace       used 38369K, capacity 38900K, committed 39208K, reserved 1083392K
  class space    used 4763K, capacity 4892K, committed 4912K, reserved 1048576K
Event: 4.585 GC heap after
Heap after GC invocations=10 (full 3):
 PSYoungGen      total 72192K, used 16299K [0x00000000e0000000, 0x00000000e7100000, 0x0000000100000000)
  eden space 55808K, 0% used [0x00000000e0000000,0x00000000e0000000,0x00000000e3680000)
  from space 16384K, 99% used [0x00000000e3680000,0x00000000e466af60,0x00000000e4680000)
  to   space 19456K, 0% used [0x00000000e5e00000,0x00000000e5e00000,0x00000000e7100000)
 ParOldGen       total 111616K, used 13562K [0x00000000a0000000, 0x00000000a6d00000, 0x00000000e0000000)
  object space 111616K, 12% used [0x00000000a0000000,0x00000000a0d3ea28,0x00000000a6d00000)
 Metaspace       used 38369K, capacity 38900K, committed 39208K, reserved 1083392K
  class space    used 4763K, capacity 4892K, committed 4912K, reserved 1048576K
}
Event: 5.579 GC heap before
{Heap before GC invocations=11 (full 3):
 PSYoungGen      total 72192K, used 71442K [0x00000000e0000000, 0x00000000e7100000, 0x0000000100000000)
  eden space 55808K, 98% used [0x00000000e0000000,0x00000000e35d9ab8,0x00000000e3680000)
  from space 16384K, 99% used [0x00000000e3680000,0x00000000e466af60,0x00000000e4680000)
  to   space 19456K, 0% used [0x00000000e5e00000,0x00000000e5e00000,0x00000000e7100000)
 ParOldGen       total 111616K, used 13562K [0x00000000a0000000, 0x00000000a6d00000, 0x00000000e0000000)
  object space 111616K, 12% used [0x00000000a0000000,0x00000000a0d3ea28,0x00000000a6d00000)
 Metaspace       used 41898K, capacity 42551K, committed 43048K, reserved 1087488K
  class space    used 5142K, capacity 5311K, committed 5424K, reserved 1048576K
Event: 5.599 GC heap after
Heap after GC invocations=11 (full 3):
 PSYoungGen      total 91648K, used 19436K [0x00000000e0000000, 0x00000000e7a80000, 0x0000000100000000)
  eden space 72192K, 0% used [0x00000000e0000000,0x00000000e0000000,0x00000000e4680000)
  from space 19456K, 99% used [0x00000000e5e00000,0x00000000e70fb310,0x00000000e7100000)
  to   space 24064K, 0% used [0x00000000e4680000,0x00000000e4680000,0x00000000e5e00000)
 ParOldGen       total 111616K, used 16791K [0x00000000a0000000, 0x00000000a6d00000, 0x00000000e0000000)
  object space 111616K, 15% used [0x00000000a0000000,0x00000000a1065df0,0x00000000a6d00000)
 Metaspace       used 41898K, capacity 42551K, committed 43048K, reserved 1087488K
  class space    used 5142K, capacity 5311K, committed 5424K, reserved 1048576K
}
Event: 6.837 GC heap before
{Heap before GC invocations=12 (full 3):
 PSYoungGen      total 91648K, used 91628K [0x00000000e0000000, 0x00000000e7a80000, 0x0000000100000000)
  eden space 72192K, 100% used [0x00000000e0000000,0x00000000e4680000,0x00000000e4680000)
  from space 19456K, 99% used [0x00000000e5e00000,0x00000000e70fb310,0x00000000e7100000)
  to   space 24064K, 0% used [0x00000000e4680000,0x00000000e4680000,0x00000000e5e00000)
 ParOldGen       total 111616K, used 16791K [0x00000000a0000000, 0x00000000a6d00000, 0x00000000e0000000)
  object space 111616K, 15% used [0x00000000a0000000,0x00000000a1065df0,0x00000000a6d00000)
 Metaspace       used 46407K, capacity 47151K, committed 47400K, reserved 1091584K
  class space    used 5694K, capacity 5875K, committed 5936K, reserved 1048576K
Event: 6.871 GC heap after
Heap after GC invocations=12 (full 3):
 PSYoungGen      total 96256K, used 24049K [0x00000000e0000000, 0x00000000e9e80000, 0x0000000100000000)
  eden space 72192K, 0% used [0x00000000e0000000,0x00000000e0000000,0x00000000e4680000)
  from space 24064K, 99% used [0x00000000e4680000,0x00000000e5dfc608,0x00000000e5e00000)
  to   space 30720K, 0% used [0x00000000e8080000,0x00000000e8080000,0x00000000e9e80000)
 ParOldGen       total 111616K, used 24507K [0x00000000a0000000, 0x00000000a6d00000, 0x00000000e0000000)
  object space 111616K, 21% used [0x00000000a0000000,0x00000000a17eeef0,0x00000000a6d00000)
 Metaspace       used 46407K, capacity 47151K, committed 47400K, reserved 1091584K
  class space    used 5694K, capacity 5875K, committed 5936K, reserved 1048576K
}

Deoptimization events (10 events):
Event: 8.201 Thread 0x000000001d415800 Uncommon trap: reason=speculate_class_check action=maybe_recompile pc=0x000000000600685c method=java.util.ArrayList.<init>(Ljava/util/Collection;)V @ 36
Event: 8.209 Thread 0x000000001d415800 Uncommon trap: reason=class_check action=maybe_recompile pc=0x00000000058b43ac method=org.jetbrains.kotlin.types.FlexibleType.getConstructor()Lorg/jetbrains/kotlin/types/TypeConstructor; @ 4
Event: 8.209 Thread 0x000000001d415800 Uncommon trap: reason=class_check action=maybe_recompile pc=0x00000000058b43ac method=org.jetbrains.kotlin.types.FlexibleType.getConstructor()Lorg/jetbrains/kotlin/types/TypeConstructor; @ 4
Event: 8.209 Thread 0x000000001d415800 Uncommon trap: reason=class_check action=maybe_recompile pc=0x00000000058b43ac method=org.jetbrains.kotlin.types.FlexibleType.getConstructor()Lorg/jetbrains/kotlin/types/TypeConstructor; @ 4
Event: 8.209 Thread 0x000000001d415800 Uncommon trap: reason=class_check action=maybe_recompile pc=0x00000000058b43ac method=org.jetbrains.kotlin.types.FlexibleType.getConstructor()Lorg/jetbrains/kotlin/types/TypeConstructor; @ 4
Event: 8.239 Thread 0x000000001d415800 Uncommon trap: reason=bimorphic action=maybe_recompile pc=0x000000000565ec80 method=org.jetbrains.kotlin.codegen.optimization.common.OptimizationBasicInterpreter.merge(Lorg/jetbrains/org/objectweb/asm/tree/analysis/BasicValue;Lorg/jetbrains/org/objectweb/
Event: 8.239 Thread 0x000000001d415800 Uncommon trap: reason=bimorphic action=maybe_recompile pc=0x000000000565ec80 method=org.jetbrains.kotlin.codegen.optimization.common.OptimizationBasicInterpreter.merge(Lorg/jetbrains/org/objectweb/asm/tree/analysis/BasicValue;Lorg/jetbrains/org/objectweb/
Event: 8.239 Thread 0x000000001d415800 Uncommon trap: reason=bimorphic action=maybe_recompile pc=0x000000000565ec80 method=org.jetbrains.kotlin.codegen.optimization.common.OptimizationBasicInterpreter.merge(Lorg/jetbrains/org/objectweb/asm/tree/analysis/BasicValue;Lorg/jetbrains/org/objectweb/
Event: 8.239 Thread 0x000000001d415800 Uncommon trap: reason=bimorphic action=maybe_recompile pc=0x000000000565ec80 method=org.jetbrains.kotlin.codegen.optimization.common.OptimizationBasicInterpreter.merge(Lorg/jetbrains/org/objectweb/asm/tree/analysis/BasicValue;Lorg/jetbrains/org/objectweb/
Event: 8.253 Thread 0x000000001d415800 Uncommon trap: reason=unstable_if action=reinterpret pc=0x0000000005d526f8 method=org.jetbrains.kotlin.load.java.components.JavaAnnotationMapper.findMappedJavaAnnotation(Lorg/jetbrains/kotlin/name/FqName;Lorg/jetbrains/kotlin/load/java/structure/JavaAnnot

Classes redefined (0 events):
No events

Internal exceptions (10 events):
Event: 7.453 Thread 0x000000001d415800 Implicit null exception at 0x0000000004c1ef15 to 0x0000000004c1f0e5
Event: 7.465 Thread 0x000000001d415800 Implicit null exception at 0x0000000004ef1764 to 0x0000000004ef1b25
Event: 7.465 Thread 0x000000001d415800 Implicit null exception at 0x0000000004ef2268 to 0x0000000004ef25b5
Event: 7.465 Thread 0x000000001d415800 Implicit null exception at 0x0000000004ef104c to 0x0000000004ef10b6
Event: 7.560 Thread 0x000000001d415800 Implicit null exception at 0x0000000004f890d4 to 0x0000000004f8936e
Event: 7.560 Thread 0x000000001d415800 Implicit null exception at 0x0000000005886d94 to 0x0000000005887046
Event: 7.738 Thread 0x000000001d415800 Exception <a 'java/lang/NoSuchMethodError': java.lang.Object.lambda$static$0(Ljava/lang/Throwable;Ljava/lang/String;)V> (0x00000000e24d4ce0) thrown at [D:\src\AOSP-openjdk-cygwin\jdk8u\hotspot\src\share\vm\interpreter\linkResolver.cpp, line 584]
Event: 7.906 Thread 0x000000001d415800 Exception <a 'java/lang/NoSuchMethodError': java.lang.Object.lambda$static$0(Lorg/jetbrains/kotlin/descriptors/ValueParameterDescriptor;Lorg/jetbrains/kotlin/codegen/ExpressionCodegen;)Lorg/jetbrains/kotlin/codegen/StackValue;> (0x00000000e2c948d8) thrown
Event: 8.023 Thread 0x000000001d415800 Exception <a 'java/lang/NoSuchMethodError': java.lang.Object.lambda$static$0(Ljava/lang/String;)Z> (0x00000000e3272988) thrown at [D:\src\AOSP-openjdk-cygwin\jdk8u\hotspot\src\share\vm\interpreter\linkResolver.cpp, line 584]
Event: 8.023 Thread 0x000000001d415800 Exception <a 'java/lang/NoSuchMethodError': java.lang.Object.lambda$static$1(Ljava/lang/String;)Z> (0x00000000e32755a8) thrown at [D:\src\AOSP-openjdk-cygwin\jdk8u\hotspot\src\share\vm\interpreter\linkResolver.cpp, line 584]

Events (10 events):
Event: 8.385 loading class org/jetbrains/kotlin/codegen/ClassFileFactory
Event: 8.385 loading class org/jetbrains/kotlin/codegen/ClassFileFactory done
Event: 8.385 loading class org/jetbrains/kotlin/codegen/ClassFileFactory$OutputClassFile
Event: 8.385 loading class org/jetbrains/kotlin/codegen/ClassFileFactory$OutputClassFile done
Event: 8.386 loading class org/jetbrains/kotlin/cli/common/output/outputUtils/OutputUtilsKt
Event: 8.386 loading class org/jetbrains/kotlin/cli/common/output/outputUtils/OutputUtilsKt done
Event: 8.386 loading class org/jetbrains/kotlin/cli/common/output/outputUtils/OutputUtilsKt$writeAll$1
Event: 8.386 loading class org/jetbrains/kotlin/cli/common/output/outputUtils/OutputUtilsKt$writeAll$1 done
Event: 8.386 loading class org/jetbrains/kotlin/cli/common/messages/GroupingMessageCollector$Message
Event: 8.386 loading class org/jetbrains/kotlin/cli/common/messages/GroupingMessageCollector$Message done


Dynamic libraries:
0x00007ff72daf0000 - 0x00007ff72db21000 	C:\Program Files\Android\Android Studio1\jre\jre\bin\java.exe
0x00007ff8a98e0000 - 0x00007ff8a9ac0000 	C:\WINDOWS\SYSTEM32\ntdll.dll
0x00007ff8a8500000 - 0x00007ff8a85ae000 	C:\WINDOWS\System32\KERNEL32.DLL
0x00007ff8a6aa0000 - 0x00007ff8a6d06000 	C:\WINDOWS\System32\KERNELBASE.dll
0x00007ff8a92c0000 - 0x00007ff8a9361000 	C:\WINDOWS\System32\ADVAPI32.dll
0x00007ff8a8df0000 - 0x00007ff8a8e8d000 	C:\WINDOWS\System32\msvcrt.dll
0x00007ff8a9160000 - 0x00007ff8a91bb000 	C:\WINDOWS\System32\sechost.dll
0x00007ff8a9480000 - 0x00007ff8a959f000 	C:\WINDOWS\System32\RPCRT4.dll
0x00007ff8a6db0000 - 0x00007ff8a6f3f000 	C:\WINDOWS\System32\USER32.dll
0x00007ff8a5eb0000 - 0x00007ff8a5ed0000 	C:\WINDOWS\System32\win32u.dll
0x00007ff8a9070000 - 0x00007ff8a9098000 	C:\WINDOWS\System32\GDI32.dll
0x00007ff8a5f50000 - 0x00007ff8a60e3000 	C:\WINDOWS\System32\gdi32full.dll
0x00007ff8a6d10000 - 0x00007ff8a6dab000 	C:\WINDOWS\System32\msvcp_win.dll
0x00007ff8a69a0000 - 0x00007ff8a6a96000 	C:\WINDOWS\System32\ucrtbase.dll
0x00007ff89e9c0000 - 0x00007ff89ec29000 	C:\WINDOWS\WinSxS\amd64_microsoft.windows.common-controls_6595b64144ccf1df_6.0.16299.431_none_15c7d3ee93659e73\COMCTL32.dll
0x00007ff8a95a0000 - 0x00007ff8a98a8000 	C:\WINDOWS\System32\combase.dll
0x00007ff8a5ed0000 - 0x00007ff8a5f42000 	C:\WINDOWS\System32\bcryptPrimitives.dll
0x00007ff8a91c0000 - 0x00007ff8a91ed000 	C:\WINDOWS\System32\IMM32.DLL
0x00000000600c0000 - 0x0000000060192000 	C:\Program Files\Android\Android Studio1\jre\jre\bin\msvcr100.dll
0x0000000060280000 - 0x0000000060abf000 	C:\Program Files\Android\Android Studio1\jre\jre\bin\server\jvm.dll
0x00007ff8a70b0000 - 0x00007ff8a70b8000 	C:\WINDOWS\System32\PSAPI.DLL
0x00007ff8a0e70000 - 0x00007ff8a0e7a000 	C:\WINDOWS\SYSTEM32\VERSION.dll
0x00007ff8a4060000 - 0x00007ff8a4069000 	C:\WINDOWS\SYSTEM32\WSOCK32.dll
0x00007ff8a3be0000 - 0x00007ff8a3c03000 	C:\WINDOWS\SYSTEM32\WINMM.dll
0x00007ff8a8e90000 - 0x00007ff8a8efc000 	C:\WINDOWS\System32\WS2_32.dll
0x00007ff8a3a60000 - 0x00007ff8a3a8a000 	C:\WINDOWS\SYSTEM32\winmmbase.dll
0x00007ff8a6950000 - 0x00007ff8a699a000 	C:\WINDOWS\System32\cfgmgr32.dll
0x00007ff8a4030000 - 0x00007ff8a403f000 	C:\Program Files\Android\Android Studio1\jre\jre\bin\verify.dll
0x00007ff8a2c40000 - 0x00007ff8a2c69000 	C:\Program Files\Android\Android Studio1\jre\jre\bin\java.dll
0x00007ff8a2bf0000 - 0x00007ff8a2c06000 	C:\Program Files\Android\Android Studio1\jre\jre\bin\zip.dll
0x00007ff8a70c0000 - 0x00007ff8a84f8000 	C:\WINDOWS\System32\SHELL32.dll
0x00007ff8a91f0000 - 0x00007ff8a9296000 	C:\WINDOWS\System32\shcore.dll
0x00007ff8a61a0000 - 0x00007ff8a68e7000 	C:\WINDOWS\System32\windows.storage.dll
0x00007ff8a9100000 - 0x00007ff8a9151000 	C:\WINDOWS\System32\shlwapi.dll
0x00007ff8a5c30000 - 0x00007ff8a5c41000 	C:\WINDOWS\System32\kernel.appcore.dll
0x00007ff8a5c90000 - 0x00007ff8a5cdc000 	C:\WINDOWS\System32\powrprof.dll
0x00007ff8a5c50000 - 0x00007ff8a5c6b000 	C:\WINDOWS\System32\profapi.dll
0x00007ff8a4020000 - 0x00007ff8a402d000 	C:\Program Files\Android\Android Studio1\jre\jre\bin\management.dll
0x00007ff8a2b90000 - 0x00007ff8a2baa000 	C:\Program Files\Android\Android Studio1\jre\jre\bin\net.dll
0x00007ff8a54c0000 - 0x00007ff8a5526000 	C:\WINDOWS\system32\mswsock.dll
0x00007ff8a2b00000 - 0x00007ff8a2b11000 	C:\Program Files\Android\Android Studio1\jre\jre\bin\nio.dll
0x00007ff8a5680000 - 0x00007ff8a5697000 	C:\WINDOWS\SYSTEM32\CRYPTSP.dll
0x00007ff8a50c0000 - 0x00007ff8a50f3000 	C:\WINDOWS\system32\rsaenh.dll
0x00007ff8a5790000 - 0x00007ff8a57b5000 	C:\WINDOWS\SYSTEM32\bcrypt.dll
0x00007ff8a5b30000 - 0x00007ff8a5b59000 	C:\WINDOWS\SYSTEM32\USERENV.dll
0x00007ff8a56a0000 - 0x00007ff8a56ab000 	C:\WINDOWS\SYSTEM32\CRYPTBASE.dll
0x00007ff8a5250000 - 0x00007ff8a5289000 	C:\WINDOWS\SYSTEM32\IPHLPAPI.DLL
0x00007ff8a6f40000 - 0x00007ff8a6f48000 	C:\WINDOWS\System32\NSI.dll
0x00007ff8a0490000 - 0x00007ff8a04a6000 	C:\WINDOWS\SYSTEM32\dhcpcsvc6.DLL
0x00007ff8a0c10000 - 0x00007ff8a0c2a000 	C:\WINDOWS\SYSTEM32\dhcpcsvc.DLL

VM Arguments:
jvm_args: -Djava.awt.headless=true -Djava.rmi.server.hostname=localhost -Xmx1536m -Dkotlin.environment.keepalive 
java_command: org.jetbrains.kotlin.daemon.KotlinCompileDaemon --daemon-runFilesPath C:\Users\Andria\AppData\Local\kotlin\daemon --daemon-autoshutdownIdleSeconds=7200 --daemon-compilerClasspath C:\Users\Andria\.gradle\caches\modules-2\files-2.1\org.jetbrains.kotlin\kotlin-compiler-embeddable\1.2.31\29128887c407ed331d6dceef1a943ef0e51d6cfd\kotlin-compiler-embeddable-1.2.31.jar;C:\Users\Andria\.gradle\caches\modules-2\files-2.1\org.jetbrains.kotlin\kotlin-stdlib\1.2.31\153dcd9ed9db246a7e36f4d7609e2a9f4718c674\kotlin-stdlib-1.2.31.jar;C:\Users\Andria\.gradle\caches\modules-2\files-2.1\org.jetbrains.kotlin\kotlin-script-runtime\1.2.31\7904e817466f39297419e7ba3f296a2b86bb48be\kotlin-script-runtime-1.2.31.jar;C:\Users\Andria\.gradle\caches\modules-2\files-2.1\org.jetbrains.kotlin\kotlin-reflect\1.2.31\17c564968cae80b954b294f8564c492da56bd7b5\kotlin-reflect-1.2.31.jar;C:\Program Files\Android\Android Studio1\jre\lib\tools.jar
java_class_path (initial): C:\Users\Andria\.gradle\caches\modules-2\files-2.1\org.jetbrains.kotlin\kotlin-compiler-embeddable\1.2.31\29128887c407ed331d6dceef1a943ef0e51d6cfd\kotlin-compiler-embeddable-1.2.31.jar;C:\Users\Andria\.gradle\caches\modules-2\files-2.1\org.jetbrains.kotlin\kotlin-stdlib\1.2.31\153dcd9ed9db246a7e36f4d7609e2a9f4718c674\kotlin-stdlib-1.2.31.jar;C:\Users\Andria\.gradle\caches\modules-2\files-2.1\org.jetbrains.kotlin\kotlin-script-runtime\1.2.31\7904e817466f39297419e7ba3f296a2b86bb48be\kotlin-script-runtime-1.2.31.jar;C:\Users\Andria\.gradle\caches\modules-2\files-2.1\org.jetbrains.kotlin\kotlin-reflect\1.2.31\17c564968cae80b954b294f8564c492da56bd7b5\kotlin-reflect-1.2.31.jar;C:\Program Files\Android\Android Studio1\jre\lib\tools.jar
Launcher Type: SUN_STANDARD

Environment Variables:
PATH=C:\Program Files (x86)\Common Files\Oracle\Java\javapath;C:\Program Files\Haskell\bin;C:\Program Files\Haskell Platform\8.2.1\lib\extralibs\bin;C:\Program Files\Haskell Platform\8.2.1\bin;C:\ProgramData\Oracle\Java\javapath;C:\WINDOWS\system32;C:\WINDOWS;C:\WINDOWS\System32\Wbem;C:\WINDOWS\System32\WindowsPowerShell\v1.0\;C:\Program Files (x86)\ATI Technologies\ATI.ACE\Core-Static;C:\Program Files (x86)\NVIDIA Corporation\PhysX\Common;C:\Program Files\Haskell Platform\8.2.1\mingw\bin;C:\WINDOWS\system32;C:\WINDOWS;C:\WINDOWS\System32\Wbem;C:\WINDOWS\System32\WindowsPowerShell\v1.0\;C:\Users\Andria\AppData\Roaming\cabal\bin;C:\Users\Andria\AppData\Roaming\local\bin;C:\Users\Andria\AppData\Local\Microsoft\WindowsApps;C:\Users\Andria\AppData\Local\GitHubDesktop\bin
USERNAME=Andria
OS=Windows_NT
PROCESSOR_IDENTIFIER=AMD64 Family 23 Model 1 Stepping 1, AuthenticAMD



---------------  S Y S T E M  ---------------

OS: Windows 10.0 , 64 bit Build 16299 (10.0.16299.431)

CPU:total 16 (initial active 16) (16 cores per cpu, 1 threads per core) family 23 model 1 stepping 1, cmov, cx8, fxsr, mmx, sse, sse2, sse3, ssse3, sse4.1, sse4.2, popcnt, avx, avx2, aes, clmul, mmxext, 3dnowpref, lzcnt, sse4a, tsc, tscinvbit, tscinv, bmi1

Memory: 4k page, physical 8315436k(897684k free), swap 8315436k(4812k free)

vm_info: OpenJDK 64-Bit Server VM (25.152-b02) for windows-amd64 JRE (1.8.0_152-release-1024-b02), built by "builder" with MS VC++ 10.0 (VS2010)

time: Tue May 29 21:01:03 2018
elapsed time: 8 seconds (0d 0h 0m 8s)

