#
# There is insufficient memory for the Java Runtime Environment to continue.
# Native memory allocation (malloc) failed to allocate 793136 bytes for Chunk::new
# Possible reasons:
#   The system is out of physical RAM or swap space
#   In 32 bit mode, the process size limit was hit
# Possible solutions:
#   Reduce memory load on the system
#   Increase physical memory or swap space
#   Check if swap backing store is full
#   Use 64 bit Java on a 64 bit OS
#   Decrease Java heap size (-Xmx/-Xms)
#   Decrease number of Java threads
#   Decrease Java thread stack sizes (-Xss)
#   Set larger code cache with -XX:ReservedCodeCacheSize=
# This output file may be truncated or incomplete.
#
#  Out of Memory Error (allocation.cpp:390), pid=4264, tid=0x00000000000008f4
#
# JRE version: OpenJDK Runtime Environment (8.0_152-b02) (build 1.8.0_152-release-1024-b02)
# Java VM: OpenJDK 64-Bit Server VM (25.152-b02 mixed mode windows-amd64 compressed oops)
# Failed to write core dump. Minidumps are not enabled by default on client versions of Windows
#

---------------  T H R E A D  ---------------

Current thread (0x000000001aa6a000):  JavaThread "C2 CompilerThread6" daemon [_thread_in_native, id=2292, stack(0x000000001cc90000,0x000000001cd90000)]

Stack: [0x000000001cc90000,0x000000001cd90000]
[error occurred during error reporting (printing stack bounds), id 0xc0000005]

Native frames: (J=compiled Java code, j=interpreted, Vv=VM code, C=native code)


Current CompileTask:
C2:   3133 1524       4       java.net.URLClassLoader$1::run (5 bytes)


---------------  P R O C E S S  ---------------

Java Threads: ( => current thread )
  0x000000001ebdf000 JavaThread "Cache worker for file hash cache (C:\Users\Andria\Documents\GitHub\FitnessPal\.gradle\4.4\fileHashes)" [_thread_blocked, id=11504, stack(0x0000000020470000,0x0000000020570000)]
  0x000000001eac2000 JavaThread "File lock request listener" [_thread_in_native, id=15444, stack(0x0000000020370000,0x0000000020470000)]
  0x000000001eabf800 JavaThread "Cache worker for file hash cache (C:\Users\Andria\.gradle\caches\4.4\fileHashes)" [_thread_blocked, id=15708, stack(0x0000000020270000,0x0000000020370000)]
  0x000000001e930000 JavaThread "Stdin handler" [_thread_blocked, id=15972, stack(0x000000001ff70000,0x0000000020070000)]
  0x000000001e92e800 JavaThread "Asynchronous log dispatcher for DefaultDaemonConnection: socket connection from /127.0.0.1:59313 to /127.0.0.1:59314" [_thread_blocked, id=17004, stack(0x000000001fe70000,0x000000001ff70000)]
  0x000000001e953800 JavaThread "Daemon worker" [_thread_in_vm, id=11444, stack(0x000000001fd70000,0x000000001fe70000)]
  0x000000001e952800 JavaThread "Cancel handler" [_thread_blocked, id=17804, stack(0x000000001fc70000,0x000000001fd70000)]
  0x000000001d605000 JavaThread "Handler for socket connection from /127.0.0.1:59313 to /127.0.0.1:59314" [_thread_in_native, id=972, stack(0x000000001f970000,0x000000001fa70000)]
  0x000000001d60c800 JavaThread "Daemon" [_thread_blocked, id=11100, stack(0x000000001f870000,0x000000001f970000)]
  0x000000001e6d5000 JavaThread "Daemon periodic checks" [_thread_blocked, id=5492, stack(0x000000001f770000,0x000000001f870000)]
  0x000000001e6f4000 JavaThread "Incoming local TCP Connector on port 59313" [_thread_in_native, id=16548, stack(0x000000001f2a0000,0x000000001f3a0000)]
  0x000000001ab21000 JavaThread "Service Thread" daemon [_thread_blocked, id=17112, stack(0x000000001d390000,0x000000001d490000)]
  0x000000001aa64800 JavaThread "C1 CompilerThread11" daemon [_thread_blocked, id=16764, stack(0x000000001d290000,0x000000001d390000)]
  0x000000001aa64000 JavaThread "C1 CompilerThread10" daemon [_thread_blocked, id=9524, stack(0x000000001d190000,0x000000001d290000)]
  0x000000001aa67800 JavaThread "C1 CompilerThread9" daemon [_thread_blocked, id=17300, stack(0x000000001cf90000,0x000000001d090000)]
  0x000000001aa69000 JavaThread "C1 CompilerThread8" daemon [_thread_blocked, id=10276, stack(0x000000001ce90000,0x000000001cf90000)]
  0x000000001aa6a800 JavaThread "C2 CompilerThread7" daemon [_thread_in_native, id=432, stack(0x000000001cd90000,0x000000001ce90000)]
=>0x000000001aa6a000 JavaThread "C2 CompilerThread6" daemon [_thread_in_native, id=2292, stack(0x000000001cc90000,0x000000001cd90000)]
  0x000000001aa68800 JavaThread "C2 CompilerThread5" daemon [_thread_in_native, id=15952, stack(0x000000001cb90000,0x000000001cc90000)]
  0x000000001aa67000 JavaThread "C2 CompilerThread4" daemon [_thread_blocked, id=12304, stack(0x000000001ca90000,0x000000001cb90000)]
  0x0000000018fdd800 JavaThread "C2 CompilerThread3" daemon [_thread_blocked, id=10404, stack(0x000000001c990000,0x000000001ca90000)]
  0x0000000018fd8800 JavaThread "C2 CompilerThread2" daemon [_thread_blocked, id=3836, stack(0x000000001c890000,0x000000001c990000)]
  0x000000001aa4f000 JavaThread "C2 CompilerThread1" daemon [_thread_in_native, id=11464, stack(0x000000001c790000,0x000000001c890000)]
  0x000000001aa4c800 JavaThread "C2 CompilerThread0" daemon [_thread_blocked, id=15960, stack(0x000000001c690000,0x000000001c790000)]
  0x000000001aa4b800 JavaThread "Attach Listener" daemon [_thread_blocked, id=15800, stack(0x000000001c590000,0x000000001c690000)]
  0x000000001aa48000 JavaThread "Signal Dispatcher" daemon [_thread_blocked, id=4148, stack(0x000000001c490000,0x000000001c590000)]
  0x000000001aa36800 JavaThread "Finalizer" daemon [_thread_blocked, id=2856, stack(0x000000001c2a0000,0x000000001c3a0000)]
  0x000000001aa15800 JavaThread "Reference Handler" daemon [_thread_blocked, id=7172, stack(0x000000001c1a0000,0x000000001c2a0000)]
  0x0000000004abd800 JavaThread "main" [_thread_blocked, id=18144, stack(0x0000000004b10000,0x0000000004c10000)]

Other Threads:
  0x000000001aa13000 VMThread [stack: 0x000000001c0a0000,0x000000001c1a0000] [id=16440]
  0x000000001ab39800 WatcherThread [stack: 0x000000001d490000,0x000000001d590000] [id=11912]

VM state:not at safepoint (normal execution)

VM Mutex/Monitor currently owned by a thread: None

Heap:
 PSYoungGen      total 38400K, used 5537K [0x00000000e0000000, 0x00000000e4b00000, 0x0000000100000000)
  eden space 33280K, 1% used [0x00000000e0000000,0x00000000e00705d8,0x00000000e2080000)
  from space 5120K, 99% used [0x00000000e2580000,0x00000000e2a78020,0x00000000e2a80000)
  to   space 5120K, 0% used [0x00000000e2080000,0x00000000e2080000,0x00000000e2580000)
 ParOldGen       total 87552K, used 5350K [0x00000000a0000000, 0x00000000a5580000, 0x00000000e0000000)
  object space 87552K, 6% used [0x00000000a0000000,0x00000000a05399b0,0x00000000a5580000)
 Metaspace       used 17564K, capacity 17950K, committed 18048K, reserved 1064960K
  class space    used 2501K, capacity 2633K, committed 2688K, reserved 1048576K

Card table byte_map: [0x00000000140d0000,0x00000000143e0000] byte_map_base: 0x0000000013bd0000

Marking Bits: (ParMarkBitMap*) 0x000000005a8b4970
 Begin Bits: [0x00000000152e0000, 0x0000000016ae0000)
 End Bits:   [0x0000000016ae0000, 0x00000000182e0000)

Polling page: 0x00000000009e0000

CodeCache: size=245760Kb used=7288Kb max_used=7305Kb free=238471Kb
 bounds [0x0000000004d10000, 0x0000000005440000, 0x0000000013d10000]
 total_blobs=2034 nmethods=1656 adapters=289
 compilation: enabled

Compilation events (10 events):
Event: 3.063 Thread 0x000000001aa64000 nmethod 1649 0x0000000005426310 code [0x00000000054265e0, 0x0000000005427c38]
Event: 3.063 Thread 0x000000001aa67800 nmethod 1651 0x00000000054252d0 code [0x00000000054254c0, 0x0000000005425eb8]
Event: 3.103 Thread 0x000000001aa69000 1652       3       java.lang.Class::privateGetDeclaredFields (67 bytes)
Event: 3.104 Thread 0x000000001aa69000 nmethod 1652 0x000000000542ab50 code [0x000000000542ad40, 0x000000000542b668]
Event: 3.107 Thread 0x0000000018fd8800 1653       4       java.util.jar.JarFile::maybeInstantiateVerifier (96 bytes)
Event: 3.124 Thread 0x0000000018fdd800 1654   !   4       java.lang.ref.Reference::tryHandlePending (115 bytes)
Event: 3.124 Thread 0x000000001aa4f000 1655   !   4       java.lang.ref.ReferenceQueue::enqueue (119 bytes)
Event: 3.125 Thread 0x000000001aa4c800 1656       4       java.lang.ref.ReferenceQueue::remove (6 bytes)
Event: 3.126 Thread 0x000000001aa68800 1657   !   4       java.lang.ref.ReferenceQueue::remove (125 bytes)
Event: 3.126 Thread 0x000000001aa67000 1658       4       java.lang.ref.Finalizer::access$100 (6 bytes)

GC Heap History (8 events):
Event: 0.880 GC heap before
{Heap before GC invocations=1 (full 0):
 PSYoungGen      total 38400K, used 33280K [0x00000000e0000000, 0x00000000e2a80000, 0x0000000100000000)
  eden space 33280K, 100% used [0x00000000e0000000,0x00000000e2080000,0x00000000e2080000)
  from space 5120K, 0% used [0x00000000e2580000,0x00000000e2580000,0x00000000e2a80000)
  to   space 5120K, 0% used [0x00000000e2080000,0x00000000e2080000,0x00000000e2580000)
 ParOldGen       total 87552K, used 0K [0x00000000a0000000, 0x00000000a5580000, 0x00000000e0000000)
  object space 87552K, 0% used [0x00000000a0000000,0x00000000a0000000,0x00000000a5580000)
 Metaspace       used 6899K, capacity 7042K, committed 7168K, reserved 1056768K
  class space    used 842K, capacity 907K, committed 1024K, reserved 1048576K
Event: 0.887 GC heap after
Heap after GC invocations=1 (full 0):
 PSYoungGen      total 38400K, used 4193K [0x00000000e0000000, 0x00000000e2a80000, 0x0000000100000000)
  eden space 33280K, 0% used [0x00000000e0000000,0x00000000e0000000,0x00000000e2080000)
  from space 5120K, 81% used [0x00000000e2080000,0x00000000e2498650,0x00000000e2580000)
  to   space 5120K, 0% used [0x00000000e2580000,0x00000000e2580000,0x00000000e2a80000)
 ParOldGen       total 87552K, used 8K [0x00000000a0000000, 0x00000000a5580000, 0x00000000e0000000)
  object space 87552K, 0% used [0x00000000a0000000,0x00000000a0002000,0x00000000a5580000)
 Metaspace       used 6899K, capacity 7042K, committed 7168K, reserved 1056768K
  class space    used 842K, capacity 907K, committed 1024K, reserved 1048576K
}
Event: 1.963 GC heap before
{Heap before GC invocations=2 (full 0):
 PSYoungGen      total 38400K, used 37473K [0x00000000e0000000, 0x00000000e2a80000, 0x0000000100000000)
  eden space 33280K, 100% used [0x00000000e0000000,0x00000000e2080000,0x00000000e2080000)
  from space 5120K, 81% used [0x00000000e2080000,0x00000000e2498650,0x00000000e2580000)
  to   space 5120K, 0% used [0x00000000e2580000,0x00000000e2580000,0x00000000e2a80000)
 ParOldGen       total 87552K, used 8K [0x00000000a0000000, 0x00000000a5580000, 0x00000000e0000000)
  object space 87552K, 0% used [0x00000000a0000000,0x00000000a0002000,0x00000000a5580000)
 Metaspace       used 10775K, capacity 11004K, committed 11264K, reserved 1058816K
  class space    used 1410K, capacity 1518K, committed 1536K, reserved 1048576K
Event: 1.972 GC heap after
Heap after GC invocations=2 (full 0):
 PSYoungGen      total 38400K, used 5119K [0x00000000e0000000, 0x00000000e2a80000, 0x0000000100000000)
  eden space 33280K, 0% used [0x00000000e0000000,0x00000000e0000000,0x00000000e2080000)
  from space 5120K, 99% used [0x00000000e2580000,0x00000000e2a7ff10,0x00000000e2a80000)
  to   space 5120K, 0% used [0x00000000e2080000,0x00000000e2080000,0x00000000e2580000)
 ParOldGen       total 87552K, used 113K [0x00000000a0000000, 0x00000000a5580000, 0x00000000e0000000)
  object space 87552K, 0% used [0x00000000a0000000,0x00000000a001c5b0,0x00000000a5580000)
 Metaspace       used 10775K, capacity 11004K, committed 11264K, reserved 1058816K
  class space    used 1410K, capacity 1518K, committed 1536K, reserved 1048576K
}
Event: 2.497 GC heap before
{Heap before GC invocations=3 (full 0):
 PSYoungGen      total 38400K, used 38399K [0x00000000e0000000, 0x00000000e2a80000, 0x0000000100000000)
  eden space 33280K, 100% used [0x00000000e0000000,0x00000000e2080000,0x00000000e2080000)
  from space 5120K, 99% used [0x00000000e2580000,0x00000000e2a7ff10,0x00000000e2a80000)
  to   space 5120K, 0% used [0x00000000e2080000,0x00000000e2080000,0x00000000e2580000)
 ParOldGen       total 87552K, used 113K [0x00000000a0000000, 0x00000000a5580000, 0x00000000e0000000)
  object space 87552K, 0% used [0x00000000a0000000,0x00000000a001c5b0,0x00000000a5580000)
 Metaspace       used 14218K, capacity 14528K, committed 14720K, reserved 1062912K
  class space    used 1978K, capacity 2116K, committed 2176K, reserved 1048576K
Event: 2.505 GC heap after
Heap after GC invocations=3 (full 0):
 PSYoungGen      total 38400K, used 5107K [0x00000000e0000000, 0x00000000e2a80000, 0x0000000100000000)
  eden space 33280K, 0% used [0x00000000e0000000,0x00000000e0000000,0x00000000e2080000)
  from space 5120K, 99% used [0x00000000e2080000,0x00000000e257ccf0,0x00000000e2580000)
  to   space 5120K, 0% used [0x00000000e2580000,0x00000000e2580000,0x00000000e2a80000)
 ParOldGen       total 87552K, used 2135K [0x00000000a0000000, 0x00000000a5580000, 0x00000000e0000000)
  object space 87552K, 2% used [0x00000000a0000000,0x00000000a0215c50,0x00000000a5580000)
 Metaspace       used 14218K, capacity 14528K, committed 14720K, reserved 1062912K
  class space    used 1978K, capacity 2116K, committed 2176K, reserved 1048576K
}
Event: 3.113 GC heap before
{Heap before GC invocations=4 (full 0):
 PSYoungGen      total 38400K, used 38387K [0x00000000e0000000, 0x00000000e2a80000, 0x0000000100000000)
  eden space 33280K, 100% used [0x00000000e0000000,0x00000000e2080000,0x00000000e2080000)
  from space 5120K, 99% used [0x00000000e2080000,0x00000000e257ccf0,0x00000000e2580000)
  to   space 5120K, 0% used [0x00000000e2580000,0x00000000e2580000,0x00000000e2a80000)
 ParOldGen       total 87552K, used 2135K [0x00000000a0000000, 0x00000000a5580000, 0x00000000e0000000)
  object space 87552K, 2% used [0x00000000a0000000,0x00000000a0215c50,0x00000000a5580000)
 Metaspace       used 17525K, capacity 17886K, committed 18048K, reserved 1064960K
  class space    used 2496K, capacity 2633K, committed 2688K, reserved 1048576K
Event: 3.123 GC heap after
Heap after GC invocations=4 (full 0):
 PSYoungGen      total 38400K, used 5088K [0x00000000e0000000, 0x00000000e4b00000, 0x0000000100000000)
  eden space 33280K, 0% used [0x00000000e0000000,0x00000000e0000000,0x00000000e2080000)
  from space 5120K, 99% used [0x00000000e2580000,0x00000000e2a78020,0x00000000e2a80000)
  to   space 5120K, 0% used [0x00000000e2080000,0x00000000e2080000,0x00000000e2580000)
 ParOldGen       total 87552K, used 5350K [0x00000000a0000000, 0x00000000a5580000, 0x00000000e0000000)
  object space 87552K, 6% used [0x00000000a0000000,0x00000000a05399b0,0x00000000a5580000)
 Metaspace       used 17525K, capacity 17886K, committed 18048K, reserved 1064960K
  class space    used 2496K, capacity 2633K, committed 2688K, reserved 1048576K
}

Deoptimization events (10 events):
Event: 2.115 Thread 0x000000001e953800 Uncommon trap: reason=bimorphic action=maybe_recompile pc=0x000000000521b514 method=java.util.HashMap.putVal(ILjava/lang/Object;Ljava/lang/Object;ZZ)Ljava/lang/Object; @ 253
Event: 2.116 Thread 0x000000001e953800 Uncommon trap: reason=bimorphic action=maybe_recompile pc=0x000000000521b514 method=java.util.HashMap.putVal(ILjava/lang/Object;Ljava/lang/Object;ZZ)Ljava/lang/Object; @ 253
Event: 2.116 Thread 0x000000001e953800 Uncommon trap: reason=bimorphic action=maybe_recompile pc=0x0000000005220ac8 method=java.util.HashMap.putVal(ILjava/lang/Object;Ljava/lang/Object;ZZ)Ljava/lang/Object; @ 253
Event: 2.132 Thread 0x000000001e953800 Uncommon trap: reason=class_check action=maybe_recompile pc=0x0000000005174d5c method=java.util.regex.Matcher.match(II)Z @ 86
Event: 2.454 Thread 0x000000001e953800 Uncommon trap: reason=class_check action=maybe_recompile pc=0x0000000005174d5c method=java.util.regex.Matcher.match(II)Z @ 86
Event: 2.455 Thread 0x000000001e953800 Uncommon trap: reason=class_check action=maybe_recompile pc=0x0000000005139688 method=java.util.regex.Matcher.match(II)Z @ 86
Event: 2.535 Thread 0x000000001e953800 Uncommon trap: reason=unstable_if action=reinterpret pc=0x000000000535a2bc method=java.lang.String.lastIndexOf([CII[CIII)I @ 66
Event: 2.892 Thread 0x000000001e953800 Uncommon trap: reason=unstable_if action=reinterpret pc=0x000000000500ab08 method=java.net.URI.match(CJJ)Z @ 19
Event: 2.892 Thread 0x000000001e953800 Uncommon trap: reason=unstable_if action=reinterpret pc=0x000000000517cb38 method=java.net.URI.match(CJJ)Z @ 19
Event: 2.958 Thread 0x000000001e953800 Uncommon trap: reason=unstable_if action=reinterpret pc=0x0000000005173c80 method=java.io.File.getName()Ljava/lang/String; @ 16

Classes redefined (0 events):
No events

Internal exceptions (10 events):
Event: 2.056 Thread 0x000000001d605000 Exception <a 'java/lang/NoSuchMethodError': <clinit>> (0x00000000e0399138) thrown at [D:\src\AOSP-openjdk-cygwin\jdk8u\hotspot\src\share\vm\prims\jni.cpp, line 1613]
Event: 2.062 Thread 0x000000001d605000 Exception <a 'java/lang/NoSuchMethodError': <clinit>> (0x00000000e03cf208) thrown at [D:\src\AOSP-openjdk-cygwin\jdk8u\hotspot\src\share\vm\prims\jni.cpp, line 1613]
Event: 2.065 Thread 0x000000001d605000 Exception <a 'java/lang/NoSuchMethodError': <clinit>> (0x00000000e03dce38) thrown at [D:\src\AOSP-openjdk-cygwin\jdk8u\hotspot\src\share\vm\prims\jni.cpp, line 1613]
Event: 2.070 Thread 0x000000001d605000 Exception <a 'java/lang/NoSuchMethodError': <clinit>> (0x00000000e0400108) thrown at [D:\src\AOSP-openjdk-cygwin\jdk8u\hotspot\src\share\vm\prims\jni.cpp, line 1613]
Event: 2.100 Thread 0x000000001e953800 Exception <a 'java/lang/NoSuchMethodError': <clinit>> (0x00000000e0544c90) thrown at [D:\src\AOSP-openjdk-cygwin\jdk8u\hotspot\src\share\vm\prims\jni.cpp, line 1613]
Event: 2.101 Thread 0x000000001e953800 Exception <a 'java/lang/NoSuchMethodError': <clinit>> (0x00000000e054cf18) thrown at [D:\src\AOSP-openjdk-cygwin\jdk8u\hotspot\src\share\vm\prims\jni.cpp, line 1613]
Event: 2.984 Thread 0x000000001e953800 Exception <a 'java/lang/NoSuchMethodError': <clinit>> (0x00000000e19f8a10) thrown at [D:\src\AOSP-openjdk-cygwin\jdk8u\hotspot\src\share\vm\prims\jni.cpp, line 1613]
Event: 2.984 Thread 0x000000001e953800 Exception <a 'java/lang/NoSuchMethodError': <clinit>> (0x00000000e19fb3b0) thrown at [D:\src\AOSP-openjdk-cygwin\jdk8u\hotspot\src\share\vm\prims\jni.cpp, line 1613]
Event: 2.986 Thread 0x000000001e953800 Exception <a 'java/lang/NoSuchMethodError': <clinit>> (0x00000000e1a089a0) thrown at [D:\src\AOSP-openjdk-cygwin\jdk8u\hotspot\src\share\vm\prims\jni.cpp, line 1613]
Event: 2.987 Thread 0x000000001e953800 Exception <a 'java/lang/NoSuchMethodError': <clinit>> (0x00000000e1a14120) thrown at [D:\src\AOSP-openjdk-cygwin\jdk8u\hotspot\src\share\vm\prims\jni.cpp, line 1613]

Events (10 events):
Event: 3.113 Executing VM operation: ParallelGCFailedAllocation
Event: 3.123 Executing VM operation: ParallelGCFailedAllocation done
Event: 3.124 loading class groovy/lang/Script
Event: 3.124 loading class groovy/lang/Script done
Event: 3.125 loading class org/codehaus/groovy/runtime/InvokerHelper$NullScript
Event: 3.125 loading class org/codehaus/groovy/runtime/InvokerHelper$NullScript done
Event: 3.126 loading class org/codehaus/groovy/runtime/InvokerHelper$1
Event: 3.126 loading class org/codehaus/groovy/runtime/InvokerHelper$1 done
Event: 3.126 loading class groovy/lang/SpreadMapEvaluatingException
Event: 3.127 loading class groovy/lang/SpreadMapEvaluatingException done


Dynamic libraries:
0x00007ff710c40000 - 0x00007ff710c71000 	C:\Program Files\Android\Android Studio1\jre\bin\java.exe
0x00007ffa97a50000 - 0x00007ffa97c30000 	C:\WINDOWS\SYSTEM32\ntdll.dll
0x00007ffa96320000 - 0x00007ffa963ce000 	C:\WINDOWS\System32\KERNEL32.DLL
0x00007ffa94740000 - 0x00007ffa949a6000 	C:\WINDOWS\System32\KERNELBASE.dll
0x00007ffa96270000 - 0x00007ffa96311000 	C:\WINDOWS\System32\ADVAPI32.dll
0x00007ffa963d0000 - 0x00007ffa9646d000 	C:\WINDOWS\System32\msvcrt.dll
0x00007ffa95e30000 - 0x00007ffa95e8b000 	C:\WINDOWS\System32\sechost.dll
0x00007ffa95690000 - 0x00007ffa957af000 	C:\WINDOWS\System32\RPCRT4.dll
0x00007ffa957c0000 - 0x00007ffa9594f000 	C:\WINDOWS\System32\USER32.dll
0x00007ffa93fd0000 - 0x00007ffa93ff0000 	C:\WINDOWS\System32\win32u.dll
0x00007ffa95e90000 - 0x00007ffa95eb8000 	C:\WINDOWS\System32\GDI32.dll
0x00007ffa94b80000 - 0x00007ffa94d13000 	C:\WINDOWS\System32\gdi32full.dll
0x00007ffa94d20000 - 0x00007ffa94dbb000 	C:\WINDOWS\System32\msvcp_win.dll
0x00007ffa93e50000 - 0x00007ffa93f46000 	C:\WINDOWS\System32\ucrtbase.dll
0x00007ffa8a170000 - 0x00007ffa8a3d9000 	C:\WINDOWS\WinSxS\amd64_microsoft.windows.common-controls_6595b64144ccf1df_6.0.16299.431_none_15c7d3ee93659e73\COMCTL32.dll
0x00007ffa95f60000 - 0x00007ffa96268000 	C:\WINDOWS\System32\combase.dll
0x00007ffa93f50000 - 0x00007ffa93fc2000 	C:\WINDOWS\System32\bcryptPrimitives.dll
0x00007ffa95030000 - 0x00007ffa9505d000 	C:\WINDOWS\System32\IMM32.DLL
0x000000005b7f0000 - 0x000000005b8c2000 	C:\Program Files\Android\Android Studio1\jre\jre\bin\msvcr100.dll
0x000000005a0f0000 - 0x000000005a92f000 	C:\Program Files\Android\Android Studio1\jre\jre\bin\server\jvm.dll
0x00007ffa95af0000 - 0x00007ffa95af8000 	C:\WINDOWS\System32\PSAPI.DLL
0x00007ffa90dc0000 - 0x00007ffa90dc9000 	C:\WINDOWS\SYSTEM32\WSOCK32.dll
0x00007ffa91d50000 - 0x00007ffa91d73000 	C:\WINDOWS\SYSTEM32\WINMM.dll
0x00007ffa8eed0000 - 0x00007ffa8eeda000 	C:\WINDOWS\SYSTEM32\VERSION.dll
0x00007ffa95be0000 - 0x00007ffa95c4c000 	C:\WINDOWS\System32\WS2_32.dll
0x00007ffa91bd0000 - 0x00007ffa91bfa000 	C:\WINDOWS\SYSTEM32\WINMMBASE.dll
0x00007ffa94e70000 - 0x00007ffa94eba000 	C:\WINDOWS\System32\cfgmgr32.dll
0x00007ffa90ca0000 - 0x00007ffa90caf000 	C:\Program Files\Android\Android Studio1\jre\jre\bin\verify.dll
0x00007ffa885b0000 - 0x00007ffa885d9000 	C:\Program Files\Android\Android Studio1\jre\jre\bin\java.dll
0x00007ffa7b710000 - 0x00007ffa7b726000 	C:\Program Files\Android\Android Studio1\jre\jre\bin\zip.dll
0x00007ffa965e0000 - 0x00007ffa97a18000 	C:\WINDOWS\System32\SHELL32.dll
0x00007ffa94f20000 - 0x00007ffa94fc6000 	C:\WINDOWS\System32\shcore.dll
0x00007ffa93ff0000 - 0x00007ffa94737000 	C:\WINDOWS\System32\windows.storage.dll
0x00007ffa954c0000 - 0x00007ffa95511000 	C:\WINDOWS\System32\shlwapi.dll
0x00007ffa93e10000 - 0x00007ffa93e21000 	C:\WINDOWS\System32\kernel.appcore.dll
0x00007ffa93da0000 - 0x00007ffa93dec000 	C:\WINDOWS\System32\powrprof.dll
0x00007ffa93e30000 - 0x00007ffa93e4b000 	C:\WINDOWS\System32\profapi.dll
0x00007ffa7b470000 - 0x00007ffa7b48a000 	C:\Program Files\Android\Android Studio1\jre\jre\bin\net.dll
0x00007ffa93630000 - 0x00007ffa93696000 	C:\WINDOWS\system32\mswsock.dll
0x00007ffa7a6d0000 - 0x00007ffa7a6e1000 	C:\Program Files\Android\Android Studio1\jre\jre\bin\nio.dll
0x00007ffa89e10000 - 0x00007ffa89e2e000 	C:\Users\Andria\.gradle\native\25\windows-amd64\native-platform.dll
0x00007ffa906b0000 - 0x00007ffa906bd000 	C:\Program Files\Android\Android Studio1\jre\jre\bin\management.dll
0x00007ffa937f0000 - 0x00007ffa93807000 	C:\WINDOWS\SYSTEM32\CRYPTSP.dll
0x00007ffa93230000 - 0x00007ffa93263000 	C:\WINDOWS\system32\rsaenh.dll
0x00007ffa93900000 - 0x00007ffa93925000 	C:\WINDOWS\SYSTEM32\bcrypt.dll
0x00007ffa93cd0000 - 0x00007ffa93cf9000 	C:\WINDOWS\SYSTEM32\USERENV.dll
0x00007ffa93810000 - 0x00007ffa9381b000 	C:\WINDOWS\SYSTEM32\CRYPTBASE.dll
0x00007ffa933c0000 - 0x00007ffa933f9000 	C:\WINDOWS\SYSTEM32\IPHLPAPI.DLL
0x00007ffa954b0000 - 0x00007ffa954b8000 	C:\WINDOWS\System32\NSI.dll
0x00007ffa8ec00000 - 0x00007ffa8ec16000 	C:\WINDOWS\SYSTEM32\dhcpcsvc6.DLL
0x00007ffa8ed10000 - 0x00007ffa8ed2a000 	C:\WINDOWS\SYSTEM32\dhcpcsvc.DLL

VM Arguments:
jvm_args: -Xmx1536m -Dfile.encoding=windows-1252 -Duser.country=GB -Duser.language=en -Duser.variant 
java_command: org.gradle.launcher.daemon.bootstrap.GradleDaemon 4.4
java_class_path (initial): C:\Users\Andria\.gradle\wrapper\dists\gradle-4.4-all\9br9xq1tocpiv8o6njlyu5op1\gradle-4.4\lib\gradle-launcher-4.4.jar
Launcher Type: SUN_STANDARD

Environment Variables:
PATH=C:\Program Files (x86)\Common Files\Oracle\Java\javapath;C:\Program Files\Haskell\bin;C:\Program Files\Haskell Platform\8.2.1\lib\extralibs\bin;C:\Program Files\Haskell Platform\8.2.1\bin;C:\ProgramData\Oracle\Java\javapath;C:\WINDOWS\system32;C:\WINDOWS;C:\WINDOWS\System32\Wbem;C:\WINDOWS\System32\WindowsPowerShell\v1.0\;C:\Program Files (x86)\ATI Technologies\ATI.ACE\Core-Static;C:\Program Files (x86)\NVIDIA Corporation\PhysX\Common;C:\Program Files\Haskell Platform\8.2.1\mingw\bin;C:\WINDOWS\system32;C:\WINDOWS;C:\WINDOWS\System32\Wbem;C:\WINDOWS\System32\WindowsPowerShell\v1.0\;C:\Users\Andria\AppData\Roaming\cabal\bin;C:\Users\Andria\AppData\Roaming\local\bin;C:\Users\Andria\AppData\Local\Microsoft\WindowsApps;C:\Users\Andria\AppData\Local\GitHubDesktop\bin
USERNAME=Andria
OS=Windows_NT
PROCESSOR_IDENTIFIER=AMD64 Family 23 Model 1 Stepping 1, AuthenticAMD



---------------  S Y S T E M  ---------------

OS: Windows 10.0 , 64 bit Build 16299 (10.0.16299.431)

CPU:total 16 (initial active 16) (16 cores per cpu, 1 threads per core) family 23 model 1 stepping 1, cmov, cx8, fxsr, mmx, sse, sse2, sse3, ssse3, sse4.1, sse4.2, popcnt, avx, avx2, aes, clmul, mmxext, 3dnowpref, lzcnt, sse4a, tsc, tscinvbit, tscinv, bmi1

Memory: 4k page, physical 8315436k(1524652k free), swap 8315436k(5152k free)

vm_info: OpenJDK 64-Bit Server VM (25.152-b02) for windows-amd64 JRE (1.8.0_152-release-1024-b02), built by "builder" with MS VC++ 10.0 (VS2010)

time: Sat Jun 02 19:01:52 2018
elapsed time: 3 seconds (0d 0h 0m 3s)

