#
# There is insufficient memory for the Java Runtime Environment to continue.
# Native memory allocation (malloc) failed to allocate 565296 bytes for Chunk::new
# Possible reasons:
#   The system is out of physical RAM or swap space
#   In 32 bit mode, the process size limit was hit
# Possible solutions:
#   Reduce memory load on the system
#   Increase physical memory or swap space
#   Check if swap backing store is full
#   Use 64 bit Java on a 64 bit OS
#   Decrease Java heap size (-Xmx/-Xms)
#   Decrease number of Java threads
#   Decrease Java thread stack sizes (-Xss)
#   Set larger code cache with -XX:ReservedCodeCacheSize=
# This output file may be truncated or incomplete.
#
#  Out of Memory Error (allocation.cpp:390), pid=17792, tid=0x0000000000002ce8
#
# JRE version: OpenJDK Runtime Environment (8.0_152-b02) (build 1.8.0_152-release-1024-b02)
# Java VM: OpenJDK 64-Bit Server VM (25.152-b02 mixed mode windows-amd64 compressed oops)
# Failed to write core dump. Minidumps are not enabled by default on client versions of Windows
#

---------------  T H R E A D  ---------------

Current thread (0x00000000181f1000):  JavaThread "C2 CompilerThread5" daemon [_thread_in_native, id=11496, stack(0x000000001a310000,0x000000001a410000)]

Stack: [0x000000001a310000,0x000000001a410000]
[error occurred during error reporting (printing stack bounds), id 0xc0000005]

Native frames: (J=compiled Java code, j=interpreted, Vv=VM code, C=native code)


Current CompileTask:
C2:   5847 4002       4       java.lang.reflect.Executable::printModifiersIfNonzero (101 bytes)


---------------  P R O C E S S  ---------------

Java Threads: ( => current thread )
  0x000000001dd20800 JavaThread "Memory manager" [_thread_blocked, id=8256, stack(0x0000000024010000,0x0000000024110000)]
  0x000000001dd20000 JavaThread "build operations Thread 16" [_thread_blocked, id=1740, stack(0x0000000023910000,0x0000000023a10000)]
  0x000000001dd21800 JavaThread "build operations Thread 15" [_thread_blocked, id=11600, stack(0x0000000023810000,0x0000000023910000)]
  0x000000001dd18800 JavaThread "build operations Thread 14" [_thread_blocked, id=4904, stack(0x0000000023710000,0x0000000023810000)]
  0x000000001dd1d000 JavaThread "build operations Thread 13" [_thread_blocked, id=12948, stack(0x0000000023610000,0x0000000023710000)]
  0x000000001dd1a800 JavaThread "build operations Thread 12" [_thread_blocked, id=9240, stack(0x0000000023510000,0x0000000023610000)]
  0x000000001dd1a000 JavaThread "build operations Thread 11" [_thread_blocked, id=17788, stack(0x0000000023410000,0x0000000023510000)]
  0x000000001dd19000 JavaThread "build operations Thread 10" [_thread_blocked, id=4000, stack(0x0000000023310000,0x0000000023410000)]
  0x000000001dd1b800 JavaThread "build operations Thread 9" [_thread_blocked, id=17580, stack(0x0000000023210000,0x0000000023310000)]
  0x000000001c391800 JavaThread "build operations Thread 8" [_thread_blocked, id=11944, stack(0x0000000023110000,0x0000000023210000)]
  0x000000001c393000 JavaThread "build operations Thread 7" [_thread_blocked, id=17860, stack(0x0000000023010000,0x0000000023110000)]
  0x000000001c390800 JavaThread "build operations Thread 6" [_thread_blocked, id=17560, stack(0x0000000022f10000,0x0000000023010000)]
  0x000000001c396000 JavaThread "build operations Thread 5" [_thread_blocked, id=15528, stack(0x0000000022e10000,0x0000000022f10000)]
  0x000000001c390000 JavaThread "build operations Thread 4" [_thread_blocked, id=14084, stack(0x0000000022d10000,0x0000000022e10000)]
  0x000000001c393800 JavaThread "build operations Thread 3" [_thread_blocked, id=9892, stack(0x0000000022c10000,0x0000000022d10000)]
  0x000000001c395000 JavaThread "build operations Thread 2" [_thread_blocked, id=16568, stack(0x0000000022b10000,0x0000000022c10000)]
  0x000000001c38f000 JavaThread "build operations" [_thread_blocked, id=4476, stack(0x00000000211d0000,0x00000000212d0000)]
  0x000000001c394800 JavaThread "Cache worker for Artifact transforms cache (C:\Users\Andria\.gradle\caches\transforms-1)" [_thread_blocked, id=5880, stack(0x0000000020e60000,0x0000000020f60000)]
  0x000000001c323800 JavaThread "Cache worker for file hash cache (C:\Users\Andria\Documents\GitHub\FitnessPal\.gradle\4.4\fileHashes)" [_thread_blocked, id=4624, stack(0x000000001dbf0000,0x000000001dcf0000)]
  0x000000001c282800 JavaThread "File lock request listener" [_thread_in_native, id=18140, stack(0x000000001daf0000,0x000000001dbf0000)]
  0x000000001c278000 JavaThread "Cache worker for file hash cache (C:\Users\Andria\.gradle\caches\4.4\fileHashes)" [_thread_blocked, id=4636, stack(0x000000001d9f0000,0x000000001daf0000)]
  0x000000001beca000 JavaThread "Stdin handler" [_thread_blocked, id=5124, stack(0x000000001d6f0000,0x000000001d7f0000)]
  0x000000001bec9000 JavaThread "Asynchronous log dispatcher for DefaultDaemonConnection: socket connection from /127.0.0.1:59706 to /127.0.0.1:59707" [_thread_blocked, id=5312, stack(0x000000001d5f0000,0x000000001d6f0000)]
  0x000000001bee4800 JavaThread "Daemon worker" [_thread_in_vm, id=12220, stack(0x000000001d4f0000,0x000000001d5f0000)]
  0x000000001bef3000 JavaThread "Cancel handler" [_thread_blocked, id=16712, stack(0x000000001d3f0000,0x000000001d4f0000)]
  0x000000001c146800 JavaThread "Handler for socket connection from /127.0.0.1:59706 to /127.0.0.1:59707" [_thread_in_native, id=17880, stack(0x000000001d0f0000,0x000000001d1f0000)]
  0x000000001ad51000 JavaThread "Daemon" [_thread_blocked, id=15388, stack(0x000000001cff0000,0x000000001d0f0000)]
  0x000000001bfe9800 JavaThread "Daemon periodic checks" [_thread_blocked, id=15820, stack(0x000000001cef0000,0x000000001cff0000)]
  0x000000001bfe8000 JavaThread "Incoming local TCP Connector on port 59706" [_thread_in_native, id=6336, stack(0x000000001ca20000,0x000000001cb20000)]
  0x00000000182be000 JavaThread "Service Thread" daemon [_thread_blocked, id=7956, stack(0x000000001ab10000,0x000000001ac10000)]
  0x0000000018230000 JavaThread "C1 CompilerThread11" daemon [_thread_blocked, id=10648, stack(0x000000001aa10000,0x000000001ab10000)]
  0x000000001822f800 JavaThread "C1 CompilerThread10" daemon [_thread_blocked, id=15100, stack(0x000000001a910000,0x000000001aa10000)]
  0x0000000018232800 JavaThread "C1 CompilerThread9" daemon [_thread_blocked, id=408, stack(0x000000001a810000,0x000000001a910000)]
  0x000000001822d000 JavaThread "C1 CompilerThread8" daemon [_thread_blocked, id=17856, stack(0x000000001a610000,0x000000001a710000)]
  0x0000000018231800 JavaThread "C2 CompilerThread7" daemon [_thread_in_native, id=1548, stack(0x000000001a510000,0x000000001a610000)]
  0x00000000181fb800 JavaThread "C2 CompilerThread6" daemon [_thread_in_native, id=8044, stack(0x000000001a410000,0x000000001a510000)]
=>0x00000000181f1000 JavaThread "C2 CompilerThread5" daemon [_thread_in_native, id=11496, stack(0x000000001a310000,0x000000001a410000)]
  0x00000000181da000 JavaThread "C2 CompilerThread4" daemon [_thread_in_native, id=16052, stack(0x000000001a210000,0x000000001a310000)]
  0x00000000181d8000 JavaThread "C2 CompilerThread3" daemon [_thread_in_vm, id=8736, stack(0x000000001a110000,0x000000001a210000)]
  0x00000000181d5800 JavaThread "C2 CompilerThread2" daemon [_thread_in_native, id=17376, stack(0x000000001a010000,0x000000001a110000)]
  0x00000000181d4800 JavaThread "C2 CompilerThread1" daemon [_thread_in_native, id=10360, stack(0x0000000019f10000,0x000000001a010000)]
  0x00000000181d2000 JavaThread "C2 CompilerThread0" daemon [_thread_in_native, id=2296, stack(0x0000000019e10000,0x0000000019f10000)]
  0x00000000181d1000 JavaThread "Attach Listener" daemon [_thread_blocked, id=11340, stack(0x0000000019d10000,0x0000000019e10000)]
  0x00000000181e1000 JavaThread "Signal Dispatcher" daemon [_thread_blocked, id=7908, stack(0x0000000019c10000,0x0000000019d10000)]
  0x00000000181c6800 JavaThread "Finalizer" daemon [_thread_blocked, id=948, stack(0x0000000019a20000,0x0000000019b20000)]
  0x000000001675b800 JavaThread "Reference Handler" daemon [_thread_blocked, id=12712, stack(0x0000000019920000,0x0000000019a20000)]
  0x000000000331d800 JavaThread "main" [_thread_blocked, id=17988, stack(0x0000000005140000,0x0000000005240000)]

Other Threads:
  0x00000000181a2000 VMThread [stack: 0x0000000019820000,0x0000000019920000] [id=17584]
  0x00000000182b2000 WatcherThread [stack: 0x000000001ac10000,0x000000001ad10000] [id=15728]

VM state:not at safepoint (normal execution)

VM Mutex/Monitor currently owned by a thread: None

Heap:
 PSYoungGen      total 74240K, used 51827K [0x00000000fab00000, 0x0000000100000000, 0x0000000100000000)
  eden space 63488K, 81% used [0x00000000fab00000,0x00000000fdd9cfa0,0x00000000fe900000)
  from space 10752K, 0% used [0x00000000ff580000,0x00000000ff580000,0x0000000100000000)
  to   space 11776K, 0% used [0x00000000fe900000,0x00000000fe900000,0x00000000ff480000)
 ParOldGen       total 96256K, used 16403K [0x00000000f0000000, 0x00000000f5e00000, 0x00000000fab00000)
  object space 96256K, 17% used [0x00000000f0000000,0x00000000f1004d90,0x00000000f5e00000)
 Metaspace       used 37039K, capacity 37650K, committed 37976K, reserved 1081344K
  class space    used 5040K, capacity 5247K, committed 5248K, reserved 1048576K

Card table byte_map: [0x0000000014700000,0x0000000014790000] byte_map_base: 0x0000000013f80000

Marking Bits: (ParMarkBitMap*) 0x000000005b854970
 Begin Bits: [0x00000000154f0000, 0x00000000158f0000)
 End Bits:   [0x00000000158f0000, 0x0000000015cf0000)

Polling page: 0x0000000000fd0000

CodeCache: size=245760Kb used=15844Kb max_used=15845Kb free=229915Kb
 bounds [0x0000000005340000, 0x00000000062d0000, 0x0000000014340000]
 total_blobs=4754 nmethods=4050 adapters=614
 compilation: enabled

Compilation events (10 events):
Event: 5.839 Thread 0x000000001822f800 nmethod 4097 0x000000000629e8d0 code [0x000000000629ea20, 0x000000000629ec10]
Event: 5.839 Thread 0x000000001822d000 4098       3       java.util.jar.Attributes::<init> (17 bytes)
Event: 5.839 Thread 0x0000000018230000 nmethod 4096 0x00000000062bf150 code [0x00000000062bf320, 0x00000000062bfcc8]
Event: 5.839 Thread 0x000000001822d000 nmethod 4098 0x00000000062a4b50 code [0x00000000062a4ce0, 0x00000000062a4fc8]
Event: 5.840 Thread 0x0000000018232800 4099   !   3       java.util.jar.Manifest::parseName (84 bytes)
Event: 5.840 Thread 0x000000001822f800 4100       3       java.util.jar.Attributes::size (10 bytes)
Event: 5.840 Thread 0x000000001822f800 nmethod 4100 0x00000000062a4710 code [0x00000000062a4880, 0x00000000062a4aa8]
Event: 5.841 Thread 0x0000000018232800 nmethod 4099 0x00000000062be4d0 code [0x00000000062be6a0, 0x00000000062bee88]
Event: 5.841 Thread 0x0000000018231800 4101       4       java.util.HashMap::resize (359 bytes)
Event: 5.841 Thread 0x00000000181d8000 4102   !   4       java.util.jar.Attributes::read (380 bytes)

GC Heap History (10 events):
Event: 3.060 GC heap before
{Heap before GC invocations=6 (full 1):
 PSYoungGen      total 71680K, used 5104K [0x00000000fab00000, 0x0000000100000000, 0x0000000100000000)
  eden space 66560K, 0% used [0x00000000fab00000,0x00000000fab00000,0x00000000fec00000)
  from space 5120K, 99% used [0x00000000fec00000,0x00000000ff0fc060,0x00000000ff100000)
  to   space 10240K, 0% used [0x00000000ff600000,0x00000000ff600000,0x0000000100000000)
 ParOldGen       total 87552K, used 8102K [0x00000000f0000000, 0x00000000f5580000, 0x00000000fab00000)
  object space 87552K, 9% used [0x00000000f0000000,0x00000000f07e9ab8,0x00000000f5580000)
 Metaspace       used 20751K, capacity 21062K, committed 21248K, reserved 1067008K
  class space    used 2882K, capacity 2985K, committed 3072K, reserved 1048576K
Event: 3.098 GC heap after
Heap after GC invocations=6 (full 1):
 PSYoungGen      total 71680K, used 0K [0x00000000fab00000, 0x0000000100000000, 0x0000000100000000)
  eden space 66560K, 0% used [0x00000000fab00000,0x00000000fab00000,0x00000000fec00000)
  from space 5120K, 0% used [0x00000000fec00000,0x00000000fec00000,0x00000000ff100000)
  to   space 10240K, 0% used [0x00000000ff600000,0x00000000ff600000,0x0000000100000000)
 ParOldGen       total 60416K, used 8144K [0x00000000f0000000, 0x00000000f3b00000, 0x00000000fab00000)
  object space 60416K, 13% used [0x00000000f0000000,0x00000000f07f4048,0x00000000f3b00000)
 Metaspace       used 20751K, capacity 21062K, committed 21248K, reserved 1067008K
  class space    used 2882K, capacity 2985K, committed 3072K, reserved 1048576K
}
Event: 4.071 GC heap before
{Heap before GC invocations=7 (full 1):
 PSYoungGen      total 71680K, used 66560K [0x00000000fab00000, 0x0000000100000000, 0x0000000100000000)
  eden space 66560K, 100% used [0x00000000fab00000,0x00000000fec00000,0x00000000fec00000)
  from space 5120K, 0% used [0x00000000fec00000,0x00000000fec00000,0x00000000ff100000)
  to   space 10240K, 0% used [0x00000000ff600000,0x00000000ff600000,0x0000000100000000)
 ParOldGen       total 60416K, used 8144K [0x00000000f0000000, 0x00000000f3b00000, 0x00000000fab00000)
  object space 60416K, 13% used [0x00000000f0000000,0x00000000f07f4048,0x00000000f3b00000)
 Metaspace       used 26390K, capacity 26704K, committed 27136K, reserved 1073152K
  class space    used 3623K, capacity 3746K, committed 3840K, reserved 1048576K
Event: 4.086 GC heap after
Heap after GC invocations=7 (full 1):
 PSYoungGen      total 76800K, used 7546K [0x00000000fab00000, 0x0000000100000000, 0x0000000100000000)
  eden space 66560K, 0% used [0x00000000fab00000,0x00000000fab00000,0x00000000fec00000)
  from space 10240K, 73% used [0x00000000ff600000,0x00000000ffd5e810,0x0000000100000000)
  to   space 10240K, 0% used [0x00000000fec00000,0x00000000fec00000,0x00000000ff600000)
 ParOldGen       total 60416K, used 8152K [0x00000000f0000000, 0x00000000f3b00000, 0x00000000fab00000)
  object space 60416K, 13% used [0x00000000f0000000,0x00000000f07f6048,0x00000000f3b00000)
 Metaspace       used 26390K, capacity 26704K, committed 27136K, reserved 1073152K
  class space    used 3623K, capacity 3746K, committed 3840K, reserved 1048576K
}
Event: 4.903 GC heap before
{Heap before GC invocations=8 (full 1):
 PSYoungGen      total 76800K, used 74106K [0x00000000fab00000, 0x0000000100000000, 0x0000000100000000)
  eden space 66560K, 100% used [0x00000000fab00000,0x00000000fec00000,0x00000000fec00000)
  from space 10240K, 73% used [0x00000000ff600000,0x00000000ffd5e810,0x0000000100000000)
  to   space 10240K, 0% used [0x00000000fec00000,0x00000000fec00000,0x00000000ff600000)
 ParOldGen       total 60416K, used 8152K [0x00000000f0000000, 0x00000000f3b00000, 0x00000000fab00000)
  object space 60416K, 13% used [0x00000000f0000000,0x00000000f07f6048,0x00000000f3b00000)
 Metaspace       used 29997K, capacity 30396K, committed 30720K, reserved 1075200K
  class space    used 4177K, capacity 4337K, committed 4352K, reserved 1048576K
Event: 4.910 GC heap after
Heap after GC invocations=8 (full 1):
 PSYoungGen      total 76288K, used 9551K [0x00000000fab00000, 0x0000000100000000, 0x0000000100000000)
  eden space 66560K, 0% used [0x00000000fab00000,0x00000000fab00000,0x00000000fec00000)
  from space 9728K, 98% used [0x00000000fec00000,0x00000000ff553cb8,0x00000000ff580000)
  to   space 10752K, 0% used [0x00000000ff580000,0x00000000ff580000,0x0000000100000000)
 ParOldGen       total 60416K, used 8160K [0x00000000f0000000, 0x00000000f3b00000, 0x00000000fab00000)
  object space 60416K, 13% used [0x00000000f0000000,0x00000000f07f8048,0x00000000f3b00000)
 Metaspace       used 29997K, capacity 30396K, committed 30720K, reserved 1075200K
  class space    used 4177K, capacity 4337K, committed 4352K, reserved 1048576K
}
Event: 5.273 GC heap before
{Heap before GC invocations=9 (full 1):
 PSYoungGen      total 76288K, used 35314K [0x00000000fab00000, 0x0000000100000000, 0x0000000100000000)
  eden space 66560K, 38% used [0x00000000fab00000,0x00000000fc428d18,0x00000000fec00000)
  from space 9728K, 98% used [0x00000000fec00000,0x00000000ff553cb8,0x00000000ff580000)
  to   space 10752K, 0% used [0x00000000ff580000,0x00000000ff580000,0x0000000100000000)
 ParOldGen       total 60416K, used 8160K [0x00000000f0000000, 0x00000000f3b00000, 0x00000000fab00000)
  object space 60416K, 13% used [0x00000000f0000000,0x00000000f07f8048,0x00000000f3b00000)
 Metaspace       used 34833K, capacity 35268K, committed 35416K, reserved 1079296K
  class space    used 4761K, capacity 4946K, committed 4992K, reserved 1048576K
Event: 5.281 GC heap after
Heap after GC invocations=9 (full 1):
 PSYoungGen      total 74240K, used 9863K [0x00000000fab00000, 0x0000000100000000, 0x0000000100000000)
  eden space 63488K, 0% used [0x00000000fab00000,0x00000000fab00000,0x00000000fe900000)
  from space 10752K, 91% used [0x00000000ff580000,0x00000000fff21de0,0x0000000100000000)
  to   space 11776K, 0% used [0x00000000fe900000,0x00000000fe900000,0x00000000ff480000)
 ParOldGen       total 60416K, used 8168K [0x00000000f0000000, 0x00000000f3b00000, 0x00000000fab00000)
  object space 60416K, 13% used [0x00000000f0000000,0x00000000f07fa048,0x00000000f3b00000)
 Metaspace       used 34833K, capacity 35268K, committed 35416K, reserved 1079296K
  class space    used 4761K, capacity 4946K, committed 4992K, reserved 1048576K
}
Event: 5.281 GC heap before
{Heap before GC invocations=10 (full 2):
 PSYoungGen      total 74240K, used 9863K [0x00000000fab00000, 0x0000000100000000, 0x0000000100000000)
  eden space 63488K, 0% used [0x00000000fab00000,0x00000000fab00000,0x00000000fe900000)
  from space 10752K, 91% used [0x00000000ff580000,0x00000000fff21de0,0x0000000100000000)
  to   space 11776K, 0% used [0x00000000fe900000,0x00000000fe900000,0x00000000ff480000)
 ParOldGen       total 60416K, used 8168K [0x00000000f0000000, 0x00000000f3b00000, 0x00000000fab00000)
  object space 60416K, 13% used [0x00000000f0000000,0x00000000f07fa048,0x00000000f3b00000)
 Metaspace       used 34833K, capacity 35268K, committed 35416K, reserved 1079296K
  class space    used 4761K, capacity 4946K, committed 4992K, reserved 1048576K
Event: 5.355 GC heap after
Heap after GC invocations=10 (full 2):
 PSYoungGen      total 74240K, used 0K [0x00000000fab00000, 0x0000000100000000, 0x0000000100000000)
  eden space 63488K, 0% used [0x00000000fab00000,0x00000000fab00000,0x00000000fe900000)
  from space 10752K, 0% used [0x00000000ff580000,0x00000000ff580000,0x0000000100000000)
  to   space 11776K, 0% used [0x00000000fe900000,0x00000000fe900000,0x00000000ff480000)
 ParOldGen       total 96256K, used 16403K [0x00000000f0000000, 0x00000000f5e00000, 0x00000000fab00000)
  object space 96256K, 17% used [0x00000000f0000000,0x00000000f1004d90,0x00000000f5e00000)
 Metaspace       used 34833K, capacity 35268K, committed 35416K, reserved 1079296K
  class space    used 4761K, capacity 4946K, committed 4992K, reserved 1048576K
}

Deoptimization events (10 events):
Event: 5.731 Thread 0x000000001bee4800 Uncommon trap: reason=null_check action=make_not_entrant pc=0x0000000006278528 method=org.gradle.internal.reflect.Methods$1.doEquivalent(Ljava/lang/reflect/Method;Ljava/lang/reflect/Method;)Z @ 36
Event: 5.759 Thread 0x000000001bee4800 Uncommon trap: reason=speculate_class_check action=maybe_recompile pc=0x0000000006212f64 method=com.google.common.base.Equivalence.hash(Ljava/lang/Object;)I @ 8
Event: 5.759 Thread 0x000000001bee4800 Uncommon trap: reason=speculate_class_check action=maybe_recompile pc=0x0000000006212f64 method=com.google.common.base.Equivalence.hash(Ljava/lang/Object;)I @ 8
Event: 5.759 Thread 0x000000001bee4800 Uncommon trap: reason=speculate_class_check action=maybe_recompile pc=0x0000000006212f64 method=com.google.common.base.Equivalence.hash(Ljava/lang/Object;)I @ 8
Event: 5.759 Thread 0x000000001bee4800 Uncommon trap: reason=speculate_class_check action=maybe_recompile pc=0x0000000006212f64 method=com.google.common.base.Equivalence.hash(Ljava/lang/Object;)I @ 8
Event: 5.761 Thread 0x000000001bee4800 Uncommon trap: reason=class_check action=maybe_recompile pc=0x0000000006247810 method=com.google.common.collect.AbstractMapBasedMultimap$WrappedCollection$WrappedIterator.hasNext()Z @ 8
Event: 5.761 Thread 0x000000001bee4800 Uncommon trap: reason=class_check action=maybe_recompile pc=0x0000000006247810 method=com.google.common.collect.AbstractMapBasedMultimap$WrappedCollection$WrappedIterator.hasNext()Z @ 8
Event: 5.761 Thread 0x000000001bee4800 Uncommon trap: reason=class_check action=maybe_recompile pc=0x0000000006247810 method=com.google.common.collect.AbstractMapBasedMultimap$WrappedCollection$WrappedIterator.hasNext()Z @ 8
Event: 5.761 Thread 0x000000001bee4800 Uncommon trap: reason=class_check action=maybe_recompile pc=0x0000000006247810 method=com.google.common.collect.AbstractMapBasedMultimap$WrappedCollection$WrappedIterator.hasNext()Z @ 8
Event: 5.838 Thread 0x000000001bee4800 Uncommon trap: reason=unstable_if action=reinterpret pc=0x0000000005d934cc method=java.util.jar.Attributes$Name.isDigit(C)Z @ 3

Classes redefined (0 events):
No events

Internal exceptions (10 events):
Event: 4.854 Thread 0x000000001bee4800 Exception <a 'java/lang/ClassNotFoundException': org/gradle/api/internal/AbstractTaskCustomizer> (0x00000000fe847930) thrown at [D:\src\AOSP-openjdk-cygwin\jdk8u\hotspot\src\share\vm\classfile\systemDictionary.cpp, line 210]
Event: 4.857 Thread 0x000000001bee4800 Exception <a 'java/lang/ClassNotFoundException': org/gradle/api/DefaultTaskCustomizer> (0x00000000fe8d0128) thrown at [D:\src\AOSP-openjdk-cygwin\jdk8u\hotspot\src\share\vm\classfile\systemDictionary.cpp, line 210]
Event: 4.858 Thread 0x000000001bee4800 Exception <a 'java/lang/ClassNotFoundException': org/gradle/api/internal/ConventionTaskCustomizer> (0x00000000fe90a748) thrown at [D:\src\AOSP-openjdk-cygwin\jdk8u\hotspot\src\share\vm\classfile\systemDictionary.cpp, line 210]
Event: 4.859 Thread 0x000000001bee4800 Exception <a 'java/lang/ClassNotFoundException': org/gradle/api/tasks/DeleteCustomizer> (0x00000000fe9429c8) thrown at [D:\src\AOSP-openjdk-cygwin\jdk8u\hotspot\src\share\vm\classfile\systemDictionary.cpp, line 210]
Event: 4.860 Thread 0x000000001bee4800 Exception <a 'java/lang/ClassNotFoundException': org/gradle/api/tasks/Delete_DecoratedCustomizer> (0x00000000fe988450) thrown at [D:\src\AOSP-openjdk-cygwin\jdk8u\hotspot\src\share\vm\classfile\systemDictionary.cpp, line 210]
Event: 4.895 Thread 0x000000001bee4800 Exception <a 'java/lang/ClassNotFoundException': build_elmi6jxd6d6y2enq9dmvkv3pcBeanInfo> (0x00000000feb263b0) thrown at [D:\src\AOSP-openjdk-cygwin\jdk8u\hotspot\src\share\vm\classfile\systemDictionary.cpp, line 210]
Event: 4.895 Thread 0x000000001bee4800 Exception <a 'java/lang/ClassNotFoundException': build_elmi6jxd6d6y2enq9dmvkv3pcCustomizer> (0x00000000feb30890) thrown at [D:\src\AOSP-openjdk-cygwin\jdk8u\hotspot\src\share\vm\classfile\systemDictionary.cpp, line 210]
Event: 4.900 Thread 0x000000001bee4800 Exception <a 'java/lang/ClassNotFoundException': org/gradle/api/internal/plugins/DefaultObjectConfigurationActionBeanInfo> (0x00000000feb97740) thrown at [D:\src\AOSP-openjdk-cygwin\jdk8u\hotspot\src\share\vm\classfile\systemDictionary.cpp, line 210]
Event: 4.900 Thread 0x000000001bee4800 Exception <a 'java/lang/ClassNotFoundException': org/gradle/api/internal/plugins/DefaultObjectConfigurationActionCustomizer> (0x00000000febcf460) thrown at [D:\src\AOSP-openjdk-cygwin\jdk8u\hotspot\src\share\vm\classfile\systemDictionary.cpp, line 210]
Event: 5.426 Thread 0x000000001bee4800 Exception <a 'sun/nio/fs/WindowsException'> (0x00000000faec77d0) thrown at [D:\src\AOSP-openjdk-cygwin\jdk8u\hotspot\src\share\vm\prims\jni.cpp, line 709]

Events (10 events):
Event: 5.834 loading class com/android/build/gradle/internal/packaging/GradleKeystoreHelper done
Event: 5.835 loading class com/android/ide/common/signing/KeytoolException
Event: 5.835 loading class com/android/ide/common/signing/KeytoolException done
Event: 5.835 loading class com/android/ide/common/signing/KeystoreHelper
Event: 5.835 loading class com/android/ide/common/signing/KeystoreHelper done
Event: 5.836 loading class org/bouncycastle/operator/OperatorCreationException
Event: 5.836 loading class org/bouncycastle/operator/OperatorCreationException done
Event: 5.838 Thread 0x000000001bee4800 Uncommon trap: trap_request=0xffffff65 fr.pc=0x0000000005d934cc
Event: 5.838 Thread 0x000000001bee4800 DEOPT PACKING pc=0x0000000005d934cc sp=0x000000001d5e80d0
Event: 5.838 Thread 0x000000001bee4800 DEOPT UNPACKING pc=0x000000000538557b sp=0x000000001d5e7fb8 mode 2


Dynamic libraries:
0x00007ff710c40000 - 0x00007ff710c71000 	C:\Program Files\Android\Android Studio1\jre\bin\java.exe
0x00007ffa97a50000 - 0x00007ffa97c30000 	C:\WINDOWS\SYSTEM32\ntdll.dll
0x00007ffa96320000 - 0x00007ffa963ce000 	C:\WINDOWS\System32\KERNEL32.DLL
0x00007ffa94740000 - 0x00007ffa949a6000 	C:\WINDOWS\System32\KERNELBASE.dll
0x00007ffa96270000 - 0x00007ffa96311000 	C:\WINDOWS\System32\ADVAPI32.dll
0x00007ffa963d0000 - 0x00007ffa9646d000 	C:\WINDOWS\System32\msvcrt.dll
0x00007ffa95e30000 - 0x00007ffa95e8b000 	C:\WINDOWS\System32\sechost.dll
0x00007ffa95690000 - 0x00007ffa957af000 	C:\WINDOWS\System32\RPCRT4.dll
0x00007ffa957c0000 - 0x00007ffa9594f000 	C:\WINDOWS\System32\USER32.dll
0x00007ffa93fd0000 - 0x00007ffa93ff0000 	C:\WINDOWS\System32\win32u.dll
0x00007ffa95e90000 - 0x00007ffa95eb8000 	C:\WINDOWS\System32\GDI32.dll
0x00007ffa94b80000 - 0x00007ffa94d13000 	C:\WINDOWS\System32\gdi32full.dll
0x00007ffa94d20000 - 0x00007ffa94dbb000 	C:\WINDOWS\System32\msvcp_win.dll
0x00007ffa93e50000 - 0x00007ffa93f46000 	C:\WINDOWS\System32\ucrtbase.dll
0x00007ffa8a170000 - 0x00007ffa8a3d9000 	C:\WINDOWS\WinSxS\amd64_microsoft.windows.common-controls_6595b64144ccf1df_6.0.16299.431_none_15c7d3ee93659e73\COMCTL32.dll
0x00007ffa95f60000 - 0x00007ffa96268000 	C:\WINDOWS\System32\combase.dll
0x00007ffa93f50000 - 0x00007ffa93fc2000 	C:\WINDOWS\System32\bcryptPrimitives.dll
0x00007ffa95030000 - 0x00007ffa9505d000 	C:\WINDOWS\System32\IMM32.DLL
0x000000005aed0000 - 0x000000005afa2000 	C:\Program Files\Android\Android Studio1\jre\jre\bin\msvcr100.dll
0x000000005b090000 - 0x000000005b8cf000 	C:\Program Files\Android\Android Studio1\jre\jre\bin\server\jvm.dll
0x00007ffa95af0000 - 0x00007ffa95af8000 	C:\WINDOWS\System32\PSAPI.DLL
0x00007ffa92190000 - 0x00007ffa92199000 	C:\WINDOWS\SYSTEM32\WSOCK32.dll
0x00007ffa8eed0000 - 0x00007ffa8eeda000 	C:\WINDOWS\SYSTEM32\VERSION.dll
0x00007ffa91d50000 - 0x00007ffa91d73000 	C:\WINDOWS\SYSTEM32\WINMM.dll
0x00007ffa95be0000 - 0x00007ffa95c4c000 	C:\WINDOWS\System32\WS2_32.dll
0x00007ffa91bd0000 - 0x00007ffa91bfa000 	C:\WINDOWS\SYSTEM32\WINMMBASE.dll
0x00007ffa94e70000 - 0x00007ffa94eba000 	C:\WINDOWS\System32\cfgmgr32.dll
0x00007ffa90dc0000 - 0x00007ffa90dcf000 	C:\Program Files\Android\Android Studio1\jre\jre\bin\verify.dll
0x00007ffa89e00000 - 0x00007ffa89e29000 	C:\Program Files\Android\Android Studio1\jre\jre\bin\java.dll
0x00007ffa90570000 - 0x00007ffa90586000 	C:\Program Files\Android\Android Studio1\jre\jre\bin\zip.dll
0x00007ffa965e0000 - 0x00007ffa97a18000 	C:\WINDOWS\System32\SHELL32.dll
0x00007ffa94f20000 - 0x00007ffa94fc6000 	C:\WINDOWS\System32\shcore.dll
0x00007ffa93ff0000 - 0x00007ffa94737000 	C:\WINDOWS\System32\windows.storage.dll
0x00007ffa954c0000 - 0x00007ffa95511000 	C:\WINDOWS\System32\shlwapi.dll
0x00007ffa93e10000 - 0x00007ffa93e21000 	C:\WINDOWS\System32\kernel.appcore.dll
0x00007ffa93da0000 - 0x00007ffa93dec000 	C:\WINDOWS\System32\powrprof.dll
0x00007ffa93e30000 - 0x00007ffa93e4b000 	C:\WINDOWS\System32\profapi.dll
0x00007ffa8fe50000 - 0x00007ffa8fe6a000 	C:\Program Files\Android\Android Studio1\jre\jre\bin\net.dll
0x00007ffa93630000 - 0x00007ffa93696000 	C:\WINDOWS\system32\mswsock.dll
0x00007ffa89de0000 - 0x00007ffa89df1000 	C:\Program Files\Android\Android Studio1\jre\jre\bin\nio.dll
0x00007ffa8df50000 - 0x00007ffa8df6e000 	C:\Users\Andria\.gradle\native\25\windows-amd64\native-platform.dll
0x00007ffa90ca0000 - 0x00007ffa90cad000 	C:\Program Files\Android\Android Studio1\jre\jre\bin\management.dll
0x00007ffa937f0000 - 0x00007ffa93807000 	C:\WINDOWS\SYSTEM32\CRYPTSP.dll
0x00007ffa93230000 - 0x00007ffa93263000 	C:\WINDOWS\system32\rsaenh.dll
0x00007ffa93900000 - 0x00007ffa93925000 	C:\WINDOWS\SYSTEM32\bcrypt.dll
0x00007ffa93cd0000 - 0x00007ffa93cf9000 	C:\WINDOWS\SYSTEM32\USERENV.dll
0x00007ffa93810000 - 0x00007ffa9381b000 	C:\WINDOWS\SYSTEM32\CRYPTBASE.dll
0x00007ffa933c0000 - 0x00007ffa933f9000 	C:\WINDOWS\SYSTEM32\IPHLPAPI.DLL
0x00007ffa954b0000 - 0x00007ffa954b8000 	C:\WINDOWS\System32\NSI.dll
0x00007ffa8ec00000 - 0x00007ffa8ec16000 	C:\WINDOWS\SYSTEM32\dhcpcsvc6.DLL
0x00007ffa8ed10000 - 0x00007ffa8ed2a000 	C:\WINDOWS\SYSTEM32\dhcpcsvc.DLL

VM Arguments:
jvm_args: -XX:MaxHeapSize=256m -Xmx256m -Dfile.encoding=windows-1252 -Duser.country=GB -Duser.language=en -Duser.variant 
java_command: org.gradle.launcher.daemon.bootstrap.GradleDaemon 4.4
java_class_path (initial): C:\Users\Andria\.gradle\wrapper\dists\gradle-4.4-all\9br9xq1tocpiv8o6njlyu5op1\gradle-4.4\lib\gradle-launcher-4.4.jar
Launcher Type: SUN_STANDARD

Environment Variables:
PATH=C:\Program Files (x86)\Common Files\Oracle\Java\javapath;C:\Program Files\Haskell\bin;C:\Program Files\Haskell Platform\8.2.1\lib\extralibs\bin;C:\Program Files\Haskell Platform\8.2.1\bin;C:\ProgramData\Oracle\Java\javapath;C:\WINDOWS\system32;C:\WINDOWS;C:\WINDOWS\System32\Wbem;C:\WINDOWS\System32\WindowsPowerShell\v1.0\;C:\Program Files (x86)\ATI Technologies\ATI.ACE\Core-Static;C:\Program Files (x86)\NVIDIA Corporation\PhysX\Common;C:\Program Files\Haskell Platform\8.2.1\mingw\bin;C:\WINDOWS\system32;C:\WINDOWS;C:\WINDOWS\System32\Wbem;C:\WINDOWS\System32\WindowsPowerShell\v1.0\;C:\Users\Andria\AppData\Roaming\cabal\bin;C:\Users\Andria\AppData\Roaming\local\bin;C:\Users\Andria\AppData\Local\Microsoft\WindowsApps;C:\Users\Andria\AppData\Local\GitHubDesktop\bin
USERNAME=Andria
OS=Windows_NT
PROCESSOR_IDENTIFIER=AMD64 Family 23 Model 1 Stepping 1, AuthenticAMD



---------------  S Y S T E M  ---------------

OS: Windows 10.0 , 64 bit Build 16299 (10.0.16299.431)

CPU:total 16 (initial active 16) (16 cores per cpu, 1 threads per core) family 23 model 1 stepping 1, cmov, cx8, fxsr, mmx, sse, sse2, sse3, ssse3, sse4.1, sse4.2, popcnt, avx, avx2, aes, clmul, mmxext, 3dnowpref, lzcnt, sse4a, tsc, tscinvbit, tscinv, bmi1

Memory: 4k page, physical 8315436k(1743412k free), swap 8315436k(5664k free)

vm_info: OpenJDK 64-Bit Server VM (25.152-b02) for windows-amd64 JRE (1.8.0_152-release-1024-b02), built by "builder" with MS VC++ 10.0 (VS2010)

time: Sat Jun 02 19:13:32 2018
elapsed time: 5 seconds (0d 0h 0m 5s)

