# An error report file with more information is saved as:
# C:\Users\Andria\Documents\GitHub\FitnessPal\hs_err_pid10096.log
#
# There is insufficient memory for the Java Runtime Environment to continue.
# Native memory allocation (malloc) failed to allocate 32744 bytes for ChunkPool::allocate
# Possible reasons:
#   The system is out of physical RAM or swap space
#   In 32 bit mode, the process size limit was hit
# Possible solutions:
#   Reduce memory load on the system
#   Increase physical memory or swap space
#   Check if swap backing store is full
#   Use 64 bit Java on a 64 bit OS
#   Decrease Java heap size (-Xmx/-Xms)
#   Decrease number of Java threads
#   Decrease Java thread stack sizes (-Xss)
#   Set larger code cache with -XX:ReservedCodeCacheSize=
# This output file may be truncated or incomplete.
#
#  Out of Memory Error (allocation.cpp:273), pid=10096, tid=0x0000000000000afc
#
# JRE version: OpenJDK Runtime Environment (8.0_152-b02) (build 1.8.0_152-release-1024-b02)
# Java VM: OpenJDK 64-Bit Server VM (25.152-b02 mixed mode windows-amd64 compressed oops)
# Failed to write core dump. Minidumps are not enabled by default on client versions of Windows
#

---------------  T H R E A D  ---------------

Current thread (0x0000000017aff000):  JavaThread "C1 CompilerThread8" daemon [_thread_in_native, id=2812, stack(0x0000000019ee0000,0x0000000019fe0000)]

Stack: [0x0000000019ee0000,0x0000000019fe0000]
[error occurred during error reporting (printing stack bounds), id 0xc0000005]

Native frames: (J=compiled Java code, j=interpreted, Vv=VM code, C=native code)


Current CompileTask:
C1:   2495 1559       3       java.lang.Class::arrayContentsEq (70 bytes)


---------------  P R O C E S S  ---------------

Java Threads: ( => current thread )
  0x000000001bb81800 JavaThread "Cache worker for file hash cache (C:\Users\Andria\Documents\GitHub\FitnessPal\.gradle\4.4\fileHashes)" [_thread_blocked, id=4912, stack(0x000000001d4c0000,0x000000001d5c0000)]
  0x000000001bb0f000 JavaThread "File lock request listener" [_thread_in_native, id=5464, stack(0x000000001d3c0000,0x000000001d4c0000)]
  0x000000001bc6d800 JavaThread "Cache worker for file hash cache (C:\Users\Andria\.gradle\caches\4.4\fileHashes)" [_thread_blocked, id=15812, stack(0x000000001d2c0000,0x000000001d3c0000)]
  0x000000001b7e9000 JavaThread "Stdin handler" [_thread_blocked, id=17488, stack(0x000000001cfc0000,0x000000001d0c0000)]
  0x000000001b7e7800 JavaThread "Asynchronous log dispatcher for DefaultDaemonConnection: socket connection from /127.0.0.1:59759 to /127.0.0.1:59760" [_thread_blocked, id=17256, stack(0x000000001cec0000,0x000000001cfc0000)]
  0x000000001b7db000 JavaThread "Daemon worker" [_thread_in_Java, id=2012, stack(0x000000001cdc0000,0x000000001cec0000)]
  0x000000001b7d7800 JavaThread "Cancel handler" [_thread_blocked, id=5296, stack(0x000000001ccc0000,0x000000001cdc0000)]
  0x000000001b91f000 JavaThread "Handler for socket connection from /127.0.0.1:59759 to /127.0.0.1:59760" [_thread_in_native, id=5680, stack(0x000000001c9c0000,0x000000001cac0000)]
  0x000000001b928800 JavaThread "Daemon" [_thread_blocked, id=8484, stack(0x000000001c8c0000,0x000000001c9c0000)]
  0x000000001b914800 JavaThread "Daemon periodic checks" [_thread_blocked, id=17060, stack(0x000000001c7c0000,0x000000001c8c0000)]
  0x000000001ba24000 JavaThread "Incoming local TCP Connector on port 59759" [_thread_in_native, id=16140, stack(0x000000001c2f0000,0x000000001c3f0000)]
  0x0000000017b74000 JavaThread "Service Thread" daemon [_thread_blocked, id=9592, stack(0x000000001a3e0000,0x000000001a4e0000)]
  0x0000000017aff800 JavaThread "C1 CompilerThread11" daemon [_thread_blocked, id=9688, stack(0x000000001a2e0000,0x000000001a3e0000)]
  0x0000000017b05800 JavaThread "C1 CompilerThread10" daemon [_thread_blocked, id=9680, stack(0x000000001a1e0000,0x000000001a2e0000)]
  0x0000000017b04000 JavaThread "C1 CompilerThread9" daemon [_thread_blocked, id=11524, stack(0x000000001a0e0000,0x000000001a1e0000)]
=>0x0000000017aff000 JavaThread "C1 CompilerThread8" daemon [_thread_in_native, id=2812, stack(0x0000000019ee0000,0x0000000019fe0000)]
  0x0000000017b01000 JavaThread "C2 CompilerThread7" daemon [_thread_blocked, id=17500, stack(0x0000000019de0000,0x0000000019ee0000)]
  0x0000000017b05000 JavaThread "C2 CompilerThread6" daemon [_thread_blocked, id=2624, stack(0x0000000019ce0000,0x0000000019de0000)]
  0x0000000017acc000 JavaThread "C2 CompilerThread5" daemon [_thread_blocked, id=15332, stack(0x0000000019be0000,0x0000000019ce0000)]
  0x0000000017abf800 JavaThread "C2 CompilerThread4" daemon [_thread_blocked, id=4896, stack(0x0000000019ae0000,0x0000000019be0000)]
  0x000000001602d000 JavaThread "C2 CompilerThread3" daemon [_thread_blocked, id=14204, stack(0x00000000199e0000,0x0000000019ae0000)]
  0x000000001602a000 JavaThread "C2 CompilerThread2" daemon [_thread_in_native, id=5528, stack(0x00000000198e0000,0x00000000199e0000)]
  0x0000000017aad000 JavaThread "C2 CompilerThread1" daemon [_thread_blocked, id=1484, stack(0x00000000197e0000,0x00000000198e0000)]
  0x0000000017aa6800 JavaThread "C2 CompilerThread0" daemon [_thread_in_native, id=848, stack(0x00000000196e0000,0x00000000197e0000)]
  0x0000000017ab3800 JavaThread "Attach Listener" daemon [_thread_blocked, id=14088, stack(0x00000000195e0000,0x00000000196e0000)]
  0x0000000017ab2800 JavaThread "Signal Dispatcher" daemon [_thread_blocked, id=8400, stack(0x00000000194e0000,0x00000000195e0000)]
  0x0000000017a96800 JavaThread "Finalizer" daemon [_thread_blocked, id=6240, stack(0x00000000192f0000,0x00000000193f0000)]
  0x0000000016018800 JavaThread "Reference Handler" daemon [_thread_blocked, id=13080, stack(0x00000000191f0000,0x00000000192f0000)]
  0x0000000004d6d800 [thread 2012 also had an error][thread 848 also had an error]JavaThread "main" [_thread_blocked, id=11112, stack(0x00000000049a0000,0x0000000004aa0000)]

Other Threads:
  0x0000000017a72800 VMThread [stack: 0x00000000190f0000,0x00000000191f0000] [id=9988]
  0x0000000017b78800 WatcherThread [stack: 0x000000001a4e0000,0x000000001a5e0000] [id=15496]

VM state:not at safepoint (normal execution)

VM Mutex/Monitor currently owned by a thread: None

Heap:
 PSYoungGen      total 38400K, used 16111K
 [0x00000000fab00000, 0x00000000fd580000, 0x0000000100000000)
  eden
 space 33280K, 33% used [0x00000000fab00000,0x00000000fb5bbce0,0x00000000fcb80000)
  from space 5120K, 100% used [0x00000000fcb80000,0x00000000fd080000,0x00000000fd080000)
  to   space 5120K, 0% used [0x00000000fd080000,0x00000000fd080000,0x00000000fd580000)
 ParOldGen       total 87552K, used 2129K [0x00000000f0000000, 0x00000000f5580000, 0x00000000fab00000)
  object space 87552K, 2% used [0x00000000f0000000,0x00000000f02147f8,0x00000000f5580000)
 Metaspace       used 15275K, capacity 15538K, committed 15616K, reserved 1062912K
  class space    used 2153K, capacity 2251K, committed 2304K, reserved 1048576K

Card table byte_map: [0x0000000004aa0000,0x0000000004b30000] byte_map_base: 0x0000000004320000

Marking Bits: (ParMarkBitMap*) 0x000000005b854970
 Begin Bits: [0x0000000014e30000, 0x0000000015230000)
 End Bits:   [0x0000000015230000, 0x0000000015630000)

Polling page: 0x00000000007e0000

CodeCache: size=245760Kb used=6973Kb max_used=6977Kb free=238786Kb
 bounds [0x0000000004d70000, 0x0000000005450000, 0x0000000013d70000]
 total_blobs=1930 nmethods=1555 adapters=286
 compilation: enabled

Compilation events (10 events):
Event: 2.486 Thread 0x0000000017b05800 nmethod 1554 0x000000000543a110 code [0x000000000543a280, 0x000000000543a4e8]
Event: 2.486 Thread 0x0000000017aff000 1555       3       sun.misc.ProxyGenerator::code_aload (11 bytes)
Event: 2.486 Thread 0x0000000017aff000 nmethod 1555 0x0000000005435e90 code [0x0000000005436000, 0x00000000054361a8]
Event: 2.487 Thread 0x0000000017aff800 1556       3       java.io.ByteArrayOutputStream::<init> (43 bytes)
Event: 2.487 Thread 0x0000000017b04000 1557       3       java.io.ByteArrayOutputStream::<init> (7 bytes)
Event: 2.487 Thread 0x0000000017b05800 1558       1       sun.misc.ProxyGenerator::access$800 (5 bytes)
Event: 2.488 Thread 0x0000000017b04000 nmethod 1557 0x0000000005435b10 code [0x0000000005435c80, 0x0000000005435e08]
Event: 2.488 Thread 0x0000000017b05800 nmethod 1558 0x0000000005435850 code [0x00000000054359a0, 0x0000000005435a90]
Event: 2.488 Thread 0x0000000017aff800 nmethod 1556 0x00000000054412d0 code [0x00000000054414c0, 0x0000000005441e38]
Event: 2.489 Thread 0x0000000017aff000 1559       3       java.lang.Class::arrayContentsEq (70 bytes)

GC Heap History (6 events):
Event: 0.839 GC heap before
{Heap before GC invocations=1 (full 0):
 PSYoungGen      total 38400K, used 33280K [0x00000000fab00000, 0x00000000fd580000, 0x0000000100000000)
  eden space 33280K, 100% used [0x00000000fab00000,0x00000000fcb80000,0x00000000fcb80000)
  from space 5120K, 0% used [0x00000000fd080000,0x00000000fd080000,0x00000000fd580000)
  to   space 5120K, 0% used [0x00000000fcb80000,0x00000000fcb80000,0x00000000fd080000)
 ParOldGen       total 87552K, used 0K [0x00000000f0000000, 0x00000000f5580000, 0x00000000fab00000)
  object space 87552K, 0% used [0x00000000f0000000,0x00000000f0000000,0x00000000f5580000)
 Metaspace       used 6900K, capacity 7050K, committed 7168K, reserved 1056768K
  class space    used 841K, capacity 907K, committed 1024K, reserved 1048576K
Event: 0.844 GC heap after
Heap after GC invocations=1 (full 0):
 PSYoungGen      total 38400K, used 4296K [0x00000000fab00000, 0x00000000fd580000, 0x0000000100000000)
  eden space 33280K, 0% used [0x00000000fab00000,0x00000000fab00000,0x00000000fcb80000)
  from space 5120K, 83% used [0x00000000fcb80000,0x00000000fcfb2268,0x00000000fd080000)
  to   space 5120K, 0% used [0x00000000fd080000,0x00000000fd080000,0x00000000fd580000)
 ParOldGen       total 87552K, used 8K [0x00000000f0000000, 0x00000000f5580000, 0x00000000fab00000)
  object space 87552K, 0% used [0x00000000f0000000,0x00000000f0002000,0x00000000f5580000)
 Metaspace       used 6900K, capacity 7050K, committed 7168K, reserved 1056768K
  class space    used 841K, capacity 907K, committed 1024K, reserved 1048576K
}
Event: 1.849 GC heap before
{Heap before GC invocations=2 (full 0):
 PSYoungGen      total 38400K, used 37576K [0x00000000fab00000, 0x00000000fd580000, 0x0000000100000000)
  eden space 33280K, 100% used [0x00000000fab00000,0x00000000fcb80000,0x00000000fcb80000)
  from space 5120K, 83% used [0x00000000fcb80000,0x00000000fcfb2268,0x00000000fd080000)
  to   space 5120K, 0% used [0x00000000fd080000,0x00000000fd080000,0x00000000fd580000)
 ParOldGen       total 87552K, used 8K [0x00000000f0000000, 0x00000000f5580000, 0x00000000fab00000)
  object space 87552K, 0% used [0x00000000f0000000,0x00000000f0002000,0x00000000f5580000)
 Metaspace       used 10779K, capacity 11076K, committed 11264K, reserved 1058816K
  class space    used 1411K, capacity 1518K, committed 1536K, reserved 1048576K
Event: 1.860 GC heap after
Heap after GC invocations=2 (full 0):
 PSYoungGen      total 38400K, used 5116K [0x00000000fab00000, 0x00000000fd580000, 0x0000000100000000)
  eden space 33280K, 0% used [0x00000000fab00000,0x00000000fab00000,0x00000000fcb80000)
  from space 5120K, 99% used [0x00000000fd080000,0x00000000fd57f3d0,0x00000000fd580000)
  to   space 5120K, 0% used [0x00000000fcb80000,0x00000000fcb80000,0x00000000fd080000)
 ParOldGen       total 87552K, used 113K [0x00000000f0000000, 0x00000000f5580000, 0x00000000fab00000)
  object space 87552K, 0% used [0x00000000f0000000,0x00000000f001c5b0,0x00000000f5580000)
 Metaspace       used 10779K, capacity 11076K, committed 11264K, reserved 1058816K
  class space    used 1411K, capacity 1518K, committed 1536K, reserved 1048576K
}
Event: 2.349 GC heap before
{Heap before GC invocations=3 (full 0):
 PSYoungGen      total 38400K, used 38396K [0x00000000fab00000, 0x00000000fd580000, 0x0000000100000000)
  eden space 33280K, 100% used [0x00000000fab00000,0x00000000fcb80000,0x00000000fcb80000)
  from space 5120K, 99% used [0x00000000fd080000,0x00000000fd57f3d0,0x00000000fd580000)
  to   space 5120K, 0% used [0x00000000fcb80000,0x00000000fcb80000,0x00000000fd080000)
 ParOldGen       total 87552K, used 113K [0x00000000f0000000, 0x00000000f5580000, 0x00000000fab00000)
  object space 87552K, 0% used [0x00000000f0000000,0x00000000f001c5b0,0x00000000f5580000)
 Metaspace       used 14241K, capacity 14578K, committed 14720K, reserved 1062912K
  class space    used 1981K, capacity 2123K, committed 2176K, reserved 1048576K
Event: 2.356 GC heap after
Heap after GC invocations=3 (full 0):
 PSYoungGen      total 38400K, used 5120K [0x00000000fab00000, 0x00000000fd580000, 0x0000000100000000)
  eden space 33280K, 0% used [0x00000000fab00000,0x00000000fab00000,0x00000000fcb80000)
  from space 5120K, 100% used [0x00000000fcb80000,0x00000000fd080000,0x00000000fd080000)
  to   space 5120K, 0% used [0x00000000fd080000,0x00000000fd080000,0x00000000fd580000)
 ParOldGen       total 87552K, used 2129K [0x00000000f0000000, 0x00000000f5580000, 0x00000000fab00000)
  object space 87552K, 2% used [0x00000000f0000000,0x00000000f02147f8,0x00000000f5580000)
 Metaspace       used 14241K, capacity 14578K, committed 14720K, reserved 1062912K
  class space    used 1981K, capacity 2123K, committed 2176K, reserved 1048576K
}

Deoptimization events (10 events):
Event: 1.364 Thread 0x0000000004d6d800 Uncommon trap: reason=unstable_if action=reinterpret pc=0x0000000005234f90 method=java.io.WinNTFileSystem.normalize(Ljava/lang/String;)Ljava/lang/String; @ 128
Event: 1.364 Thread 0x0000000004d6d800 Uncommon trap: reason=unstable_if action=reinterpret pc=0x00000000052628b8 method=java.io.WinNTFileSystem.normalize(Ljava/lang/String;II)Ljava/lang/String; @ 90
Event: 1.962 Thread 0x000000001b91f000 Uncommon trap: reason=unstable_if action=reinterpret pc=0x00000000052f5c98 method=java.util.concurrent.ConcurrentHashMap.putVal(Ljava/lang/Object;Ljava/lang/Object;Z)Ljava/lang/Object; @ 206
Event: 2.077 Thread 0x000000001b7db000 Uncommon trap: reason=bimorphic action=maybe_recompile pc=0x000000000527ea94 method=java.util.HashMap.putVal(ILjava/lang/Object;Ljava/lang/Object;ZZ)Ljava/lang/Object; @ 253
Event: 2.077 Thread 0x000000001b7db000 Uncommon trap: reason=bimorphic action=maybe_recompile pc=0x000000000527ea94 method=java.util.HashMap.putVal(ILjava/lang/Object;Ljava/lang/Object;ZZ)Ljava/lang/Object; @ 253
Event: 2.077 Thread 0x000000001b7db000 Uncommon trap: reason=bimorphic action=maybe_recompile pc=0x0000000005284048 method=java.util.HashMap.putVal(ILjava/lang/Object;Ljava/lang/Object;ZZ)Ljava/lang/Object; @ 253
Event: 2.090 Thread 0x000000001b7db000 Uncommon trap: reason=class_check action=maybe_recompile pc=0x00000000051dcc5c method=java.util.regex.Matcher.match(II)Z @ 86
Event: 2.331 Thread 0x000000001b7db000 Uncommon trap: reason=class_check action=maybe_recompile pc=0x00000000051dcc5c method=java.util.regex.Matcher.match(II)Z @ 86
Event: 2.331 Thread 0x000000001b7db000 Uncommon trap: reason=class_check action=maybe_recompile pc=0x000000000519f288 method=java.util.regex.Matcher.match(II)Z @ 86
Event: 2.387 Thread 0x000000001b7db000 Uncommon trap: reason=unstable_if action=reinterpret pc=0x00000000053c4e3c method=java.lang.String.lastIndexOf([CII[CIII)I @ 66

Classes redefined (0 events):
No events

Internal exceptions (10 events):
Event: 1.985 Thread 0x000000001b91f000 Exception <a 'java/lang/NoSuchMethodError': <clinit>> (0x00000000fae42c18) thrown at [D:\src\AOSP-openjdk-cygwin\jdk8u\hotspot\src\share\vm\prims\jni.cpp, line 1613]
Event: 1.989 Thread 0x000000001b91f000 Exception <a 'java/lang/NoSuchMethodError': <clinit>> (0x00000000fae5a760) thrown at [D:\src\AOSP-openjdk-cygwin\jdk8u\hotspot\src\share\vm\prims\jni.cpp, line 1613]
Event: 1.990 Thread 0x000000001b91f000 Exception <a 'java/lang/NoSuchMethodError': <clinit>> (0x00000000fae63228) thrown at [D:\src\AOSP-openjdk-cygwin\jdk8u\hotspot\src\share\vm\prims\jni.cpp, line 1613]
Event: 1.992 Thread 0x000000001b91f000 Exception <a 'java/lang/NoSuchMethodError': <clinit>> (0x00000000fae748a8) thrown at [D:\src\AOSP-openjdk-cygwin\jdk8u\hotspot\src\share\vm\prims\jni.cpp, line 1613]
Event: 2.011 Thread 0x000000001b91f000 Exception <a 'java/lang/NoSuchMethodError': <clinit>> (0x00000000faee15a8) thrown at [D:\src\AOSP-openjdk-cygwin\jdk8u\hotspot\src\share\vm\prims\jni.cpp, line 1613]
Event: 2.019 Thread 0x000000001b91f000 Exception <a 'java/lang/NoSuchMethodError': <clinit>> (0x00000000faf04ee8) thrown at [D:\src\AOSP-openjdk-cygwin\jdk8u\hotspot\src\share\vm\prims\jni.cpp, line 1613]
Event: 2.025 Thread 0x000000001b91f000 Exception <a 'java/lang/NoSuchMethodError': <clinit>> (0x00000000faf1fe30) thrown at [D:\src\AOSP-openjdk-cygwin\jdk8u\hotspot\src\share\vm\prims\jni.cpp, line 1613]
Event: 2.030 Thread 0x000000001b91f000 Exception <a 'java/lang/NoSuchMethodError': <clinit>> (0x00000000faf42c68) thrown at [D:\src\AOSP-openjdk-cygwin\jdk8u\hotspot\src\share\vm\prims\jni.cpp, line 1613]
Event: 2.063 Thread 0x000000001b7db000 Exception <a 'java/lang/NoSuchMethodError': <clinit>> (0x00000000fb087470) thrown at [D:\src\AOSP-openjdk-cygwin\jdk8u\hotspot\src\share\vm\prims\jni.cpp, line 1613]
Event: 2.064 Thread 0x000000001b7db000 Exception <a 'java/lang/NoSuchMethodError': <clinit>> (0x00000000fb08f6f8) thrown at [D:\src\AOSP-openjdk-cygwin\jdk8u\hotspot\src\share\vm\prims\jni.cpp, line 1613]

Events (10 events):
Event: 2.484 loading class sun/reflect/annotation/ExceptionProxy done
Event: 2.484 loading class sun/reflect/annotation/AnnotationTypeMismatchExceptionProxy done
Event: 2.484 loading class sun/reflect/annotation/AnnotationParser$1
Event: 2.484 loading class sun/reflect/annotation/AnnotationParser$1 done
Event: 2.485 loading class sun/reflect/annotation/AnnotationInvocationHandler
Event: 2.485 loading class sun/reflect/annotation/AnnotationInvocationHandler done
Event: 2.487 loading class java/lang/annotation/Target
Event: 2.487 loading class java/lang/annotation/Target done
Event: 2.489 loading class java/lang/annotation/ElementType
Event: 2.489 loading class java/lang/annotation/ElementType done


Dynamic libraries:
0x00007ff710c40000 - 0x00007ff710c71000 	C:\Program Files\Android\Android Studio1\jre\bin\java.exe
0x00007ffa97a50000 - 0x00007ffa97c30000 	C:\WINDOWS\SYSTEM32\ntdll.dll
0x00007ffa96320000 - 0x00007ffa963ce000 	C:\WINDOWS\System32\KERNEL32.DLL
0x00007ffa94740000 - 0x00007ffa949a6000 	C:\WINDOWS\System32\KERNELBASE.dll
0x00007ffa96270000 - 0x00007ffa96311000 	C:\WINDOWS\System32\ADVAPI32.dll
0x00007ffa963d0000 - 0x00007ffa9646d000 	C:\WINDOWS\System32\msvcrt.dll
0x00007ffa95e30000 - 0x00007ffa95e8b000 	C:\WINDOWS\System32\sechost.dll
0x00007ffa95690000 - 0x00007ffa957af000 	C:\WINDOWS\System32\RPCRT4.dll
0x00007ffa957c0000 - 0x00007ffa9594f000 	C:\WINDOWS\System32\USER32.dll
0x00007ffa93fd0000 - 0x00007ffa93ff0000 	C:\WINDOWS\System32\win32u.dll
0x00007ffa95e90000 - 0x00007ffa95eb8000 	C:\WINDOWS\System32\GDI32.dll
0x00007ffa94b80000 - 0x00007ffa94d13000 	C:\WINDOWS\System32\gdi32full.dll
0x00007ffa94d20000 - 0x00007ffa94dbb000 	C:\WINDOWS\System32\msvcp_win.dll
0x00007ffa93e50000 - 0x00007ffa93f46000 	C:\WINDOWS\System32\ucrtbase.dll
0x00007ffa8a170000 - 0x00007ffa8a3d9000 	C:\WINDOWS\WinSxS\amd64_microsoft.windows.common-controls_6595b64144ccf1df_6.0.16299.431_none_15c7d3ee93659e73\COMCTL32.dll
0x00007ffa95f60000 - 0x00007ffa96268000 	C:\WINDOWS\System32\combase.dll
0x00007ffa93f50000 - 0x00007ffa93fc2000 	C:\WINDOWS\System32\bcryptPrimitives.dll
0x00007ffa95030000 - 0x00007ffa9505d000 	C:\WINDOWS\System32\IMM32.DLL
0x000000005aed0000 - 0x000000005afa2000 	C:\Program Files\Android\Android Studio1\jre\jre\bin\msvcr100.dll
0x000000005b090000 - 0x000000005b8cf000 	C:\Program Files\Android\Android Studio1\jre\jre\bin\server\jvm.dll
0x00007ffa95af0000 - 0x00007ffa95af8000 	C:\WINDOWS\System32\PSAPI.DLL
0x00007ffa91d50000 - 0x00007ffa91d73000 	C:\WINDOWS\SYSTEM32\WINMM.dll
0x00007ffa8eed0000 - 0x00007ffa8eeda000 	C:\WINDOWS\SYSTEM32\VERSION.dll
0x00007ffa92190000 - 0x00007ffa92199000 	C:\WINDOWS\SYSTEM32\WSOCK32.dll
0x00007ffa95be0000 - 0x00007ffa95c4c000 	C:\WINDOWS\System32\WS2_32.dll
0x00007ffa91bd0000 - 0x00007ffa91bfa000 	C:\WINDOWS\SYSTEM32\WINMMBASE.dll
0x00007ffa94e70000 - 0x00007ffa94eba000 	C:\WINDOWS\System32\cfgmgr32.dll
0x00007ffa90dc0000 - 0x00007ffa90dcf000 	C:\Program Files\Android\Android Studio1\jre\jre\bin\verify.dll
0x00007ffa89e00000 - 0x00007ffa89e29000 	C:\Program Files\Android\Android Studio1\jre\jre\bin\java.dll
0x00007ffa90570000 - 0x00007ffa90586000 	C:\Program Files\Android\Android Studio1\jre\jre\bin\zip.dll
0x00007ffa965e0000 - 0x00007ffa97a18000 	C:\WINDOWS\System32\SHELL32.dll
0x00007ffa94f20000 - 0x00007ffa94fc6000 	C:\WINDOWS\System32\shcore.dll
0x00007ffa93ff0000 - 0x00007ffa94737000 	C:\WINDOWS\System32\windows.storage.dll
0x00007ffa954c0000 - 0x00007ffa95511000 	C:\WINDOWS\System32\shlwapi.dll
0x00007ffa93e10000 - 0x00007ffa93e21000 	C:\WINDOWS\System32\kernel.appcore.dll
0x00007ffa93da0000 - 0x00007ffa93dec000 	C:\WINDOWS\System32\powrprof.dll
0x00007ffa93e30000 - 0x00007ffa93e4b000 	C:\WINDOWS\System32\profapi.dll
0x00007ffa8fe50000 - 0x00007ffa8fe6a000 	C:\Program Files\Android\Android Studio1\jre\jre\bin\net.dll
0x00007ffa93630000 - 0x00007ffa93696000 	C:\WINDOWS\system32\mswsock.dll
0x00007ffa89de0000 - 0x00007ffa89df1000 	C:\Program Files\Android\Android Studio1\jre\jre\bin\nio.dll
0x00007ffa8df50000 - 0x00007ffa8df6e000 	C:\Users\Andria\.gradle\native\25\windows-amd64\native-platform.dll
0x00007ffa90ca0000 - 0x00007ffa90cad000 	C:\Program Files\Android\Android Studio1\jre\jre\bin\management.dll
0x00007ffa937f0000 - 0x00007ffa93807000 	C:\WINDOWS\SYSTEM32\CRYPTSP.dll
0x00007ffa93230000 - 0x00007ffa93263000 	C:\WINDOWS\system32\rsaenh.dll
0x00007ffa93900000 - 0x00007ffa93925000 	C:\WINDOWS\SYSTEM32\bcrypt.dll
0x00007ffa93cd0000 - 0x00007ffa93cf9000 	C:\WINDOWS\SYSTEM32\USERENV.dll
0x00007ffa93810000 - 0x00007ffa9381b000 	C:\WINDOWS\SYSTEM32\CRYPTBASE.dll
0x00007ffa933c0000 - 0x00007ffa933f9000 	C:\WINDOWS\SYSTEM32\IPHLPAPI.DLL
0x00007ffa954b0000 - 0x00007ffa954b8000 	C:\WINDOWS\System32\NSI.dll
0x00007ffa8ec00000 - 0x00007ffa8ec16000 	C:\WINDOWS\SYSTEM32\dhcpcsvc6.DLL
0x00007ffa8ed10000 - 0x00007ffa8ed2a000 	C:\WINDOWS\SYSTEM32\dhcpcsvc.DLL

VM Arguments:
jvm_args: -XX:MaxHeapSize=256m -Xmx256m -Dfile.encoding=windows-1252 -Duser.country=GB -Duser.language=en -Duser.variant 
java_command: org.gradle.launcher.daemon.bootstrap.GradleDaemon 4.4
java_class_path (initial): C:\Users\Andria\.gradle\wrapper\dists\gradle-4.4-all\9br9xq1tocpiv8o6njlyu5op1\gradle-4.4\lib\gradle-launcher-4.4.jar
Launcher Type: SUN_STANDARD

Environment Variables:
PATH=C:\Program Files (x86)\Common Files\Oracle\Java\javapath;C:\Program Files\Haskell\bin;C:\Program Files\Haskell Platform\8.2.1\lib\extralibs\bin;C:\Program Files\Haskell Platform\8.2.1\bin;C:\ProgramData\Oracle\Java\javapath;C:\WINDOWS\system32;C:\WINDOWS;C:\WINDOWS\System32\Wbem;C:\WINDOWS\System32\WindowsPowerShell\v1.0\;C:\Program Files (x86)\ATI Technologies\ATI.ACE\Core-Static;C:\Program Files (x86)\NVIDIA Corporation\PhysX\Common;C:\Program Files\Haskell Platform\8.2.1\mingw\bin;C:\WINDOWS\system32;C:\WINDOWS;C:\WINDOWS\System32\Wbem;C:\WINDOWS\System32\WindowsPowerShell\v1.0\;C:\Users\Andria\AppData\Roaming\cabal\bin;C:\Users\Andria\AppData\Roaming\local\bin;C:\Users\Andria\AppData\Local\Microsoft\WindowsApps;C:\Users\Andria\AppData\Local\GitHubDesktop\bin
USERNAME=Andria
OS=Windows_NT
PROCESSOR_IDENTIFIER=AMD64 Family 23 Model 1 Stepping 1, AuthenticAMD



---------------  S Y S T E M  ---------------

OS: Windows 10.0 , 64 bit Build 16299 (10.0.16299.431)

CPU:total 16 (initial active 16) (16 cores per cpu, 1 threads per core) family 23 model 1 stepping 1, cmov, cx8, fxsr, mmx, sse, sse2, sse3, ssse3, sse4.1, sse4.2, popcnt, avx, avx2, aes, clmul, mmxext, 3dnowpref, lzcnt, sse4a, tsc, tscinvbit, tscinv, bmi1

Memory: 4k page, physical 8315436k(1759296k free), swap 8315436k(1196k free)

vm_info: OpenJDK 64-Bit Server VM (25.152-b02) for windows-amd64 JRE (1.8.0_152-release-1024-b02), built by "builder" with MS VC++ 10.0 (VS2010)

time: Sat Jun 02 19:14:55 2018
elapsed time: 2 seconds (0d 0h 0m 2s)

