#
# There is insufficient memory for the Java Runtime Environment to continue.
# Native memory allocation (malloc) failed to allocate 1394528 bytes for Chunk::new
# Possible reasons:
#   The system is out of physical RAM or swap space
#   In 32 bit mode, the process size limit was hit
# Possible solutions:
#   Reduce memory load on the system
#   Increase physical memory or swap space
#   Check if swap backing store is full
#   Use 64 bit Java on a 64 bit OS
#   Decrease Java heap size (-Xmx/-Xms)
#   Decrease number of Java threads
#   Decrease Java thread stack sizes (-Xss)
#   Set larger code cache with -XX:ReservedCodeCacheSize=
# This output file may be truncated or incomplete.
#
#  Out of Memory Error (allocation.cpp:390), pid=16836, tid=0x0000000000002a08
#
# JRE version: OpenJDK Runtime Environment (8.0_152-b02) (build 1.8.0_152-release-1024-b02)
# Java VM: OpenJDK 64-Bit Server VM (25.152-b02 mixed mode windows-amd64 compressed oops)
# Failed to write core dump. Minidumps are not enabled by default on client versions of Windows
#

---------------  T H R E A D  ---------------

Current thread (0x00000000173d0000):  JavaThread "C2 CompilerThread0" daemon [_thread_in_native, id=10760, stack(0x0000000019040000,0x0000000019140000)]

Stack: [0x0000000019040000,0x0000000019140000]
[error occurred during error reporting (printing stack bounds), id 0xc0000005]

Native frames: (J=compiled Java code, j=interpreted, Vv=VM code, C=native code)


Current CompileTask:
C2:  12631 4651       4       com.sun.beans.TypeResolver::resolve (37 bytes)


---------------  P R O C E S S  ---------------

Java Threads: ( => current thread )
  0x000000001e793800 JavaThread "Memory manager" [_thread_blocked, id=12508, stack(0x0000000023220000,0x0000000023320000)]
  0x000000001e79a000 JavaThread "build operations Thread 16" [_thread_blocked, id=15708, stack(0x0000000022d20000,0x0000000022e20000)]
  0x000000001e795800 JavaThread "build operations Thread 15" [_thread_blocked, id=15304, stack(0x0000000022c20000,0x0000000022d20000)]
  0x000000001e798000 JavaThread "build operations Thread 14" [_thread_blocked, id=2792, stack(0x0000000022b20000,0x0000000022c20000)]
  0x000000001e795000 JavaThread "build operations Thread 13" [_thread_blocked, id=17244, stack(0x0000000022a20000,0x0000000022b20000)]
  0x000000001e792800 JavaThread "build operations Thread 12" [_thread_blocked, id=11056, stack(0x0000000022920000,0x0000000022a20000)]
  0x000000001e797000 JavaThread "build operations Thread 11" [_thread_blocked, id=9536, stack(0x0000000022820000,0x0000000022920000)]
  0x000000001e799800 JavaThread "build operations Thread 10" [_thread_blocked, id=9248, stack(0x0000000022720000,0x0000000022820000)]
  0x000000001e792000 JavaThread "build operations Thread 9" [_thread_blocked, id=18200, stack(0x0000000022620000,0x0000000022720000)]
  0x000000001e796800 JavaThread "build operations Thread 8" [_thread_blocked, id=17652, stack(0x0000000022520000,0x0000000022620000)]
  0x000000001e798800 JavaThread "build operations Thread 7" [_thread_blocked, id=18368, stack(0x0000000022420000,0x0000000022520000)]
  0x000000001e4ca800 JavaThread "build operations Thread 6" [_thread_blocked, id=9088, stack(0x0000000022320000,0x0000000022420000)]
  0x000000001e4cf800 JavaThread "build operations Thread 5" [_thread_blocked, id=10044, stack(0x0000000022220000,0x0000000022320000)]
  0x000000001e4cc000 JavaThread "build operations Thread 4" [_thread_blocked, id=15252, stack(0x0000000022120000,0x0000000022220000)]
  0x000000001e4ce800 JavaThread "build operations Thread 3" [_thread_blocked, id=7720, stack(0x0000000022020000,0x0000000022120000)]
  0x000000001e4d1800 JavaThread "build operations Thread 2" [_thread_blocked, id=3648, stack(0x0000000021f20000,0x0000000022020000)]
  0x000000001e4cd800 JavaThread "build operations" [_thread_blocked, id=9080, stack(0x0000000021e20000,0x0000000021f20000)]
  0x000000001e4d0000 JavaThread "Cache worker for Artifact transforms cache (C:\Users\Andria\.gradle\caches\transforms-1)" [_thread_blocked, id=9156, stack(0x0000000020750000,0x0000000020850000)]
  0x000000001b4d4800 JavaThread "Cache worker for file hash cache (C:\Users\Andria\Documents\GitHub\FitnessPal\.gradle\4.4\fileHashes)" [_thread_blocked, id=15972, stack(0x000000001ce20000,0x000000001cf20000)]
  0x000000001b3ae800 JavaThread "File lock request listener" [_thread_in_native, id=18316, stack(0x000000001cd20000,0x000000001ce20000)]
  0x000000001b457800 JavaThread "Cache worker for file hash cache (C:\Users\Andria\.gradle\caches\4.4\fileHashes)" [_thread_blocked, id=11444, stack(0x000000001cc20000,0x000000001cd20000)]
  0x000000001b0b7000 JavaThread "Stdin handler" [_thread_blocked, id=972, stack(0x000000001c920000,0x000000001ca20000)]
  0x000000001b0b6800 JavaThread "Asynchronous log dispatcher for DefaultDaemonConnection: socket connection from /127.0.0.1:59683 to /127.0.0.1:59684" [_thread_blocked, id=11136, stack(0x000000001c820000,0x000000001c920000)]
  0x000000001b0b3000 JavaThread "Daemon worker" [_thread_in_vm, id=18144, stack(0x000000001c720000,0x000000001c820000)]
  0x000000001b1d8800 JavaThread "Cancel handler" [_thread_blocked, id=16548, stack(0x000000001c620000,0x000000001c720000)]
  0x0000000019fa0800 JavaThread "Handler for socket connection from /127.0.0.1:59683 to /127.0.0.1:59684" [_thread_in_native, id=11912, stack(0x000000001c320000,0x000000001c420000)]
  0x0000000019f9b800 JavaThread "Daemon" [_thread_blocked, id=13124, stack(0x000000001c220000,0x000000001c320000)]
  0x000000001aecc800 JavaThread "Daemon periodic checks" [_thread_blocked, id=5460, stack(0x000000001c120000,0x000000001c220000)]
  0x000000001b07a800 JavaThread "Incoming local TCP Connector on port 59683" [_thread_in_native, id=11404, stack(0x000000001bc50000,0x000000001bd50000)]
  0x0000000017400000 JavaThread "Service Thread" daemon [_thread_blocked, id=5708, stack(0x0000000019c40000,0x0000000019d40000)]
  0x00000000173f5000 JavaThread "C1 CompilerThread11" daemon [_thread_blocked, id=3280, stack(0x0000000019b40000,0x0000000019c40000)]
  0x00000000173f3000 JavaThread "C1 CompilerThread10" daemon [_thread_blocked, id=8080, stack(0x0000000019a40000,0x0000000019b40000)]
  0x00000000173f2800 JavaThread "C1 CompilerThread9" daemon [_thread_blocked, id=7408, stack(0x0000000019940000,0x0000000019a40000)]
  0x00000000173f0800 JavaThread "C1 CompilerThread8" daemon [_thread_blocked, id=8880, stack(0x0000000019840000,0x0000000019940000)]
  0x00000000173d9800 JavaThread "C2 CompilerThread7" daemon [_thread_in_native, id=8740, stack(0x0000000019740000,0x0000000019840000)]
  0x00000000173e6000 JavaThread "C2 CompilerThread6" daemon [_thread_in_native, id=1996, stack(0x0000000019640000,0x0000000019740000)]
  0x00000000173d9000 JavaThread "C2 CompilerThread5" daemon [_thread_in_native, id=3808, stack(0x0000000019540000,0x0000000019640000)]
  0x00000000173d6000 JavaThread "C2 CompilerThread4" daemon [_thread_blocked, id=11748, stack(0x0000000019440000,0x0000000019540000)]
  0x00000000173d5800 JavaThread "C2 CompilerThread3" daemon [_thread_in_native, id=17068, stack(0x0000000019340000,0x0000000019440000)]
  0x00000000173d2800 JavaThread "C2 CompilerThread2" daemon [_thread_blocked, id=7516, stack(0x0000000019240000,0x0000000019340000)]
  0x00000000173d1800 JavaThread "C2 CompilerThread1" daemon [_thread_in_native, id=10980, stack(0x0000000019140000,0x0000000019240000)]
=>0x00000000173d0000 JavaThread "C2 CompilerThread0" daemon [_thread_in_native, id=10760, stack(0x0000000019040000,0x0000000019140000)]
  0x00000000173cf000 JavaThread "Attach Listener" daemon [_thread_blocked, id=4264, stack(0x0000000018f40000,0x0000000019040000)]
  0x00000000173e1000 JavaThread "Signal Dispatcher" daemon [_thread_blocked, id=4412, stack(0x0000000018e40000,0x0000000018f40000)]
  0x00000000173c6000 JavaThread "Finalizer" daemon [_thread_blocked, id=11952, stack(0x0000000018c50000,0x0000000018d50000)]
  0x0000000015958000 JavaThread "Reference Handler" daemon [_thread_blocked, id=11492, stack(0x0000000018b50000,0x0000000018c50000)]
  0x000000000438d800 JavaThread "main" [_thread_blocked, id=17288, stack(0x00000000043d0000,0x00000000044d0000)]

Other Threads:
  0x00000000045ce800 VMThread [stack: 0x0000000018a50000,0x0000000018b50000] [id=2528]
  0x0000000017403000 WatcherThread [stack: 0x0000000019d40000,0x0000000019e40000] [id=14004]

VM state:not at safepoint (normal execution)

VM Mutex/Monitor currently owned by a thread: None

Heap:
 PSYoungGen      total 74240K, used 30415K [0x00000000fab00000, 0x0000000100000000, 0x0000000100000000)
  eden space 62464K, 30% used [0x00000000fab00000,0x00000000fbd5b320,0x00000000fe800000)
  from space 11776K, 98% used [0x00000000fe800000,0x00000000ff358a40,0x00000000ff380000)
  to   space 12800K, 0% used [0x00000000ff380000,0x00000000ff380000,0x0000000100000000)
 ParOldGen       total 102400K, used 17457K [0x00000000f0000000, 0x00000000f6400000, 0x00000000fab00000)
  object space 102400K, 17% used [0x00000000f0000000,0x00000000f110c6f0,0x00000000f6400000)
 Metaspace       used 44538K, capacity 45572K, committed 45696K, reserved 1089536K
  class space    used 6102K, capacity 6438K, committed 6528K, reserved 1048576K

Card table byte_map: [0x00000000042d0000,0x0000000004360000] byte_map_base: 0x0000000003b50000

Marking Bits: (ParMarkBitMap*) 0x000000005b854970
 Begin Bits: [0x00000000146f0000, 0x0000000014af0000)
 End Bits:   [0x0000000014af0000, 0x0000000014ef0000)

Polling page: 0x00000000042a0000

CodeCache: size=245760Kb used=16984Kb max_used=16987Kb free=228775Kb
 bounds [0x00000000045d0000, 0x0000000005680000, 0x00000000135d0000]
 total_blobs=5149 nmethods=4423 adapters=635
 compilation: enabled

Compilation events (10 events):
Event: 12.575 Thread 0x00000000173f2800 nmethod 4842 0x00000000056707d0 code [0x0000000005670940, 0x0000000005670d28]
Event: 12.575 Thread 0x00000000173f5000 nmethod 4841 0x0000000005670e10 code [0x0000000005670fa0, 0x0000000005671568]
Event: 12.575 Thread 0x00000000173d2800 4843       4       java.util.HashMap::getNode (148 bytes)
Event: 12.576 Thread 0x00000000173f0800 4844       3       com.sun.xml.bind.v2.model.impl.FieldPropertySeed::hasAnnotation (18 bytes)
Event: 12.576 Thread 0x00000000173f0800 nmethod 4844 0x00000000056716d0 code [0x0000000005671840, 0x0000000005671b48]
Event: 12.579 Thread 0x00000000173d2800 nmethod 4843 0x0000000005674ad0 code [0x0000000005674c20, 0x0000000005674e18]
Event: 12.580 Thread 0x00000000173f3000 4845       3       com.sun.xml.bind.v2.model.nav.ReflectionNavigator::use (9 bytes)
Event: 12.580 Thread 0x00000000173f2800 4846       3       com.sun.xml.bind.v2.model.nav.ReflectionNavigator::use (2 bytes)
Event: 12.580 Thread 0x00000000173f2800 nmethod 4846 0x0000000005674790 code [0x00000000056748e0, 0x0000000005674a30]
Event: 12.580 Thread 0x00000000173f3000 nmethod 4845 0x0000000005674250 code [0x00000000056743c0, 0x00000000056746d0]

GC Heap History (10 events):
Event: 7.165 GC heap before
{Heap before GC invocations=9 (full 1):
 PSYoungGen      total 70656K, used 67374K [0x00000000fab00000, 0x0000000100000000, 0x0000000100000000)
  eden space 60416K, 100% used [0x00000000fab00000,0x00000000fe600000,0x00000000fe600000)
  from space 10240K, 67% used [0x00000000fe600000,0x00000000feccb888,0x00000000ff000000)
  to   space 10240K, 0% used [0x00000000ff600000,0x00000000ff600000,0x0000000100000000)
 ParOldGen       total 64000K, used 8191K [0x00000000f0000000, 0x00000000f3e80000, 0x00000000fab00000)
  object space 64000K, 12% used [0x00000000f0000000,0x00000000f07ffc88,0x00000000f3e80000)
 Metaspace       used 30816K, capacity 31434K, committed 31744K, reserved 1077248K
  class space    used 4304K, capacity 4522K, committed 4608K, reserved 1048576K
Event: 7.179 GC heap after
Heap after GC invocations=9 (full 1):
 PSYoungGen      total 73728K, used 10222K [0x00000000fab00000, 0x0000000100000000, 0x0000000100000000)
  eden space 63488K, 0% used [0x00000000fab00000,0x00000000fab00000,0x00000000fe900000)
  from space 10240K, 99% used [0x00000000ff600000,0x00000000ffffbaf8,0x0000000100000000)
  to   space 11776K, 0% used [0x00000000fe900000,0x00000000fe900000,0x00000000ff480000)
 ParOldGen       total 64000K, used 8481K [0x00000000f0000000, 0x00000000f3e80000, 0x00000000fab00000)
  object space 64000K, 13% used [0x00000000f0000000,0x00000000f0848650,0x00000000f3e80000)
 Metaspace       used 30816K, capacity 31434K, committed 31744K, reserved 1077248K
  class space    used 4304K, capacity 4522K, committed 4608K, reserved 1048576K
}
Event: 10.480 GC heap before
{Heap before GC invocations=10 (full 1):
 PSYoungGen      total 73728K, used 36322K [0x00000000fab00000, 0x0000000100000000, 0x0000000100000000)
  eden space 63488K, 41% used [0x00000000fab00000,0x00000000fc47ceb8,0x00000000fe900000)
  from space 10240K, 99% used [0x00000000ff600000,0x00000000ffffbaf8,0x0000000100000000)
  to   space 11776K, 0% used [0x00000000fe900000,0x00000000fe900000,0x00000000ff480000)
 ParOldGen       total 64000K, used 8481K [0x00000000f0000000, 0x00000000f3e80000, 0x00000000fab00000)
  object space 64000K, 13% used [0x00000000f0000000,0x00000000f0848650,0x00000000f3e80000)
 Metaspace       used 34596K, capacity 35366K, committed 35416K, reserved 1079296K
  class space    used 4818K, capacity 5092K, committed 5120K, reserved 1048576K
Event: 10.506 GC heap after
Heap after GC invocations=10 (full 1):
 PSYoungGen      total 74752K, used 11154K [0x00000000fab00000, 0x0000000100000000, 0x0000000100000000)
  eden space 63488K, 0% used [0x00000000fab00000,0x00000000fab00000,0x00000000fe900000)
  from space 11264K, 99% used [0x00000000fe900000,0x00000000ff3e4a28,0x00000000ff400000)
  to   space 12288K, 0% used [0x00000000ff400000,0x00000000ff400000,0x0000000100000000)
 ParOldGen       total 64000K, used 8489K [0x00000000f0000000, 0x00000000f3e80000, 0x00000000fab00000)
  object space 64000K, 13% used [0x00000000f0000000,0x00000000f084a650,0x00000000f3e80000)
 Metaspace       used 34596K, capacity 35366K, committed 35416K, reserved 1079296K
  class space    used 4818K, capacity 5092K, committed 5120K, reserved 1048576K
}
Event: 10.506 GC heap before
{Heap before GC invocations=11 (full 2):
 PSYoungGen      total 74752K, used 11154K [0x00000000fab00000, 0x0000000100000000, 0x0000000100000000)
  eden space 63488K, 0% used [0x00000000fab00000,0x00000000fab00000,0x00000000fe900000)
  from space 11264K, 99% used [0x00000000fe900000,0x00000000ff3e4a28,0x00000000ff400000)
  to   space 12288K, 0% used [0x00000000ff400000,0x00000000ff400000,0x0000000100000000)
 ParOldGen       total 64000K, used 8489K [0x00000000f0000000, 0x00000000f3e80000, 0x00000000fab00000)
  object space 64000K, 13% used [0x00000000f0000000,0x00000000f084a650,0x00000000f3e80000)
 Metaspace       used 34596K, capacity 35366K, committed 35416K, reserved 1079296K
  class space    used 4818K, capacity 5092K, committed 5120K, reserved 1048576K
Event: 10.597 GC heap after
Heap after GC invocations=11 (full 2):
 PSYoungGen      total 74752K, used 0K [0x00000000fab00000, 0x0000000100000000, 0x0000000100000000)
  eden space 63488K, 0% used [0x00000000fab00000,0x00000000fab00000,0x00000000fe900000)
  from space 11264K, 0% used [0x00000000fe900000,0x00000000fe900000,0x00000000ff400000)
  to   space 12288K, 0% used [0x00000000ff400000,0x00000000ff400000,0x0000000100000000)
 ParOldGen       total 102400K, used 17441K [0x00000000f0000000, 0x00000000f6400000, 0x00000000fab00000)
  object space 102400K, 17% used [0x00000000f0000000,0x00000000f11086f0,0x00000000f6400000)
 Metaspace       used 34596K, capacity 35366K, committed 35416K, reserved 1079296K
  class space    used 4818K, capacity 5092K, committed 5120K, reserved 1048576K
}
Event: 11.478 GC heap before
{Heap before GC invocations=12 (full 2):
 PSYoungGen      total 74752K, used 63488K [0x00000000fab00000, 0x0000000100000000, 0x0000000100000000)
  eden space 63488K, 100% used [0x00000000fab00000,0x00000000fe900000,0x00000000fe900000)
  from space 11264K, 0% used [0x00000000fe900000,0x00000000fe900000,0x00000000ff400000)
  to   space 12288K, 0% used [0x00000000ff400000,0x00000000ff400000,0x0000000100000000)
 ParOldGen       total 102400K, used 17441K [0x00000000f0000000, 0x00000000f6400000, 0x00000000fab00000)
  object space 102400K, 17% used [0x00000000f0000000,0x00000000f11086f0,0x00000000f6400000)
 Metaspace       used 38884K, capacity 39692K, committed 39936K, reserved 1083392K
  class space    used 5305K, capacity 5595K, committed 5632K, reserved 1048576K
Event: 11.484 GC heap after
Heap after GC invocations=12 (full 2):
 PSYoungGen      total 74752K, used 5957K [0x00000000fab00000, 0x0000000100000000, 0x0000000100000000)
  eden space 62464K, 0% used [0x00000000fab00000,0x00000000fab00000,0x00000000fe800000)
  from space 12288K, 48% used [0x00000000ff400000,0x00000000ff9d14e0,0x0000000100000000)
  to   space 12288K, 0% used [0x00000000fe800000,0x00000000fe800000,0x00000000ff400000)
 ParOldGen       total 102400K, used 17449K [0x00000000f0000000, 0x00000000f6400000, 0x00000000fab00000)
  object space 102400K, 17% used [0x00000000f0000000,0x00000000f110a6f0,0x00000000f6400000)
 Metaspace       used 38884K, capacity 39692K, committed 39936K, reserved 1083392K
  class space    used 5305K, capacity 5595K, committed 5632K, reserved 1048576K
}
Event: 12.371 GC heap before
{Heap before GC invocations=13 (full 2):
 PSYoungGen      total 74752K, used 68421K [0x00000000fab00000, 0x0000000100000000, 0x0000000100000000)
  eden space 62464K, 100% used [0x00000000fab00000,0x00000000fe800000,0x00000000fe800000)
  from space 12288K, 48% used [0x00000000ff400000,0x00000000ff9d14e0,0x0000000100000000)
  to   space 12288K, 0% used [0x00000000fe800000,0x00000000fe800000,0x00000000ff400000)
 ParOldGen       total 102400K, used 17449K [0x00000000f0000000, 0x00000000f6400000, 0x00000000fab00000)
  object space 102400K, 17% used [0x00000000f0000000,0x00000000f110a6f0,0x00000000f6400000)
 Metaspace       used 43063K, capacity 44086K, committed 44416K, reserved 1087488K
  class space    used 5857K, capacity 6169K, committed 6272K, reserved 1048576K
Event: 12.380 GC heap after
Heap after GC invocations=13 (full 2):
 PSYoungGen      total 74240K, used 11618K [0x00000000fab00000, 0x0000000100000000, 0x0000000100000000)
  eden space 62464K, 0% used [0x00000000fab00000,0x00000000fab00000,0x00000000fe800000)
  from space 11776K, 98% used [0x00000000fe800000,0x00000000ff358a40,0x00000000ff380000)
  to   space 12800K, 0% used [0x00000000ff380000,0x00000000ff380000,0x0000000100000000)
 ParOldGen       total 102400K, used 17457K [0x00000000f0000000, 0x00000000f6400000, 0x00000000fab00000)
  object space 102400K, 17% used [0x00000000f0000000,0x00000000f110c6f0,0x00000000f6400000)
 Metaspace       used 43063K, capacity 44086K, committed 44416K, reserved 1087488K
  class space    used 5857K, capacity 6169K, committed 6272K, reserved 1048576K
}

Deoptimization events (10 events):
Event: 11.834 Thread 0x000000001b0b3000 Uncommon trap: reason=class_check action=maybe_recompile pc=0x00000000053aa5b0 method=com.google.common.collect.NaturalOrdering.compare(Ljava/lang/Object;Ljava/lang/Object;)I @ 2
Event: 11.866 Thread 0x000000001b0b3000 Uncommon trap: reason=unstable_if action=reinterpret pc=0x000000000503a78c method=org.objectweb.asm.ByteVector.putUTF8(Ljava/lang/String;)Lorg/objectweb/asm/ByteVector; @ 91
Event: 11.868 Thread 0x000000001b0b3000 Uncommon trap: reason=unstable_if action=reinterpret pc=0x0000000004f77c74 method=org.objectweb.asm.ByteVector.putUTF8(Ljava/lang/String;)Lorg/objectweb/asm/ByteVector; @ 91
Event: 11.887 Thread 0x000000001b0b3000 Uncommon trap: reason=unstable_if action=reinterpret pc=0x0000000004f60604 method=java.lang.String.lastIndexOf([CII[CIII)I @ 17
Event: 11.888 Thread 0x000000001b0b3000 Uncommon trap: reason=unstable_if action=reinterpret pc=0x000000000504748c method=sun.net.www.protocol.jar.Handler.parseURL(Ljava/net/URL;Ljava/lang/String;II)V @ 94
Event: 12.512 Thread 0x000000001b0b3000 Uncommon trap: reason=bimorphic action=maybe_recompile pc=0x00000000055281fc method=java.util.AbstractList$Itr.next()Ljava/lang/Object; @ 14
Event: 12.513 Thread 0x000000001b0b3000 Uncommon trap: reason=bimorphic action=maybe_recompile pc=0x00000000055281fc method=java.util.AbstractList$Itr.next()Ljava/lang/Object; @ 14
Event: 12.514 Thread 0x000000001b0b3000 Uncommon trap: reason=bimorphic action=maybe_recompile pc=0x00000000055281fc method=java.util.AbstractList$Itr.next()Ljava/lang/Object; @ 14
Event: 12.514 Thread 0x000000001b0b3000 Uncommon trap: reason=bimorphic action=maybe_recompile pc=0x00000000055281fc method=java.util.AbstractList$Itr.next()Ljava/lang/Object; @ 14
Event: 12.626 Thread 0x000000001b0b3000 Uncommon trap: reason=unstable_if action=reinterpret pc=0x0000000004d7a33c method=sun.misc.MetaIndex.mayContain(Ljava/lang/String;)Z @ 38

Classes redefined (0 events):
No events

Internal exceptions (10 events):
Event: 12.336 Thread 0x000000001b0b3000 Exception <a 'sun/nio/fs/WindowsException'> (0x00000000fe640ba8) thrown at [D:\src\AOSP-openjdk-cygwin\jdk8u\hotspot\src\share\vm\prims\jni.cpp, line 709]
Event: 12.336 Thread 0x000000001b0b3000 Exception <a 'sun/nio/fs/WindowsException'> (0x00000000fe641728) thrown at [D:\src\AOSP-openjdk-cygwin\jdk8u\hotspot\src\share\vm\prims\jni.cpp, line 709]
Event: 12.336 Thread 0x000000001b0b3000 Exception <a 'sun/nio/fs/WindowsException'> (0x00000000fe6432f0) thrown at [D:\src\AOSP-openjdk-cygwin\jdk8u\hotspot\src\share\vm\prims\jni.cpp, line 709]
Event: 12.336 Thread 0x000000001b0b3000 Exception <a 'sun/nio/fs/WindowsException'> (0x00000000fe643ea8) thrown at [D:\src\AOSP-openjdk-cygwin\jdk8u\hotspot\src\share\vm\prims\jni.cpp, line 709]
Event: 12.338 Thread 0x000000001b0b3000 Exception <a 'sun/nio/fs/WindowsException'> (0x00000000fe647f50) thrown at [D:\src\AOSP-openjdk-cygwin\jdk8u\hotspot\src\share\vm\prims\jni.cpp, line 709]
Event: 12.338 Thread 0x000000001b0b3000 Exception <a 'sun/nio/fs/WindowsException'> (0x00000000fe648a90) thrown at [D:\src\AOSP-openjdk-cygwin\jdk8u\hotspot\src\share\vm\prims\jni.cpp, line 709]
Event: 12.338 Thread 0x000000001b0b3000 Exception <a 'sun/nio/fs/WindowsException'> (0x00000000fe64a670) thrown at [D:\src\AOSP-openjdk-cygwin\jdk8u\hotspot\src\share\vm\prims\jni.cpp, line 709]
Event: 12.338 Thread 0x000000001b0b3000 Exception <a 'sun/nio/fs/WindowsException'> (0x00000000fe64b1f0) thrown at [D:\src\AOSP-openjdk-cygwin\jdk8u\hotspot\src\share\vm\prims\jni.cpp, line 709]
Event: 12.351 Thread 0x000000001b0b3000 Exception <a 'java/lang/ClassNotFoundException': com/sun/org/glassfish/hk2/osgiresourcelocator/ServiceLoader> (0x00000000fe6a8ec0) thrown at [D:\src\AOSP-openjdk-cygwin\jdk8u\hotspot\src\share\vm\classfile\systemDictionary.cpp, line 210]
Event: 12.414 Thread 0x000000001b0b3000 Exception <a 'java/lang/NullPointerException'> (0x00000000fae7b500) thrown at [D:\src\AOSP-openjdk-cygwin\jdk8u\hotspot\src\share\vm\interpreter\linkResolver.cpp, line 1301]

Events (10 events):
Event: 12.621 loading class com/sun/xml/bind/v2/runtime/reflect/opt/AccessorInjector done
Event: 12.622 loading class com/sun/xml/bind/v2/runtime/reflect/opt/SecureLoader
Event: 12.622 loading class com/sun/xml/bind/v2/runtime/reflect/opt/SecureLoader done
Event: 12.623 loading class com/sun/xml/bind/v2/runtime/reflect/opt/Injector
Event: 12.623 loading class com/sun/xml/bind/v2/runtime/reflect/opt/Injector done
Event: 12.625 loading class com/sun/xml/bind/v2/runtime/reflect/opt/Injector$1
Event: 12.625 loading class com/sun/xml/bind/v2/runtime/reflect/opt/Injector$1 done
Event: 12.626 Thread 0x000000001b0b3000 Uncommon trap: trap_request=0xffffff65 fr.pc=0x0000000004d7a33c
Event: 12.626 Thread 0x000000001b0b3000 DEOPT PACKING pc=0x0000000004d7a33c sp=0x000000001c819fb0
Event: 12.626 Thread 0x000000001b0b3000 DEOPT UNPACKING pc=0x000000000461557b sp=0x000000001c819ee0 mode 2


Dynamic libraries:
0x00007ff710c40000 - 0x00007ff710c71000 	C:\Program Files\Android\Android Studio1\jre\bin\java.exe
0x00007ffa97a50000 - 0x00007ffa97c30000 	C:\WINDOWS\SYSTEM32\ntdll.dll
0x00007ffa96320000 - 0x00007ffa963ce000 	C:\WINDOWS\System32\KERNEL32.DLL
0x00007ffa94740000 - 0x00007ffa949a6000 	C:\WINDOWS\System32\KERNELBASE.dll
0x00007ffa96270000 - 0x00007ffa96311000 	C:\WINDOWS\System32\ADVAPI32.dll
0x00007ffa963d0000 - 0x00007ffa9646d000 	C:\WINDOWS\System32\msvcrt.dll
0x00007ffa95e30000 - 0x00007ffa95e8b000 	C:\WINDOWS\System32\sechost.dll
0x00007ffa95690000 - 0x00007ffa957af000 	C:\WINDOWS\System32\RPCRT4.dll
0x00007ffa957c0000 - 0x00007ffa9594f000 	C:\WINDOWS\System32\USER32.dll
0x00007ffa93fd0000 - 0x00007ffa93ff0000 	C:\WINDOWS\System32\win32u.dll
0x00007ffa95e90000 - 0x00007ffa95eb8000 	C:\WINDOWS\System32\GDI32.dll
0x00007ffa94b80000 - 0x00007ffa94d13000 	C:\WINDOWS\System32\gdi32full.dll
0x00007ffa94d20000 - 0x00007ffa94dbb000 	C:\WINDOWS\System32\msvcp_win.dll
0x00007ffa93e50000 - 0x00007ffa93f46000 	C:\WINDOWS\System32\ucrtbase.dll
0x00007ffa8a170000 - 0x00007ffa8a3d9000 	C:\WINDOWS\WinSxS\amd64_microsoft.windows.common-controls_6595b64144ccf1df_6.0.16299.431_none_15c7d3ee93659e73\COMCTL32.dll
0x00007ffa95f60000 - 0x00007ffa96268000 	C:\WINDOWS\System32\combase.dll
0x00007ffa93f50000 - 0x00007ffa93fc2000 	C:\WINDOWS\System32\bcryptPrimitives.dll
0x00007ffa95030000 - 0x00007ffa9505d000 	C:\WINDOWS\System32\IMM32.DLL
0x000000005aed0000 - 0x000000005afa2000 	C:\Program Files\Android\Android Studio1\jre\jre\bin\msvcr100.dll
0x000000005b090000 - 0x000000005b8cf000 	C:\Program Files\Android\Android Studio1\jre\jre\bin\server\jvm.dll
0x00007ffa95af0000 - 0x00007ffa95af8000 	C:\WINDOWS\System32\PSAPI.DLL
0x00007ffa91d50000 - 0x00007ffa91d73000 	C:\WINDOWS\SYSTEM32\WINMM.dll
0x00007ffa92190000 - 0x00007ffa92199000 	C:\WINDOWS\SYSTEM32\WSOCK32.dll
0x00007ffa8eed0000 - 0x00007ffa8eeda000 	C:\WINDOWS\SYSTEM32\VERSION.dll
0x00007ffa95be0000 - 0x00007ffa95c4c000 	C:\WINDOWS\System32\WS2_32.dll
0x00007ffa91bd0000 - 0x00007ffa91bfa000 	C:\WINDOWS\SYSTEM32\WINMMBASE.dll
0x00007ffa94e70000 - 0x00007ffa94eba000 	C:\WINDOWS\System32\cfgmgr32.dll
0x00007ffa90dc0000 - 0x00007ffa90dcf000 	C:\Program Files\Android\Android Studio1\jre\jre\bin\verify.dll
0x00007ffa89e00000 - 0x00007ffa89e29000 	C:\Program Files\Android\Android Studio1\jre\jre\bin\java.dll
0x00007ffa90570000 - 0x00007ffa90586000 	C:\Program Files\Android\Android Studio1\jre\jre\bin\zip.dll
0x00007ffa965e0000 - 0x00007ffa97a18000 	C:\WINDOWS\System32\SHELL32.dll
0x00007ffa94f20000 - 0x00007ffa94fc6000 	C:\WINDOWS\System32\shcore.dll
0x00007ffa93ff0000 - 0x00007ffa94737000 	C:\WINDOWS\System32\windows.storage.dll
0x00007ffa954c0000 - 0x00007ffa95511000 	C:\WINDOWS\System32\shlwapi.dll
0x00007ffa93e10000 - 0x00007ffa93e21000 	C:\WINDOWS\System32\kernel.appcore.dll
0x00007ffa93da0000 - 0x00007ffa93dec000 	C:\WINDOWS\System32\powrprof.dll
0x00007ffa93e30000 - 0x00007ffa93e4b000 	C:\WINDOWS\System32\profapi.dll
0x00007ffa8fe50000 - 0x00007ffa8fe6a000 	C:\Program Files\Android\Android Studio1\jre\jre\bin\net.dll
0x00007ffa93630000 - 0x00007ffa93696000 	C:\WINDOWS\system32\mswsock.dll
0x00007ffa89de0000 - 0x00007ffa89df1000 	C:\Program Files\Android\Android Studio1\jre\jre\bin\nio.dll
0x00007ffa8df50000 - 0x00007ffa8df6e000 	C:\Users\Andria\.gradle\native\25\windows-amd64\native-platform.dll
0x00007ffa90ca0000 - 0x00007ffa90cad000 	C:\Program Files\Android\Android Studio1\jre\jre\bin\management.dll
0x00007ffa937f0000 - 0x00007ffa93807000 	C:\WINDOWS\SYSTEM32\CRYPTSP.dll
0x00007ffa93230000 - 0x00007ffa93263000 	C:\WINDOWS\system32\rsaenh.dll
0x00007ffa93900000 - 0x00007ffa93925000 	C:\WINDOWS\SYSTEM32\bcrypt.dll
0x00007ffa93cd0000 - 0x00007ffa93cf9000 	C:\WINDOWS\SYSTEM32\USERENV.dll
0x00007ffa93810000 - 0x00007ffa9381b000 	C:\WINDOWS\SYSTEM32\CRYPTBASE.dll
0x00007ffa933c0000 - 0x00007ffa933f9000 	C:\WINDOWS\SYSTEM32\IPHLPAPI.DLL
0x00007ffa954b0000 - 0x00007ffa954b8000 	C:\WINDOWS\System32\NSI.dll
0x00007ffa8ec00000 - 0x00007ffa8ec16000 	C:\WINDOWS\SYSTEM32\dhcpcsvc6.DLL
0x00007ffa8ed10000 - 0x00007ffa8ed2a000 	C:\WINDOWS\SYSTEM32\dhcpcsvc.DLL

VM Arguments:
jvm_args: -XX:MaxHeapSize=256m -Xmx256m -Dfile.encoding=windows-1252 -Duser.country=GB -Duser.language=en -Duser.variant 
java_command: org.gradle.launcher.daemon.bootstrap.GradleDaemon 4.4
java_class_path (initial): C:\Users\Andria\.gradle\wrapper\dists\gradle-4.4-all\9br9xq1tocpiv8o6njlyu5op1\gradle-4.4\lib\gradle-launcher-4.4.jar
Launcher Type: SUN_STANDARD

Environment Variables:
PATH=C:\Program Files (x86)\Common Files\Oracle\Java\javapath;C:\Program Files\Haskell\bin;C:\Program Files\Haskell Platform\8.2.1\lib\extralibs\bin;C:\Program Files\Haskell Platform\8.2.1\bin;C:\ProgramData\Oracle\Java\javapath;C:\WINDOWS\system32;C:\WINDOWS;C:\WINDOWS\System32\Wbem;C:\WINDOWS\System32\WindowsPowerShell\v1.0\;C:\Program Files (x86)\ATI Technologies\ATI.ACE\Core-Static;C:\Program Files (x86)\NVIDIA Corporation\PhysX\Common;C:\Program Files\Haskell Platform\8.2.1\mingw\bin;C:\WINDOWS\system32;C:\WINDOWS;C:\WINDOWS\System32\Wbem;C:\WINDOWS\System32\WindowsPowerShell\v1.0\;C:\Users\Andria\AppData\Roaming\cabal\bin;C:\Users\Andria\AppData\Roaming\local\bin;C:\Users\Andria\AppData\Local\Microsoft\WindowsApps;C:\Users\Andria\AppData\Local\GitHubDesktop\bin
USERNAME=Andria
OS=Windows_NT
PROCESSOR_IDENTIFIER=AMD64 Family 23 Model 1 Stepping 1, AuthenticAMD



---------------  S Y S T E M  ---------------

OS: Windows 10.0 , 64 bit Build 16299 (10.0.16299.431)

CPU:total 16 (initial active 16) (16 cores per cpu, 1 threads per core) family 23 model 1 stepping 1, cmov, cx8, fxsr, mmx, sse, sse2, sse3, ssse3, sse4.1, sse4.2, popcnt, avx, avx2, aes, clmul, mmxext, 3dnowpref, lzcnt, sse4a, tsc, tscinvbit, tscinv, bmi1

Memory: 4k page, physical 8315436k(1713244k free), swap 8315436k(7580k free)

vm_info: OpenJDK 64-Bit Server VM (25.152-b02) for windows-amd64 JRE (1.8.0_152-release-1024-b02), built by "builder" with MS VC++ 10.0 (VS2010)

time: Sat Jun 02 19:11:48 2018
elapsed time: 12 seconds (0d 0h 0m 12s)

